k8s_install-cni_calico-node-v74wg_kube-system_e01488bc-7595-11e8-b33c-0242ac110005_1
2018-06-28T16:43:38.631338595Z Installing any TLS assets from /calico-secrets
2018-06-28T16:43:38.698123873Z Wrote Calico CNI binaries to /host/opt/cni/bin
2018-06-28T16:43:38.812725233Z CNI plugin version: v2.0.0
2018-06-28T16:43:38.812744850Z /host/secondary-bin-dir is non-writeable, skipping
2018-06-28T16:43:38.825364805Z CNI config: {
2018-06-28T16:43:38.825380049Z     "cniVersion": "0.3.1",
2018-06-28T16:43:38.825387190Z     "name": "k8s-pod-network",
2018-06-28T16:43:38.825393119Z     "plugins": [
2018-06-28T16:43:38.825398604Z     {
2018-06-28T16:43:38.825404315Z             "type": "calico",
2018-06-28T16:43:38.825410272Z             "etcd_endpoints": "https://proxy.local:12378",
2018-06-28T16:43:38.825416382Z             "etcd_key_file": "/var/lib/docker/ucp/ucp-node-certs/key.pem",
2018-06-28T16:43:38.825423824Z             "etcd_cert_file": "/var/lib/docker/ucp/ucp-node-certs/cert.pem",
2018-06-28T16:43:38.825430055Z             "etcd_ca_cert_file": "/var/lib/docker/ucp/ucp-node-certs/ca.pem",
2018-06-28T16:43:38.825436172Z             "log_level": "info",
2018-06-28T16:43:38.825442033Z             "mtu": 1500,
2018-06-28T16:43:38.825447894Z             
2018-06-28T16:43:38.825453153Z             "ipam": {
2018-06-28T16:43:38.825458908Z                 "type": "calico-ipam"
2018-06-28T16:43:38.825464768Z             },
2018-06-28T16:43:38.825470081Z             
2018-06-28T16:43:38.825475630Z             "kubernetes": {
2018-06-28T16:43:38.825481630Z                 "kubeconfig": "/var/lib/docker/ucp/ucp-node-certs/kubeconfig"
2018-06-28T16:43:38.825504391Z             },
2018-06-28T16:43:38.825511791Z             "policy": {
2018-06-28T16:43:38.825517793Z                 "type": "k8s"
2018-06-28T16:43:38.825523783Z             }
2018-06-28T16:43:38.825529462Z         },
2018-06-28T16:43:38.825535434Z        	{
2018-06-28T16:43:38.825541478Z             "type": "portmap",
2018-06-28T16:43:38.825547345Z             "snat": true,
2018-06-28T16:43:38.825552948Z             "capabilities": {"portMappings": true}
2018-06-28T16:43:38.825559109Z        	}
2018-06-28T16:43:38.825564737Z     ]
2018-06-28T16:43:38.825570297Z }
2018-06-28T16:43:38.828447662Z Created CNI config 10-calico.conflist
2018-06-28T16:43:38.828462846Z Done configuring CNI.  Sleep=true
