k8s_calico-kube-controllers_calico-kube-controllers-54f4d75698-mxpdh_kube-system_e16a90db-7595-11e8-b33c-0242ac110005_1
2018-06-28T16:43:35.041976944Z 2018-06-28 16:43:35.040 [INFO][1] main.go 69: Loaded configuration from environment config=&config.Config{LogLevel:"info", ReconcilerPeriod:"5m", CompactionPeriod:"10m", EnabledControllers:"node,policy,profile,workloadendpoint", WorkloadEndpointWorkers:1, ProfileWorkers:1, PolicyWorkers:1, NodeWorkers:1, Kubeconfig:""}
2018-06-28T16:43:35.096813150Z 2018-06-28 16:43:35.093 [INFO][1] main.go 90: Ensuring Calico datastore is initialized
2018-06-28T16:43:35.101443543Z 2018-06-28 16:43:35.100 [INFO][1] node_controller.go 146: Starting Node controller
2018-06-28T16:43:35.101461375Z 2018-06-28 16:43:35.100 [INFO][1] policy_controller.go 146: Starting NetworkPolicy controller
2018-06-28T16:43:35.101469532Z 2018-06-28 16:43:35.101 [INFO][1] namespace_controller.go 154: Starting Namespace/Profile controller
2018-06-28T16:43:35.145871829Z 2018-06-28 16:43:35.107 [INFO][1] pod_controller.go 198: Starting Pod/WorkloadEndpoint controller
2018-06-28T16:43:35.381392748Z 2018-06-28 16:43:35.342 [INFO][1] main.go 141: Starting periodic etcdv3 compaction period=10m0s
2018-06-28T16:43:38.013665959Z 2018-06-28 16:43:37.985 [INFO][1] node_controller.go 169: Node controller is now running
2018-06-28T16:43:38.208263652Z 2018-06-28 16:43:38.152 [INFO][1] policy_controller.go 166: NetworkPolicy controller is now running
2018-06-28T16:43:38.208286166Z 2018-06-28 16:43:38.152 [INFO][1] namespace_controller.go 170: Namespace/Profile controller is now running
2018-06-28T16:43:38.208294183Z 2018-06-28 16:43:38.170 [WARNING][1] cache.go 278: Value for key has changed, queueing update to reprogram key="kns.ingress-nginx" type=v3.Profile
2018-06-28T16:43:38.208300899Z 2018-06-28 16:43:38.170 [WARNING][1] cache.go 278: Value for key has changed, queueing update to reprogram key="kns.kube-public" type=v3.Profile
2018-06-28T16:43:38.208308067Z 2018-06-28 16:43:38.170 [WARNING][1] cache.go 278: Value for key has changed, queueing update to reprogram key="kns.kube-system" type=v3.Profile
2018-06-28T16:43:38.208314340Z 2018-06-28 16:43:38.170 [INFO][1] namespace_controller.go 223: Create/Update Profile in Calico datastore key="kns.ingress-nginx"
2018-06-28T16:43:38.208321337Z 2018-06-28 16:43:38.170 [WARNING][1] cache.go 278: Value for key has changed, queueing update to reprogram key="kns.default" type=v3.Profile
2018-06-28T16:43:38.218639571Z 2018-06-28 16:43:38.217 [INFO][1] namespace_controller.go 246: Update Profile in Calico datastore with resource version  key="kns.ingress-nginx"
2018-06-28T16:43:38.218717635Z 2018-06-28 16:43:38.218 [INFO][1] pod_controller.go 221: Pod/WorkloadEndpoint controller is now running
2018-06-28T16:43:38.240143392Z 2018-06-28 16:43:38.237 [INFO][1] namespace_controller.go 252: Successfully updated profile key="kns.ingress-nginx"
2018-06-28T16:43:38.240161459Z 2018-06-28 16:43:38.238 [INFO][1] namespace_controller.go 223: Create/Update Profile in Calico datastore key="kns.kube-public"
2018-06-28T16:43:38.249444629Z 2018-06-28 16:43:38.247 [INFO][1] namespace_controller.go 246: Update Profile in Calico datastore with resource version  key="kns.kube-public"
2018-06-28T16:43:38.266935432Z 2018-06-28 16:43:38.265 [INFO][1] namespace_controller.go 252: Successfully updated profile key="kns.kube-public"
2018-06-28T16:43:38.266993950Z 2018-06-28 16:43:38.265 [INFO][1] namespace_controller.go 223: Create/Update Profile in Calico datastore key="kns.kube-system"
2018-06-28T16:43:38.274143533Z 2018-06-28 16:43:38.268 [INFO][1] namespace_controller.go 246: Update Profile in Calico datastore with resource version  key="kns.kube-system"
2018-06-28T16:43:38.284930387Z 2018-06-28 16:43:38.279 [INFO][1] namespace_controller.go 252: Successfully updated profile key="kns.kube-system"
2018-06-28T16:43:38.284966180Z 2018-06-28 16:43:38.279 [INFO][1] namespace_controller.go 223: Create/Update Profile in Calico datastore key="kns.default"
2018-06-28T16:43:38.303169988Z 2018-06-28 16:43:38.300 [INFO][1] namespace_controller.go 246: Update Profile in Calico datastore with resource version  key="kns.default"
2018-06-28T16:43:38.321928523Z 2018-06-28 16:43:38.321 [INFO][1] namespace_controller.go 252: Successfully updated profile key="kns.default"
2018-06-28T16:48:38.171924069Z 2018-06-28 16:48:38.171 [WARNING][1] cache.go 278: Value for key has changed, queueing update to reprogram key="kns.default" type=v3.Profile
2018-06-28T16:48:38.172035148Z 2018-06-28 16:48:38.171 [WARNING][1] cache.go 278: Value for key has changed, queueing update to reprogram key="kns.ingress-nginx" type=v3.Profile
2018-06-28T16:48:38.172050057Z 2018-06-28 16:48:38.171 [WARNING][1] cache.go 278: Value for key has changed, queueing update to reprogram key="kns.kube-public" type=v3.Profile
2018-06-28T16:48:38.172100546Z 2018-06-28 16:48:38.171 [INFO][1] namespace_controller.go 223: Create/Update Profile in Calico datastore key="kns.default"
2018-06-28T16:48:38.172233866Z 2018-06-28 16:48:38.172 [WARNING][1] cache.go 278: Value for key has changed, queueing update to reprogram key="kns.kube-system" type=v3.Profile
2018-06-28T16:48:38.173068690Z 2018-06-28 16:48:38.172 [INFO][1] namespace_controller.go 246: Update Profile in Calico datastore with resource version  key="kns.default"
2018-06-28T16:48:38.175361092Z 2018-06-28 16:48:38.175 [INFO][1] namespace_controller.go 252: Successfully updated profile key="kns.default"
2018-06-28T16:48:38.175377163Z 2018-06-28 16:48:38.175 [INFO][1] namespace_controller.go 223: Create/Update Profile in Calico datastore key="kns.ingress-nginx"
2018-06-28T16:48:38.176653564Z 2018-06-28 16:48:38.176 [INFO][1] namespace_controller.go 246: Update Profile in Calico datastore with resource version  key="kns.ingress-nginx"
2018-06-28T16:48:38.177908065Z 2018-06-28 16:48:38.177 [INFO][1] namespace_controller.go 252: Successfully updated profile key="kns.ingress-nginx"
2018-06-28T16:48:38.177921957Z 2018-06-28 16:48:38.177 [INFO][1] namespace_controller.go 223: Create/Update Profile in Calico datastore key="kns.kube-public"
2018-06-28T16:48:38.178820438Z 2018-06-28 16:48:38.178 [INFO][1] namespace_controller.go 246: Update Profile in Calico datastore with resource version  key="kns.kube-public"
2018-06-28T16:48:38.180184764Z 2018-06-28 16:48:38.180 [INFO][1] namespace_controller.go 252: Successfully updated profile key="kns.kube-public"
2018-06-28T16:48:38.180204929Z 2018-06-28 16:48:38.180 [INFO][1] namespace_controller.go 223: Create/Update Profile in Calico datastore key="kns.kube-system"
2018-06-28T16:48:38.181089315Z 2018-06-28 16:48:38.180 [INFO][1] namespace_controller.go 246: Update Profile in Calico datastore with resource version  key="kns.kube-system"
2018-06-28T16:48:38.182456151Z 2018-06-28 16:48:38.182 [INFO][1] namespace_controller.go 252: Successfully updated profile key="kns.kube-system"
2018-06-28T16:53:38.173470340Z 2018-06-28 16:53:38.173 [WARNING][1] cache.go 278: Value for key has changed, queueing update to reprogram key="kns.kube-system" type=v3.Profile
2018-06-28T16:53:38.173498366Z 2018-06-28 16:53:38.173 [WARNING][1] cache.go 278: Value for key has changed, queueing update to reprogram key="kns.default" type=v3.Profile
2018-06-28T16:53:38.173575172Z 2018-06-28 16:53:38.173 [WARNING][1] cache.go 278: Value for key has changed, queueing update to reprogram key="kns.ingress-nginx" type=v3.Profile
2018-06-28T16:53:38.173594940Z 2018-06-28 16:53:38.173 [WARNING][1] cache.go 278: Value for key has changed, queueing update to reprogram key="kns.kube-public" type=v3.Profile
2018-06-28T16:53:38.173604829Z 2018-06-28 16:53:38.173 [INFO][1] namespace_controller.go 223: Create/Update Profile in Calico datastore key="kns.kube-system"
2018-06-28T16:53:38.174569850Z 2018-06-28 16:53:38.174 [INFO][1] namespace_controller.go 246: Update Profile in Calico datastore with resource version  key="kns.kube-system"
2018-06-28T16:53:38.175979312Z 2018-06-28 16:53:38.175 [INFO][1] namespace_controller.go 252: Successfully updated profile key="kns.kube-system"
2018-06-28T16:53:38.175995917Z 2018-06-28 16:53:38.175 [INFO][1] namespace_controller.go 223: Create/Update Profile in Calico datastore key="kns.default"
2018-06-28T16:53:38.177165024Z 2018-06-28 16:53:38.177 [INFO][1] namespace_controller.go 246: Update Profile in Calico datastore with resource version  key="kns.default"
2018-06-28T16:53:38.178849948Z 2018-06-28 16:53:38.178 [INFO][1] namespace_controller.go 252: Successfully updated profile key="kns.default"
2018-06-28T16:53:38.178866550Z 2018-06-28 16:53:38.178 [INFO][1] namespace_controller.go 223: Create/Update Profile in Calico datastore key="kns.ingress-nginx"
2018-06-28T16:53:38.179845309Z 2018-06-28 16:53:38.179 [INFO][1] namespace_controller.go 246: Update Profile in Calico datastore with resource version  key="kns.ingress-nginx"
2018-06-28T16:53:38.181259830Z 2018-06-28 16:53:38.181 [INFO][1] namespace_controller.go 252: Successfully updated profile key="kns.ingress-nginx"
2018-06-28T16:53:38.181276250Z 2018-06-28 16:53:38.181 [INFO][1] namespace_controller.go 223: Create/Update Profile in Calico datastore key="kns.kube-public"
2018-06-28T16:53:38.182355162Z 2018-06-28 16:53:38.182 [INFO][1] namespace_controller.go 246: Update Profile in Calico datastore with resource version  key="kns.kube-public"
2018-06-28T16:53:38.184634313Z 2018-06-28 16:53:38.184 [INFO][1] namespace_controller.go 252: Successfully updated profile key="kns.kube-public"
