k8s_ucp-kubedns_kube-dns-fbf6ff8fb-w5zw8_kube-system_dba6f1dd-7595-11e8-b33c-0242ac110005_2
2018-06-28T16:57:27.487661274Z I0628 16:57:27.469680       1 dns.go:48] version: 1.14.6
2018-06-28T16:57:27.487710401Z I0628 16:57:27.470917       1 server.go:70] Using configuration read from directory: /kube-dns-config with period 10s
2018-06-28T16:57:27.487721403Z I0628 16:57:27.470989       1 server.go:113] FLAG: --alsologtostderr="false"
2018-06-28T16:57:27.487727296Z I0628 16:57:27.471000       1 server.go:113] FLAG: --config-dir="/kube-dns-config"
2018-06-28T16:57:27.487733080Z I0628 16:57:27.471007       1 server.go:113] FLAG: --config-map=""
2018-06-28T16:57:27.487738725Z I0628 16:57:27.471013       1 server.go:113] FLAG: --config-map-namespace="kube-system"
2018-06-28T16:57:27.487744355Z I0628 16:57:27.471018       1 server.go:113] FLAG: --config-period="10s"
2018-06-28T16:57:27.487750020Z I0628 16:57:27.471025       1 server.go:113] FLAG: --dns-bind-address="0.0.0.0"
2018-06-28T16:57:27.487755970Z I0628 16:57:27.471031       1 server.go:113] FLAG: --dns-port="10053"
2018-06-28T16:57:27.487761446Z I0628 16:57:27.471038       1 server.go:113] FLAG: --domain="cluster.local."
2018-06-28T16:57:27.487767031Z I0628 16:57:27.471045       1 server.go:113] FLAG: --federations=""
2018-06-28T16:57:27.487772407Z I0628 16:57:27.471052       1 server.go:113] FLAG: --healthz-port="8081"
2018-06-28T16:57:27.487777913Z I0628 16:57:27.471057       1 server.go:113] FLAG: --initial-sync-timeout="1m0s"
2018-06-28T16:57:27.487783432Z I0628 16:57:27.471062       1 server.go:113] FLAG: --kube-master-url=""
2018-06-28T16:57:27.487788859Z I0628 16:57:27.471069       1 server.go:113] FLAG: --kubecfg-file=""
2018-06-28T16:57:27.487794246Z I0628 16:57:27.471074       1 server.go:113] FLAG: --log-backtrace-at=":0"
2018-06-28T16:57:27.487813130Z I0628 16:57:27.471081       1 server.go:113] FLAG: --log-dir=""
2018-06-28T16:57:27.487818965Z I0628 16:57:27.471087       1 server.go:113] FLAG: --log-flush-frequency="5s"
2018-06-28T16:57:27.487824453Z I0628 16:57:27.471092       1 server.go:113] FLAG: --logtostderr="true"
2018-06-28T16:57:27.487829951Z I0628 16:57:27.471097       1 server.go:113] FLAG: --nameservers=""
2018-06-28T16:57:27.487835451Z I0628 16:57:27.471102       1 server.go:113] FLAG: --stderrthreshold="2"
2018-06-28T16:57:27.487840998Z I0628 16:57:27.471107       1 server.go:113] FLAG: --v="2"
2018-06-28T16:57:27.487846475Z I0628 16:57:27.471112       1 server.go:113] FLAG: --version="false"
2018-06-28T16:57:27.487851993Z I0628 16:57:27.471119       1 server.go:113] FLAG: --vmodule=""
2018-06-28T16:57:27.487857454Z I0628 16:57:27.471223       1 server.go:176] Starting SkyDNS server (0.0.0.0:10053)
2018-06-28T16:57:27.487862987Z I0628 16:57:27.471484       1 server.go:198] Skydns metrics enabled (/metrics:10055)
2018-06-28T16:57:27.487868310Z I0628 16:57:27.471497       1 dns.go:146] Starting endpointsController
2018-06-28T16:57:27.487875035Z I0628 16:57:27.471503       1 dns.go:149] Starting serviceController
2018-06-28T16:57:27.487880440Z I0628 16:57:27.471627       1 logs.go:41] skydns: ready for queries on cluster.local. for tcp://0.0.0.0:10053 [rcache 0]
2018-06-28T16:57:27.487890746Z I0628 16:57:27.471639       1 logs.go:41] skydns: ready for queries on cluster.local. for udp://0.0.0.0:10053 [rcache 0]
2018-06-28T16:57:27.972083393Z I0628 16:57:27.971766       1 dns.go:170] Initialized services and endpoints from apiserver
2018-06-28T16:57:27.972107194Z I0628 16:57:27.971804       1 server.go:129] Setting up Healthz Handler (/readiness)
2018-06-28T16:57:27.972112664Z I0628 16:57:27.971820       1 server.go:134] Setting up cache handler (/cache)
2018-06-28T16:57:27.972116437Z I0628 16:57:27.971827       1 server.go:120] Status HTTP port 8081
k8s_ucp-kubedns_kube-dns-fbf6ff8fb-w5zw8_kube-system_dba6f1dd-7595-11e8-b33c-0242ac110005_2
2018-06-28T16:57:27.487661274Z I0628 16:57:27.469680       1 dns.go:48] version: 1.14.6
2018-06-28T16:57:27.487710401Z I0628 16:57:27.470917       1 server.go:70] Using configuration read from directory: /kube-dns-config with period 10s
2018-06-28T16:57:27.487721403Z I0628 16:57:27.470989       1 server.go:113] FLAG: --alsologtostderr="false"
2018-06-28T16:57:27.487727296Z I0628 16:57:27.471000       1 server.go:113] FLAG: --config-dir="/kube-dns-config"
2018-06-28T16:57:27.487733080Z I0628 16:57:27.471007       1 server.go:113] FLAG: --config-map=""
2018-06-28T16:57:27.487738725Z I0628 16:57:27.471013       1 server.go:113] FLAG: --config-map-namespace="kube-system"
2018-06-28T16:57:27.487744355Z I0628 16:57:27.471018       1 server.go:113] FLAG: --config-period="10s"
2018-06-28T16:57:27.487750020Z I0628 16:57:27.471025       1 server.go:113] FLAG: --dns-bind-address="0.0.0.0"
2018-06-28T16:57:27.487755970Z I0628 16:57:27.471031       1 server.go:113] FLAG: --dns-port="10053"
2018-06-28T16:57:27.487761446Z I0628 16:57:27.471038       1 server.go:113] FLAG: --domain="cluster.local."
2018-06-28T16:57:27.487767031Z I0628 16:57:27.471045       1 server.go:113] FLAG: --federations=""
2018-06-28T16:57:27.487772407Z I0628 16:57:27.471052       1 server.go:113] FLAG: --healthz-port="8081"
2018-06-28T16:57:27.487777913Z I0628 16:57:27.471057       1 server.go:113] FLAG: --initial-sync-timeout="1m0s"
2018-06-28T16:57:27.487783432Z I0628 16:57:27.471062       1 server.go:113] FLAG: --kube-master-url=""
2018-06-28T16:57:27.487788859Z I0628 16:57:27.471069       1 server.go:113] FLAG: --kubecfg-file=""
2018-06-28T16:57:27.487794246Z I0628 16:57:27.471074       1 server.go:113] FLAG: --log-backtrace-at=":0"
2018-06-28T16:57:27.487813130Z I0628 16:57:27.471081       1 server.go:113] FLAG: --log-dir=""
2018-06-28T16:57:27.487818965Z I0628 16:57:27.471087       1 server.go:113] FLAG: --log-flush-frequency="5s"
2018-06-28T16:57:27.487824453Z I0628 16:57:27.471092       1 server.go:113] FLAG: --logtostderr="true"
2018-06-28T16:57:27.487829951Z I0628 16:57:27.471097       1 server.go:113] FLAG: --nameservers=""
2018-06-28T16:57:27.487835451Z I0628 16:57:27.471102       1 server.go:113] FLAG: --stderrthreshold="2"
2018-06-28T16:57:27.487840998Z I0628 16:57:27.471107       1 server.go:113] FLAG: --v="2"
2018-06-28T16:57:27.487846475Z I0628 16:57:27.471112       1 server.go:113] FLAG: --version="false"
2018-06-28T16:57:27.487851993Z I0628 16:57:27.471119       1 server.go:113] FLAG: --vmodule=""
2018-06-28T16:57:27.487857454Z I0628 16:57:27.471223       1 server.go:176] Starting SkyDNS server (0.0.0.0:10053)
2018-06-28T16:57:27.487862987Z I0628 16:57:27.471484       1 server.go:198] Skydns metrics enabled (/metrics:10055)
2018-06-28T16:57:27.487868310Z I0628 16:57:27.471497       1 dns.go:146] Starting endpointsController
2018-06-28T16:57:27.487875035Z I0628 16:57:27.471503       1 dns.go:149] Starting serviceController
2018-06-28T16:57:27.487880440Z I0628 16:57:27.471627       1 logs.go:41] skydns: ready for queries on cluster.local. for tcp://0.0.0.0:10053 [rcache 0]
2018-06-28T16:57:27.487890746Z I0628 16:57:27.471639       1 logs.go:41] skydns: ready for queries on cluster.local. for udp://0.0.0.0:10053 [rcache 0]
2018-06-28T16:57:27.972083393Z I0628 16:57:27.971766       1 dns.go:170] Initialized services and endpoints from apiserver
2018-06-28T16:57:27.972107194Z I0628 16:57:27.971804       1 server.go:129] Setting up Healthz Handler (/readiness)
2018-06-28T16:57:27.972112664Z I0628 16:57:27.971820       1 server.go:134] Setting up cache handler (/cache)
2018-06-28T16:57:27.972116437Z I0628 16:57:27.971827       1 server.go:120] Status HTTP port 8081
