ucp-kube-scheduler
2018-06-22T15:27:29.266132653Z E0622 15:27:29.265770       1 reflector.go:205] k8s.io/kubernetes/vendor/k8s.io/client-go/informers/factory.go:73: Failed to list *v1.ReplicationController: Get https://proxy.local:6444/api/v1/replicationcontrollers?resourceVersion=0: net/http: TLS handshake timeout
2018-06-22T15:27:29.266180385Z E0622 15:27:29.265887       1 reflector.go:205] k8s.io/kubernetes/vendor/k8s.io/client-go/informers/factory.go:73: Failed to list *v1.Service: Get https://proxy.local:6444/api/v1/services?resourceVersion=0: net/http: TLS handshake timeout
2018-06-22T15:27:29.266186592Z E0622 15:27:29.266050       1 reflector.go:205] k8s.io/kubernetes/plugin/cmd/kube-scheduler/app/server.go:103: Failed to list *v1.Pod: Get https://proxy.local:6444/api/v1/pods?fieldSelector=status.phase%21%3DFailed%2Cstatus.phase%21%3DSucceeded&resourceVersion=0: net/http: TLS handshake timeout
2018-06-22T15:27:29.274340540Z E0622 15:27:29.274039       1 reflector.go:205] k8s.io/kubernetes/vendor/k8s.io/client-go/informers/factory.go:73: Failed to list *v1.Node: Get https://proxy.local:6444/api/v1/nodes?resourceVersion=0: net/http: TLS handshake timeout
2018-06-22T15:27:29.274353568Z E0622 15:27:29.274095       1 reflector.go:205] k8s.io/kubernetes/vendor/k8s.io/client-go/informers/factory.go:73: Failed to list *v1.PersistentVolume: Get https://proxy.local:6444/api/v1/persistentvolumes?resourceVersion=0: net/http: TLS handshake timeout
2018-06-22T15:27:29.274359361Z E0622 15:27:29.274253       1 reflector.go:205] k8s.io/kubernetes/vendor/k8s.io/client-go/informers/factory.go:73: Failed to list *v1beta1.StatefulSet: Get https://proxy.local:6444/apis/apps/v1beta1/statefulsets?resourceVersion=0: net/http: TLS handshake timeout
2018-06-22T15:27:29.274592483Z E0622 15:27:29.274450       1 reflector.go:205] k8s.io/kubernetes/vendor/k8s.io/client-go/informers/factory.go:73: Failed to list *v1beta1.ReplicaSet: Get https://proxy.local:6444/apis/extensions/v1beta1/replicasets?resourceVersion=0: net/http: TLS handshake timeout
2018-06-22T15:27:29.275757505Z E0622 15:27:29.275626       1 reflector.go:205] k8s.io/kubernetes/vendor/k8s.io/client-go/informers/factory.go:73: Failed to list *v1.PersistentVolumeClaim: Get https://proxy.local:6444/api/v1/persistentvolumeclaims?resourceVersion=0: net/http: TLS handshake timeout
2018-06-22T15:27:40.267017807Z E0622 15:27:40.266775       1 reflector.go:205] k8s.io/kubernetes/vendor/k8s.io/client-go/informers/factory.go:73: Failed to list *v1.ReplicationController: Get https://proxy.local:6444/api/v1/replicationcontrollers?resourceVersion=0: net/http: TLS handshake timeout
2018-06-22T15:27:40.267873284Z E0622 15:27:40.267742       1 reflector.go:205] k8s.io/kubernetes/vendor/k8s.io/client-go/informers/factory.go:73: Failed to list *v1.Service: Get https://proxy.local:6444/api/v1/services?resourceVersion=0: net/http: TLS handshake timeout
2018-06-22T15:27:40.269024428Z E0622 15:27:40.268846       1 reflector.go:205] k8s.io/kubernetes/plugin/cmd/kube-scheduler/app/server.go:103: Failed to list *v1.Pod: Get https://proxy.local:6444/api/v1/pods?fieldSelector=status.phase%21%3DFailed%2Cstatus.phase%21%3DSucceeded&resourceVersion=0: net/http: TLS handshake timeout
2018-06-22T15:27:40.274950221Z E0622 15:27:40.274707       1 reflector.go:205] k8s.io/kubernetes/vendor/k8s.io/client-go/informers/factory.go:73: Failed to list *v1.Node: Get https://proxy.local:6444/api/v1/nodes?resourceVersion=0: net/http: TLS handshake timeout
2018-06-22T15:27:40.276174635Z E0622 15:27:40.275924       1 reflector.go:205] k8s.io/kubernetes/vendor/k8s.io/client-go/informers/factory.go:73: Failed to list *v1.PersistentVolume: Get https://proxy.local:6444/api/v1/persistentvolumes?resourceVersion=0: net/http: TLS handshake timeout
2018-06-22T15:27:40.277272373Z E0622 15:27:40.277032       1 reflector.go:205] k8s.io/kubernetes/vendor/k8s.io/client-go/informers/factory.go:73: Failed to list *v1beta1.StatefulSet: Get https://proxy.local:6444/apis/apps/v1beta1/statefulsets?resourceVersion=0: net/http: TLS handshake timeout
2018-06-22T15:27:40.278350629Z E0622 15:27:40.278211       1 reflector.go:205] k8s.io/kubernetes/vendor/k8s.io/client-go/informers/factory.go:73: Failed to list *v1beta1.ReplicaSet: Get https://proxy.local:6444/apis/extensions/v1beta1/replicasets?resourceVersion=0: net/http: TLS handshake timeout
2018-06-22T15:27:40.279589133Z E0622 15:27:40.279348       1 reflector.go:205] k8s.io/kubernetes/vendor/k8s.io/client-go/informers/factory.go:73: Failed to list *v1.PersistentVolumeClaim: Get https://proxy.local:6444/api/v1/persistentvolumeclaims?resourceVersion=0: net/http: TLS handshake timeout
2018-06-22T15:27:42.465396386Z I0622 15:27:42.464970       1 controller_utils.go:1041] Waiting for caches to sync for scheduler controller
2018-06-22T15:27:42.565498897Z I0622 15:27:42.565175       1 controller_utils.go:1048] Caches are synced for scheduler controller
2018-06-22T15:27:42.565520464Z I0622 15:27:42.565237       1 leaderelection.go:174] attempting to acquire leader lease...
2018-06-22T15:27:42.586879080Z I0622 15:27:42.585502       1 leaderelection.go:184] successfully acquired lease kube-system/kube-scheduler
2018-06-22T15:27:42.586898981Z I0622 15:27:42.585573       1 event.go:218] Event(v1.ObjectReference{Kind:"Endpoints", Namespace:"kube-system", Name:"kube-scheduler", UID:"1ed6cb6e-7590-11e8-8955-0242ac110012", APIVersion:"v1", ResourceVersion:"98210", FieldPath:""}): type: 'Normal' reason: 'LeaderElection' ip-172-31-9-58.ec2.internal became leader
2018-06-28T16:42:26.907092283Z E0628 16:42:26.903927       1 reflector.go:205] k8s.io/kubernetes/vendor/k8s.io/client-go/informers/factory.go:73: Failed to list *v1.PersistentVolumeClaim: Get https://proxy.local:6444/api/v1/persistentvolumeclaims?resourceVersion=0: EOF
2018-06-28T16:42:26.907259021Z E0628 16:42:26.904641       1 reflector.go:205] k8s.io/kubernetes/vendor/k8s.io/client-go/informers/factory.go:73: Failed to list *v1beta1.ReplicaSet: Get https://proxy.local:6444/apis/extensions/v1beta1/replicasets?resourceVersion=0: EOF
2018-06-28T16:42:26.907271965Z E0628 16:42:26.905327       1 reflector.go:205] k8s.io/kubernetes/plugin/cmd/kube-scheduler/app/server.go:103: Failed to list *v1.Pod: Get https://proxy.local:6444/api/v1/pods?fieldSelector=status.phase%21%3DFailed%2Cstatus.phase%21%3DSucceeded&resourceVersion=0: EOF
2018-06-28T16:42:26.907279279Z E0628 16:42:26.905886       1 reflector.go:205] k8s.io/kubernetes/vendor/k8s.io/client-go/informers/factory.go:73: Failed to list *v1.Node: Get https://proxy.local:6444/api/v1/nodes?resourceVersion=0: EOF
2018-06-28T16:42:26.916022068Z E0628 16:42:26.913181       1 reflector.go:205] k8s.io/kubernetes/vendor/k8s.io/client-go/informers/factory.go:73: Failed to list *v1.ReplicationController: Get https://proxy.local:6444/api/v1/replicationcontrollers?resourceVersion=0: EOF
2018-06-28T16:42:37.905784158Z E0628 16:42:37.905667       1 reflector.go:205] k8s.io/kubernetes/vendor/k8s.io/client-go/informers/factory.go:73: Failed to list *v1.PersistentVolumeClaim: Get https://proxy.local:6444/api/v1/persistentvolumeclaims?resourceVersion=0: net/http: TLS handshake timeout
2018-06-28T16:42:37.912675540Z E0628 16:42:37.912585       1 reflector.go:205] k8s.io/kubernetes/vendor/k8s.io/client-go/informers/factory.go:73: Failed to list *v1beta1.ReplicaSet: Get https://proxy.local:6444/apis/extensions/v1beta1/replicasets?resourceVersion=0: net/http: TLS handshake timeout
2018-06-28T16:42:37.914107563Z E0628 16:42:37.914028       1 reflector.go:205] k8s.io/kubernetes/vendor/k8s.io/client-go/informers/factory.go:73: Failed to list *v1.PersistentVolume: Get https://proxy.local:6444/api/v1/persistentvolumes?resourceVersion=0: net/http: TLS handshake timeout
2018-06-28T16:42:37.918456898Z E0628 16:42:37.918393       1 reflector.go:205] k8s.io/kubernetes/plugin/cmd/kube-scheduler/app/server.go:103: Failed to list *v1.Pod: Get https://proxy.local:6444/api/v1/pods?fieldSelector=status.phase%21%3DFailed%2Cstatus.phase%21%3DSucceeded&resourceVersion=0: net/http: TLS handshake timeout
2018-06-28T16:42:37.920250470Z E0628 16:42:37.920185       1 reflector.go:205] k8s.io/kubernetes/vendor/k8s.io/client-go/informers/factory.go:73: Failed to list *v1.Node: Get https://proxy.local:6444/api/v1/nodes?resourceVersion=0: net/http: TLS handshake timeout
2018-06-28T16:42:37.921834219Z E0628 16:42:37.921774       1 reflector.go:205] k8s.io/kubernetes/vendor/k8s.io/client-go/informers/factory.go:73: Failed to list *v1.ReplicationController: Get https://proxy.local:6444/api/v1/replicationcontrollers?resourceVersion=0: net/http: TLS handshake timeout
2018-06-28T16:42:37.930820576Z E0628 16:42:37.930732       1 reflector.go:205] k8s.io/kubernetes/vendor/k8s.io/client-go/informers/factory.go:73: Failed to list *v1.Service: Get https://proxy.local:6444/api/v1/services?resourceVersion=0: net/http: TLS handshake timeout
2018-06-28T16:42:37.930835764Z E0628 16:42:37.930749       1 reflector.go:205] k8s.io/kubernetes/vendor/k8s.io/client-go/informers/factory.go:73: Failed to list *v1beta1.StatefulSet: Get https://proxy.local:6444/apis/apps/v1beta1/statefulsets?resourceVersion=0: net/http: TLS handshake timeout
2018-06-28T16:42:48.907042962Z E0628 16:42:48.906839       1 reflector.go:205] k8s.io/kubernetes/vendor/k8s.io/client-go/informers/factory.go:73: Failed to list *v1.PersistentVolumeClaim: Get https://proxy.local:6444/api/v1/persistentvolumeclaims?resourceVersion=0: net/http: TLS handshake timeout
2018-06-28T16:42:48.913416663Z E0628 16:42:48.913334       1 reflector.go:205] k8s.io/kubernetes/vendor/k8s.io/client-go/informers/factory.go:73: Failed to list *v1beta1.ReplicaSet: Get https://proxy.local:6444/apis/extensions/v1beta1/replicasets?resourceVersion=0: net/http: TLS handshake timeout
2018-06-28T16:42:48.914812371Z E0628 16:42:48.914728       1 reflector.go:205] k8s.io/kubernetes/vendor/k8s.io/client-go/informers/factory.go:73: Failed to list *v1.PersistentVolume: Get https://proxy.local:6444/api/v1/persistentvolumes?resourceVersion=0: net/http: TLS handshake timeout
2018-06-28T16:42:48.919108729Z E0628 16:42:48.919039       1 reflector.go:205] k8s.io/kubernetes/plugin/cmd/kube-scheduler/app/server.go:103: Failed to list *v1.Pod: Get https://proxy.local:6444/api/v1/pods?fieldSelector=status.phase%21%3DFailed%2Cstatus.phase%21%3DSucceeded&resourceVersion=0: net/http: TLS handshake timeout
2018-06-28T16:42:48.920920664Z E0628 16:42:48.920843       1 reflector.go:205] k8s.io/kubernetes/vendor/k8s.io/client-go/informers/factory.go:73: Failed to list *v1.Node: Get https://proxy.local:6444/api/v1/nodes?resourceVersion=0: net/http: TLS handshake timeout
2018-06-28T16:42:48.922485574Z E0628 16:42:48.922404       1 reflector.go:205] k8s.io/kubernetes/vendor/k8s.io/client-go/informers/factory.go:73: Failed to list *v1.ReplicationController: Get https://proxy.local:6444/api/v1/replicationcontrollers?resourceVersion=0: net/http: TLS handshake timeout
2018-06-28T16:42:48.931537792Z E0628 16:42:48.931448       1 reflector.go:205] k8s.io/kubernetes/vendor/k8s.io/client-go/informers/factory.go:73: Failed to list *v1.Service: Get https://proxy.local:6444/api/v1/services?resourceVersion=0: net/http: TLS handshake timeout
2018-06-28T16:42:48.932593178Z E0628 16:42:48.932520       1 reflector.go:205] k8s.io/kubernetes/vendor/k8s.io/client-go/informers/factory.go:73: Failed to list *v1beta1.StatefulSet: Get https://proxy.local:6444/apis/apps/v1beta1/statefulsets?resourceVersion=0: net/http: TLS handshake timeout
2018-06-28T16:42:59.907756042Z E0628 16:42:59.907648       1 reflector.go:205] k8s.io/kubernetes/vendor/k8s.io/client-go/informers/factory.go:73: Failed to list *v1.PersistentVolumeClaim: Get https://proxy.local:6444/api/v1/persistentvolumeclaims?resourceVersion=0: net/http: TLS handshake timeout
2018-06-28T16:42:59.914147853Z E0628 16:42:59.914043       1 reflector.go:205] k8s.io/kubernetes/vendor/k8s.io/client-go/informers/factory.go:73: Failed to list *v1beta1.ReplicaSet: Get https://proxy.local:6444/apis/extensions/v1beta1/replicasets?resourceVersion=0: net/http: TLS handshake timeout
2018-06-28T16:42:59.915524400Z E0628 16:42:59.915456       1 reflector.go:205] k8s.io/kubernetes/vendor/k8s.io/client-go/informers/factory.go:73: Failed to list *v1.PersistentVolume: Get https://proxy.local:6444/api/v1/persistentvolumes?resourceVersion=0: net/http: TLS handshake timeout
2018-06-28T16:42:59.919806178Z E0628 16:42:59.919728       1 reflector.go:205] k8s.io/kubernetes/plugin/cmd/kube-scheduler/app/server.go:103: Failed to list *v1.Pod: Get https://proxy.local:6444/api/v1/pods?fieldSelector=status.phase%21%3DFailed%2Cstatus.phase%21%3DSucceeded&resourceVersion=0: net/http: TLS handshake timeout
2018-06-28T16:42:59.921557583Z E0628 16:42:59.921482       1 reflector.go:205] k8s.io/kubernetes/vendor/k8s.io/client-go/informers/factory.go:73: Failed to list *v1.Node: Get https://proxy.local:6444/api/v1/nodes?resourceVersion=0: net/http: TLS handshake timeout
2018-06-28T16:42:59.923270191Z E0628 16:42:59.923058       1 reflector.go:205] k8s.io/kubernetes/vendor/k8s.io/client-go/informers/factory.go:73: Failed to list *v1.ReplicationController: Get https://proxy.local:6444/api/v1/replicationcontrollers?resourceVersion=0: net/http: TLS handshake timeout
2018-06-28T16:42:59.932122017Z E0628 16:42:59.932041       1 reflector.go:205] k8s.io/kubernetes/vendor/k8s.io/client-go/informers/factory.go:73: Failed to list *v1.Service: Get https://proxy.local:6444/api/v1/services?resourceVersion=0: net/http: TLS handshake timeout
2018-06-28T16:42:59.933310052Z E0628 16:42:59.933235       1 reflector.go:205] k8s.io/kubernetes/vendor/k8s.io/client-go/informers/factory.go:73: Failed to list *v1beta1.StatefulSet: Get https://proxy.local:6444/apis/apps/v1beta1/statefulsets?resourceVersion=0: net/http: TLS handshake timeout
2018-06-28T16:43:10.908734491Z E0628 16:43:10.908624       1 reflector.go:205] k8s.io/kubernetes/vendor/k8s.io/client-go/informers/factory.go:73: Failed to list *v1.PersistentVolumeClaim: Get https://proxy.local:6444/api/v1/persistentvolumeclaims?resourceVersion=0: net/http: TLS handshake timeout
2018-06-28T16:43:10.914850516Z E0628 16:43:10.914757       1 reflector.go:205] k8s.io/kubernetes/vendor/k8s.io/client-go/informers/factory.go:73: Failed to list *v1beta1.ReplicaSet: Get https://proxy.local:6444/apis/extensions/v1beta1/replicasets?resourceVersion=0: net/http: TLS handshake timeout
2018-06-28T16:43:10.916405268Z E0628 16:43:10.916327       1 reflector.go:205] k8s.io/kubernetes/vendor/k8s.io/client-go/informers/factory.go:73: Failed to list *v1.PersistentVolume: Get https://proxy.local:6444/api/v1/persistentvolumes?resourceVersion=0: net/http: TLS handshake timeout
2018-06-28T16:43:10.920560430Z E0628 16:43:10.920474       1 reflector.go:205] k8s.io/kubernetes/plugin/cmd/kube-scheduler/app/server.go:103: Failed to list *v1.Pod: Get https://proxy.local:6444/api/v1/pods?fieldSelector=status.phase%21%3DFailed%2Cstatus.phase%21%3DSucceeded&resourceVersion=0: net/http: TLS handshake timeout
2018-06-28T16:43:10.922449681Z E0628 16:43:10.922369       1 reflector.go:205] k8s.io/kubernetes/vendor/k8s.io/client-go/informers/factory.go:73: Failed to list *v1.Node: Get https://proxy.local:6444/api/v1/nodes?resourceVersion=0: net/http: TLS handshake timeout
2018-06-28T16:43:10.923782525Z E0628 16:43:10.923706       1 reflector.go:205] k8s.io/kubernetes/vendor/k8s.io/client-go/informers/factory.go:73: Failed to list *v1.ReplicationController: Get https://proxy.local:6444/api/v1/replicationcontrollers?resourceVersion=0: net/http: TLS handshake timeout
2018-06-28T16:43:10.932860108Z E0628 16:43:10.932797       1 reflector.go:205] k8s.io/kubernetes/vendor/k8s.io/client-go/informers/factory.go:73: Failed to list *v1.Service: Get https://proxy.local:6444/api/v1/services?resourceVersion=0: net/http: TLS handshake timeout
2018-06-28T16:43:10.934011455Z E0628 16:43:10.933908       1 reflector.go:205] k8s.io/kubernetes/vendor/k8s.io/client-go/informers/factory.go:73: Failed to list *v1beta1.StatefulSet: Get https://proxy.local:6444/apis/apps/v1beta1/statefulsets?resourceVersion=0: net/http: TLS handshake timeout
2018-06-28T16:43:21.909649991Z E0628 16:43:21.909509       1 reflector.go:205] k8s.io/kubernetes/vendor/k8s.io/client-go/informers/factory.go:73: Failed to list *v1.PersistentVolumeClaim: Get https://proxy.local:6444/api/v1/persistentvolumeclaims?resourceVersion=0: net/http: TLS handshake timeout
2018-06-28T16:43:21.915673909Z E0628 16:43:21.915569       1 reflector.go:205] k8s.io/kubernetes/vendor/k8s.io/client-go/informers/factory.go:73: Failed to list *v1beta1.ReplicaSet: Get https://proxy.local:6444/apis/extensions/v1beta1/replicasets?resourceVersion=0: net/http: TLS handshake timeout
2018-06-28T16:43:21.917123223Z E0628 16:43:21.917027       1 reflector.go:205] k8s.io/kubernetes/vendor/k8s.io/client-go/informers/factory.go:73: Failed to list *v1.PersistentVolume: Get https://proxy.local:6444/api/v1/persistentvolumes?resourceVersion=0: net/http: TLS handshake timeout
2018-06-28T16:43:21.921372168Z E0628 16:43:21.921221       1 reflector.go:205] k8s.io/kubernetes/plugin/cmd/kube-scheduler/app/server.go:103: Failed to list *v1.Pod: Get https://proxy.local:6444/api/v1/pods?fieldSelector=status.phase%21%3DFailed%2Cstatus.phase%21%3DSucceeded&resourceVersion=0: net/http: TLS handshake timeout
2018-06-28T16:43:21.923190985Z E0628 16:43:21.923060       1 reflector.go:205] k8s.io/kubernetes/vendor/k8s.io/client-go/informers/factory.go:73: Failed to list *v1.Node: Get https://proxy.local:6444/api/v1/nodes?resourceVersion=0: net/http: TLS handshake timeout
2018-06-28T16:43:21.924571897Z E0628 16:43:21.924450       1 reflector.go:205] k8s.io/kubernetes/vendor/k8s.io/client-go/informers/factory.go:73: Failed to list *v1.ReplicationController: Get https://proxy.local:6444/api/v1/replicationcontrollers?resourceVersion=0: net/http: TLS handshake timeout
2018-06-28T16:43:21.933600201Z E0628 16:43:21.933519       1 reflector.go:205] k8s.io/kubernetes/vendor/k8s.io/client-go/informers/factory.go:73: Failed to list *v1.Service: Get https://proxy.local:6444/api/v1/services?resourceVersion=0: net/http: TLS handshake timeout
2018-06-28T16:43:21.937665085Z E0628 16:43:21.937598       1 reflector.go:205] k8s.io/kubernetes/vendor/k8s.io/client-go/informers/factory.go:73: Failed to list *v1beta1.StatefulSet: Get https://proxy.local:6444/apis/apps/v1beta1/statefulsets?resourceVersion=0: net/http: TLS handshake timeout
2018-06-28T16:43:32.910560602Z E0628 16:43:32.910447       1 reflector.go:205] k8s.io/kubernetes/vendor/k8s.io/client-go/informers/factory.go:73: Failed to list *v1.PersistentVolumeClaim: Get https://proxy.local:6444/api/v1/persistentvolumeclaims?resourceVersion=0: net/http: TLS handshake timeout
2018-06-28T16:43:32.916355704Z E0628 16:43:32.916288       1 reflector.go:205] k8s.io/kubernetes/vendor/k8s.io/client-go/informers/factory.go:73: Failed to list *v1beta1.ReplicaSet: Get https://proxy.local:6444/apis/extensions/v1beta1/replicasets?resourceVersion=0: net/http: TLS handshake timeout
2018-06-28T16:43:32.917795764Z E0628 16:43:32.917732       1 reflector.go:205] k8s.io/kubernetes/vendor/k8s.io/client-go/informers/factory.go:73: Failed to list *v1.PersistentVolume: Get https://proxy.local:6444/api/v1/persistentvolumes?resourceVersion=0: net/http: TLS handshake timeout
2018-06-28T16:43:32.921972794Z E0628 16:43:32.921908       1 reflector.go:205] k8s.io/kubernetes/plugin/cmd/kube-scheduler/app/server.go:103: Failed to list *v1.Pod: Get https://proxy.local:6444/api/v1/pods?fieldSelector=status.phase%21%3DFailed%2Cstatus.phase%21%3DSucceeded&resourceVersion=0: net/http: TLS handshake timeout
2018-06-28T16:43:32.923804648Z E0628 16:43:32.923727       1 reflector.go:205] k8s.io/kubernetes/vendor/k8s.io/client-go/informers/factory.go:73: Failed to list *v1.Node: Get https://proxy.local:6444/api/v1/nodes?resourceVersion=0: net/http: TLS handshake timeout
2018-06-28T16:43:32.925101986Z E0628 16:43:32.925029       1 reflector.go:205] k8s.io/kubernetes/vendor/k8s.io/client-go/informers/factory.go:73: Failed to list *v1.ReplicationController: Get https://proxy.local:6444/api/v1/replicationcontrollers?resourceVersion=0: net/http: TLS handshake timeout
2018-06-28T16:43:32.934336062Z E0628 16:43:32.934256       1 reflector.go:205] k8s.io/kubernetes/vendor/k8s.io/client-go/informers/factory.go:73: Failed to list *v1.Service: Get https://proxy.local:6444/api/v1/services?resourceVersion=0: net/http: TLS handshake timeout
2018-06-28T16:43:32.938388187Z E0628 16:43:32.938308       1 reflector.go:205] k8s.io/kubernetes/vendor/k8s.io/client-go/informers/factory.go:73: Failed to list *v1beta1.StatefulSet: Get https://proxy.local:6444/apis/apps/v1beta1/statefulsets?resourceVersion=0: net/http: TLS handshake timeout
2018-06-28T16:43:34.586448077Z I0628 16:43:34.586251       1 controller_utils.go:1041] Waiting for caches to sync for scheduler controller
2018-06-28T16:43:34.689479662Z I0628 16:43:34.688149       1 controller_utils.go:1048] Caches are synced for scheduler controller
2018-06-28T16:43:34.689503681Z I0628 16:43:34.688215       1 leaderelection.go:174] attempting to acquire leader lease...
2018-06-28T16:43:34.733039396Z I0628 16:43:34.730815       1 leaderelection.go:184] successfully acquired lease kube-system/kube-scheduler
2018-06-28T16:43:34.733058156Z I0628 16:43:34.731172       1 event.go:218] Event(v1.ObjectReference{Kind:"Endpoints", Namespace:"kube-system", Name:"kube-scheduler", UID:"1ed6cb6e-7590-11e8-8955-0242ac110012", APIVersion:"v1", ResourceVersion:"835270", FieldPath:""}): type: 'Normal' reason: 'LeaderElection' ip-172-31-9-58.ec2.internal became leader
2018-06-28T16:56:31.571914519Z W0628 16:56:31.565101       1 reflector.go:334] k8s.io/kubernetes/vendor/k8s.io/client-go/informers/factory.go:73: watch of *v1beta1.StatefulSet ended with: very short watch: k8s.io/kubernetes/vendor/k8s.io/client-go/informers/factory.go:73: Unexpected watch close - watch lasted less than a second and no items received
2018-06-28T16:56:31.571936574Z W0628 16:56:31.565201       1 reflector.go:334] k8s.io/kubernetes/plugin/cmd/kube-scheduler/app/server.go:103: watch of *v1.Pod ended with: very short watch: k8s.io/kubernetes/plugin/cmd/kube-scheduler/app/server.go:103: Unexpected watch close - watch lasted less than a second and no items received
2018-06-28T16:56:31.571946408Z W0628 16:56:31.565283       1 reflector.go:334] k8s.io/kubernetes/vendor/k8s.io/client-go/informers/factory.go:73: watch of *v1beta1.ReplicaSet ended with: very short watch: k8s.io/kubernetes/vendor/k8s.io/client-go/informers/factory.go:73: Unexpected watch close - watch lasted less than a second and no items received
2018-06-28T16:56:31.571954343Z W0628 16:56:31.565359       1 reflector.go:334] k8s.io/kubernetes/vendor/k8s.io/client-go/informers/factory.go:73: watch of *v1.Service ended with: very short watch: k8s.io/kubernetes/vendor/k8s.io/client-go/informers/factory.go:73: Unexpected watch close - watch lasted less than a second and no items received
2018-06-28T16:56:31.571961839Z W0628 16:56:31.565438       1 reflector.go:334] k8s.io/kubernetes/vendor/k8s.io/client-go/informers/factory.go:73: watch of *v1.PersistentVolume ended with: very short watch: k8s.io/kubernetes/vendor/k8s.io/client-go/informers/factory.go:73: Unexpected watch close - watch lasted less than a second and no items received
2018-06-28T16:56:31.571995645Z W0628 16:56:31.565516       1 reflector.go:334] k8s.io/kubernetes/vendor/k8s.io/client-go/informers/factory.go:73: watch of *v1.PersistentVolumeClaim ended with: very short watch: k8s.io/kubernetes/vendor/k8s.io/client-go/informers/factory.go:73: Unexpected watch close - watch lasted less than a second and no items received
2018-06-28T16:56:31.572004674Z W0628 16:56:31.565596       1 reflector.go:334] k8s.io/kubernetes/vendor/k8s.io/client-go/informers/factory.go:73: watch of *v1.ReplicationController ended with: very short watch: k8s.io/kubernetes/vendor/k8s.io/client-go/informers/factory.go:73: Unexpected watch close - watch lasted less than a second and no items received
2018-06-28T16:56:31.572012577Z W0628 16:56:31.565673       1 reflector.go:334] k8s.io/kubernetes/vendor/k8s.io/client-go/informers/factory.go:73: watch of *v1.Node ended with: very short watch: k8s.io/kubernetes/vendor/k8s.io/client-go/informers/factory.go:73: Unexpected watch close - watch lasted less than a second and no items received
2018-06-28T16:56:50.303491774Z E0628 16:56:50.287341       1 reflector.go:205] k8s.io/kubernetes/vendor/k8s.io/client-go/informers/factory.go:73: Failed to list *v1.PersistentVolume: Get https://proxy.local:6444/api/v1/persistentvolumes?resourceVersion=0: EOF
2018-06-28T16:56:50.303572867Z E0628 16:56:50.287589       1 reflector.go:205] k8s.io/kubernetes/vendor/k8s.io/client-go/informers/factory.go:73: Failed to list *v1.Node: Get https://proxy.local:6444/api/v1/nodes?resourceVersion=0: EOF
2018-06-28T16:56:50.303582217Z E0628 16:56:50.287986       1 reflector.go:205] k8s.io/kubernetes/plugin/cmd/kube-scheduler/app/server.go:103: Failed to list *v1.Pod: Get https://proxy.local:6444/api/v1/pods?fieldSelector=status.phase%21%3DFailed%2Cstatus.phase%21%3DSucceeded&resourceVersion=0: EOF
2018-06-28T16:56:50.303597964Z E0628 16:56:50.297507       1 reflector.go:205] k8s.io/kubernetes/vendor/k8s.io/client-go/informers/factory.go:73: Failed to list *v1.PersistentVolumeClaim: Get https://proxy.local:6444/api/v1/persistentvolumeclaims?resourceVersion=0: EOF
2018-06-28T16:56:50.309915695Z E0628 16:56:50.308057       1 reflector.go:205] k8s.io/kubernetes/vendor/k8s.io/client-go/informers/factory.go:73: Failed to list *v1beta1.StatefulSet: Get https://proxy.local:6444/apis/apps/v1beta1/statefulsets?resourceVersion=0: EOF
2018-06-28T16:57:01.291236857Z E0628 16:57:01.290962       1 reflector.go:205] k8s.io/kubernetes/vendor/k8s.io/client-go/informers/factory.go:73: Failed to list *v1.PersistentVolume: Get https://proxy.local:6444/api/v1/persistentvolumes?resourceVersion=0: net/http: TLS handshake timeout
2018-06-28T16:57:01.301545615Z E0628 16:57:01.301228       1 reflector.go:205] k8s.io/kubernetes/vendor/k8s.io/client-go/informers/factory.go:73: Failed to list *v1.Node: Get https://proxy.local:6444/api/v1/nodes?resourceVersion=0: net/http: TLS handshake timeout
2018-06-28T16:57:01.309190711Z E0628 16:57:01.307734       1 reflector.go:205] k8s.io/kubernetes/vendor/k8s.io/client-go/informers/factory.go:73: Failed to list *v1beta1.ReplicaSet: Get https://proxy.local:6444/apis/extensions/v1beta1/replicasets?resourceVersion=0: net/http: TLS handshake timeout
2018-06-28T16:57:01.309208963Z E0628 16:57:01.307745       1 reflector.go:205] k8s.io/kubernetes/vendor/k8s.io/client-go/informers/factory.go:73: Failed to list *v1.ReplicationController: Get https://proxy.local:6444/api/v1/replicationcontrollers?resourceVersion=0: net/http: TLS handshake timeout
2018-06-28T16:57:01.309224118Z E0628 16:57:01.307866       1 reflector.go:205] k8s.io/kubernetes/vendor/k8s.io/client-go/informers/factory.go:73: Failed to list *v1.PersistentVolumeClaim: Get https://proxy.local:6444/api/v1/persistentvolumeclaims?resourceVersion=0: net/http: TLS handshake timeout
2018-06-28T16:57:01.309238051Z E0628 16:57:01.308000       1 reflector.go:205] k8s.io/kubernetes/vendor/k8s.io/client-go/informers/factory.go:73: Failed to list *v1.Service: Get https://proxy.local:6444/api/v1/services?resourceVersion=0: net/http: TLS handshake timeout
2018-06-28T16:57:01.309243112Z E0628 16:57:01.308128       1 reflector.go:205] k8s.io/kubernetes/plugin/cmd/kube-scheduler/app/server.go:103: Failed to list *v1.Pod: Get https://proxy.local:6444/api/v1/pods?fieldSelector=status.phase%21%3DFailed%2Cstatus.phase%21%3DSucceeded&resourceVersion=0: net/http: TLS handshake timeout
2018-06-28T16:57:01.309765417Z E0628 16:57:01.309627       1 reflector.go:205] k8s.io/kubernetes/vendor/k8s.io/client-go/informers/factory.go:73: Failed to list *v1beta1.StatefulSet: Get https://proxy.local:6444/apis/apps/v1beta1/statefulsets?resourceVersion=0: net/http: TLS handshake timeout
2018-06-28T16:57:12.292056122Z E0628 16:57:12.291778       1 reflector.go:205] k8s.io/kubernetes/vendor/k8s.io/client-go/informers/factory.go:73: Failed to list *v1.PersistentVolume: Get https://proxy.local:6444/api/v1/persistentvolumes?resourceVersion=0: net/http: TLS handshake timeout
2018-06-28T16:57:12.302221043Z E0628 16:57:12.301969       1 reflector.go:205] k8s.io/kubernetes/vendor/k8s.io/client-go/informers/factory.go:73: Failed to list *v1.Node: Get https://proxy.local:6444/api/v1/nodes?resourceVersion=0: net/http: TLS handshake timeout
2018-06-28T16:57:12.308613688Z E0628 16:57:12.308470       1 reflector.go:205] k8s.io/kubernetes/vendor/k8s.io/client-go/informers/factory.go:73: Failed to list *v1beta1.ReplicaSet: Get https://proxy.local:6444/apis/extensions/v1beta1/replicasets?resourceVersion=0: net/http: TLS handshake timeout
2018-06-28T16:57:12.309666089Z E0628 16:57:12.309525       1 reflector.go:205] k8s.io/kubernetes/vendor/k8s.io/client-go/informers/factory.go:73: Failed to list *v1.ReplicationController: Get https://proxy.local:6444/api/v1/replicationcontrollers?resourceVersion=0: net/http: TLS handshake timeout
2018-06-28T16:57:12.310908738Z E0628 16:57:12.310671       1 reflector.go:205] k8s.io/kubernetes/vendor/k8s.io/client-go/informers/factory.go:73: Failed to list *v1.PersistentVolumeClaim: Get https://proxy.local:6444/api/v1/persistentvolumeclaims?resourceVersion=0: net/http: TLS handshake timeout
2018-06-28T16:57:12.311904219Z E0628 16:57:12.311782       1 reflector.go:205] k8s.io/kubernetes/vendor/k8s.io/client-go/informers/factory.go:73: Failed to list *v1.Service: Get https://proxy.local:6444/api/v1/services?resourceVersion=0: net/http: TLS handshake timeout
2018-06-28T16:57:12.312986340Z E0628 16:57:12.312869       1 reflector.go:205] k8s.io/kubernetes/plugin/cmd/kube-scheduler/app/server.go:103: Failed to list *v1.Pod: Get https://proxy.local:6444/api/v1/pods?fieldSelector=status.phase%21%3DFailed%2Cstatus.phase%21%3DSucceeded&resourceVersion=0: net/http: TLS handshake timeout
2018-06-28T16:57:12.314157273Z E0628 16:57:12.313928       1 reflector.go:205] k8s.io/kubernetes/vendor/k8s.io/client-go/informers/factory.go:73: Failed to list *v1beta1.StatefulSet: Get https://proxy.local:6444/apis/apps/v1beta1/statefulsets?resourceVersion=0: net/http: TLS handshake timeout
2018-06-28T16:57:23.293589366Z E0628 16:57:23.293270       1 reflector.go:205] k8s.io/kubernetes/vendor/k8s.io/client-go/informers/factory.go:73: Failed to list *v1.PersistentVolume: Get https://proxy.local:6444/api/v1/persistentvolumes?resourceVersion=0: net/http: TLS handshake timeout
2018-06-28T16:57:23.309469049Z E0628 16:57:23.309250       1 reflector.go:205] k8s.io/kubernetes/vendor/k8s.io/client-go/informers/factory.go:73: Failed to list *v1.Node: Get https://proxy.local:6444/api/v1/nodes?resourceVersion=0: net/http: TLS handshake timeout
2018-06-28T16:57:23.310697911Z E0628 16:57:23.310469       1 reflector.go:205] k8s.io/kubernetes/vendor/k8s.io/client-go/informers/factory.go:73: Failed to list *v1.ReplicationController: Get https://proxy.local:6444/api/v1/replicationcontrollers?resourceVersion=0: net/http: TLS handshake timeout
2018-06-28T16:57:23.310717354Z E0628 16:57:23.310484       1 reflector.go:205] k8s.io/kubernetes/vendor/k8s.io/client-go/informers/factory.go:73: Failed to list *v1beta1.ReplicaSet: Get https://proxy.local:6444/apis/extensions/v1beta1/replicasets?resourceVersion=0: net/http: TLS handshake timeout
2018-06-28T16:57:23.311568347Z E0628 16:57:23.311328       1 reflector.go:205] k8s.io/kubernetes/vendor/k8s.io/client-go/informers/factory.go:73: Failed to list *v1.PersistentVolumeClaim: Get https://proxy.local:6444/api/v1/persistentvolumeclaims?resourceVersion=0: net/http: TLS handshake timeout
2018-06-28T16:57:23.315920120Z E0628 16:57:23.315638       1 reflector.go:205] k8s.io/kubernetes/vendor/k8s.io/client-go/informers/factory.go:73: Failed to list *v1beta1.StatefulSet: Get https://proxy.local:6444/apis/apps/v1beta1/statefulsets?resourceVersion=0: net/http: TLS handshake timeout
2018-06-28T16:57:23.315937153Z E0628 16:57:23.315641       1 reflector.go:205] k8s.io/kubernetes/plugin/cmd/kube-scheduler/app/server.go:103: Failed to list *v1.Pod: Get https://proxy.local:6444/api/v1/pods?fieldSelector=status.phase%21%3DFailed%2Cstatus.phase%21%3DSucceeded&resourceVersion=0: net/http: TLS handshake timeout
2018-06-28T16:57:23.315959966Z E0628 16:57:23.315644       1 reflector.go:205] k8s.io/kubernetes/vendor/k8s.io/client-go/informers/factory.go:73: Failed to list *v1.Service: Get https://proxy.local:6444/api/v1/services?resourceVersion=0: net/http: TLS handshake timeout
2018-06-28T16:57:25.498829785Z I0628 16:57:25.492150       1 controller_utils.go:1041] Waiting for caches to sync for scheduler controller
2018-06-28T16:57:25.592857280Z I0628 16:57:25.592328       1 controller_utils.go:1048] Caches are synced for scheduler controller
2018-06-28T16:57:25.592878692Z I0628 16:57:25.592388       1 leaderelection.go:174] attempting to acquire leader lease...
2018-06-28T16:57:25.606028008Z I0628 16:57:25.605413       1 leaderelection.go:184] successfully acquired lease kube-system/kube-scheduler
2018-06-28T16:57:25.606045354Z I0628 16:57:25.605616       1 event.go:218] Event(v1.ObjectReference{Kind:"Endpoints", Namespace:"kube-system", Name:"kube-scheduler", UID:"1ed6cb6e-7590-11e8-8955-0242ac110012", APIVersion:"v1", ResourceVersion:"836501", FieldPath:""}): type: 'Normal' reason: 'LeaderElection' ip-172-31-9-58.ec2.internal became leader
