ucp-interlock.1.hw3c48jhnd0b24nzsqrch5n46
2018-06-28T19:50:20.202822476Z time="2018-06-28T19:50:20Z" level=info msg="interlock interlock/2.0.0-dev (07c25d5b) linux/amd64" 
2018-06-28T19:50:20.206721634Z time="2018-06-28T19:50:20Z" level=info msg="starting server" 
2018-06-28T19:50:23.213263308Z time="2018-06-28T19:50:23Z" level=info msg="update detected" currentVersion= updatedVersion=262118 
2018-06-28T19:50:25.907777703Z time="2018-06-28T19:50:25Z" level=info msg="configured proxy service" id=b5hus08elu18gjqzpwc07h27r service_cluster= 
2018-06-28T20:09:50.210706677Z time="2018-06-28T20:09:50Z" level=info msg="update detected" currentVersion=262118 updatedVersion=2b82b9 
2018-06-28T20:09:50.212499178Z time="2018-06-28T20:09:50Z" level=warning msg="skipping task; task is not running" service=demo status=pending task=bawj2tw8cfcknhkdsejsk0wx8 
2018-06-28T20:16:59.210572163Z time="2018-06-28T20:16:59Z" level=info msg="update detected" currentVersion=2b82b9 updatedVersion=262118 
2018-06-29T00:46:23.219264910Z time="2018-06-29T00:46:23Z" level=info msg="update detected" currentVersion=262118 updatedVersion=814a06 
2018-06-29T00:46:23.222964033Z time="2018-06-29T00:46:23Z" level=warning msg="skipping task; task is not running" service=windemo_web status=preparing task=o4f9o5kihyp64p8jfgb3wt8gl 
2018-06-29T00:47:50.210423768Z time="2018-06-29T00:47:50Z" level=info msg="update detected" currentVersion=814a06 updatedVersion=70c2db 
2018-06-29T00:47:50.920982542Z time="2018-06-29T00:47:50Z" level=info msg="configured proxy service" id=b5hus08elu18gjqzpwc07h27r service_cluster= 
2018-07-10T20:20:56.210680636Z time="2018-07-10T20:20:56Z" level=info msg="update detected" currentVersion=70c2db updatedVersion=4d11ac 
2018-07-10T20:20:59.212717075Z time="2018-07-10T20:20:59Z" level=info msg="update detected" currentVersion=4d11ac updatedVersion=863512 
2018-07-10T20:20:59.215034129Z time="2018-07-10T20:20:59Z" level=warning msg="skipping task; task is not running" service=ucp-agent-win status=starting task=b25uvqvdxfz9w08y5a0759s9t 
2018-07-10T20:21:02.211278537Z time="2018-07-10T20:21:02Z" level=info msg="update detected" currentVersion=863512 updatedVersion=4af111 
2018-07-10T20:21:02.214328483Z time="2018-07-10T20:21:02Z" level=warning msg="skipping task; task is not running" service=ucp-agent-win status=starting task=b25uvqvdxfz9w08y5a0759s9t 
2018-07-10T20:21:05.212068766Z time="2018-07-10T20:21:05Z" level=info msg="update detected" currentVersion=4af111 updatedVersion=5fa920 
2018-07-10T20:21:08.213839766Z time="2018-07-10T20:21:08Z" level=info msg="update detected" currentVersion=5fa920 updatedVersion=7eacd9 
2018-07-10T20:21:08.214758314Z time="2018-07-10T20:21:08Z" level=warning msg="skipping task; task is not running" service=ucp-agent-win status=starting task=7b5xzc11l1us1kzts64ivzzcq 
2018-07-10T20:21:08.215264592Z time="2018-07-10T20:21:08Z" level=warning msg="skipping task; task is not running" service=ucp-agent status=ready task=i9tmlgiwvif3h3yjo0x1hj4qi 
2018-07-10T20:21:11.211177581Z time="2018-07-10T20:21:11Z" level=info msg="update detected" currentVersion=7eacd9 updatedVersion=bf620b 
2018-07-10T20:21:11.213009656Z time="2018-07-10T20:21:11Z" level=warning msg="skipping task; task is not running" service=ucp-agent-win status=starting task=7b5xzc11l1us1kzts64ivzzcq 
2018-07-10T20:21:14.211316183Z time="2018-07-10T20:21:14Z" level=info msg="update detected" currentVersion=bf620b updatedVersion=ca97cb 
2018-07-10T20:21:17.210967248Z time="2018-07-10T20:21:17Z" level=info msg="update detected" currentVersion=ca97cb updatedVersion=f92206 
2018-07-10T20:21:20.210615688Z time="2018-07-10T20:21:20Z" level=info msg="update detected" currentVersion=f92206 updatedVersion=098d5c 
