ucp-reconcile
2018-06-28T16:57:26.125712202Z {"level":"info","msg":"Configuring node as agent with the following SANs: [kubernetes 172.31.9.58 localhost 54.221.182.188 kubernetes.default kubernetes.default.svc ip-172-31-9-58.ec2.internal 172.17.0.1 ucp.jswann.dockerps.io 127.0.0.1 proxy.local 174q5382xmnb2e5a2c4dwyb4g 10.96.0.1 kubernetes.default.svc.cluster.local]","time":"2018-06-28T16:57:26Z"}
2018-06-28T16:57:26.125758691Z {"level":"info","msg":"Reconciling state of component Docker Proxy","time":"2018-06-28T16:57:26Z"}
2018-06-28T16:57:26.162967033Z {"level":"info","msg":"Reconciling state of component Certificates","time":"2018-06-28T16:57:26Z"}
2018-06-28T16:57:26.177098048Z {"level":"info","msg":"Reconciling state of component Concurrent [Client CA Cluster CA Analytics prometheus Kubelet Kubernetes Proxy Concurrent [ucp-agent-service ucp-agent-win-service ucp-agent-s390x-service] interlockservice [etcd Exclusive RethinkDB etcdmigration Concurrent [Swarm-Classic Manager eNZi API eNZi Worker Kubernetes Scheduler Kubernetes Controller Manager]]]","time":"2018-06-28T16:57:26Z"}
2018-06-28T16:57:26.177118428Z {"level":"info","msg":"Reconciling components [etcd Exclusive RethinkDB etcdmigration Concurrent [Swarm-Classic Manager eNZi API eNZi Worker Kubernetes Scheduler Kubernetes Controller Manager]]","time":"2018-06-28T16:57:26Z"}
2018-06-28T16:57:26.177128185Z {"level":"info","msg":"Reconciling state of component etcd","time":"2018-06-28T16:57:26Z"}
2018-06-28T16:57:26.177135048Z {"level":"info","msg":"Reconciling state of component Exclusive RethinkDB","time":"2018-06-28T16:57:26Z"}
2018-06-28T16:57:26.177141434Z {"level":"info","msg":"Reconciling state of component etcdmigration","time":"2018-06-28T16:57:26Z"}
2018-06-28T16:57:26.177147753Z {"level":"info","msg":"successfully reconciled state of prometheus component","time":"2018-06-28T16:57:26Z"}
2018-06-28T16:57:26.177154220Z {"level":"info","msg":"successfully reconciled state of Client CA component","time":"2018-06-28T16:57:26Z"}
2018-06-28T16:57:26.177161025Z {"level":"info","msg":"successfully reconciled state of Cluster CA component","time":"2018-06-28T16:57:26Z"}
2018-06-28T16:57:26.177167828Z {"level":"info","msg":"successfully reconciled state of Kubernetes Proxy component","time":"2018-06-28T16:57:26Z"}
2018-06-28T16:57:26.177174644Z {"level":"info","msg":"successfully reconciled state of Kubelet component","time":"2018-06-28T16:57:26Z"}
2018-06-28T16:57:26.177180852Z {"level":"info","msg":"successfully reconciled state of ucp-agent-s390x-service component. This component will enable UCP on s390x linux nodes if they are added to the cluster","time":"2018-06-28T16:57:26Z"}
2018-06-28T16:57:26.177187792Z {"level":"info","msg":"successfully reconciled state of ucp-agent-service component. This component will enable UCP on x86_64 linux nodes if they are added to the cluster","time":"2018-06-28T16:57:26Z"}
2018-06-28T16:57:26.177196680Z {"level":"info","msg":"successfully reconciled state of ucp-agent-win-service component. This component will enable UCP on x86_64 windows nodes if they are added to the cluster","time":"2018-06-28T16:57:26Z"}
2018-06-28T16:57:26.177204032Z {"level":"info","msg":"successfully reconciled state of Concurrent [ucp-agent-service ucp-agent-win-service ucp-agent-s390x-service] component","time":"2018-06-28T16:57:26Z"}
2018-06-28T16:57:26.177219717Z {"level":"info","msg":"successfully reconciled state of interlockservice component. This component will enable the interlock load balancing solution on the UCP cluster.","time":"2018-06-28T16:57:26Z"}
2018-06-28T16:57:26.179463824Z {"level":"info","msg":"successfully reconciled state of Analytics component","time":"2018-06-28T16:57:26Z"}
2018-06-28T16:57:28.459736616Z {"level":"info","msg":"Reconciling state of component Concurrent [Swarm-Classic Manager eNZi API eNZi Worker Kubernetes Scheduler Kubernetes Controller Manager]","time":"2018-06-28T16:57:28Z"}
2018-06-28T16:57:28.459757203Z {"level":"info","msg":"successfully reconciled state of Kubernetes Controller Manager component","time":"2018-06-28T16:57:28Z"}
2018-06-28T16:57:28.459763092Z {"level":"info","msg":"successfully reconciled state of eNZi Worker component","time":"2018-06-28T16:57:28Z"}
2018-06-28T16:57:28.459767635Z {"level":"info","msg":"successfully reconciled state of Kubernetes Scheduler component","time":"2018-06-28T16:57:28Z"}
2018-06-28T16:57:28.459773089Z {"level":"info","msg":"successfully reconciled state of Swarm-Classic Manager component","time":"2018-06-28T16:57:28Z"}
2018-06-28T16:57:28.560580236Z {"level":"info","msg":"successfully reconciled state of eNZi API component","time":"2018-06-28T16:57:28Z"}
2018-06-28T16:57:28.560599946Z {"level":"info","msg":"successfully reconciled state of [etcd Exclusive RethinkDB etcdmigration Concurrent [Swarm-Classic Manager eNZi API eNZi Worker Kubernetes Scheduler Kubernetes Controller Manager]] component","time":"2018-06-28T16:57:28Z"}
2018-06-28T16:57:28.560608667Z {"level":"info","msg":"Reconciling state of component Concurrent [Kubernetes API Server UCP Controller]","time":"2018-06-28T16:57:28Z"}
2018-06-28T16:57:28.560615443Z {"level":"info","msg":"successfully reconciled state of UCP Controller component","time":"2018-06-28T16:57:28Z"}
2018-06-28T16:57:28.560621954Z {"level":"info","msg":"successfully reconciled state of Kubernetes API Server component","time":"2018-06-28T16:57:28Z"}
2018-06-28T16:57:28.560628528Z {"level":"info","msg":"Reconciling state of component Kubernetes CNI Plugin","time":"2018-06-28T16:57:28Z"}
2018-06-28T16:57:28.574757828Z {"level":"info","msg":"Deploying addon calico","time":"2018-06-28T16:57:28Z"}
2018-06-28T16:57:30.664700520Z {"level":"info","msg":"Waiting for kubernetes node ip-172-31-9-58.ec2.internal to become ready","time":"2018-06-28T16:57:30Z"}
2018-06-28T16:57:30.678667735Z {"level":"info","msg":"Addon calico was deployed successfully","time":"2018-06-28T16:57:30Z"}
2018-06-28T16:57:30.678687364Z {"level":"info","msg":"Reconciling state of component Kubernetes addons","time":"2018-06-28T16:57:30Z"}
2018-06-28T16:57:30.682347176Z {"level":"info","msg":"Deploying addon compose","time":"2018-06-28T16:57:30Z"}
2018-06-28T16:57:31.674193974Z {"level":"info","msg":"Deploying addon kubedns","time":"2018-06-28T16:57:31Z"}
2018-06-28T16:57:32.729479552Z {"level":"info","msg":"Addon kubedns was deployed successfully","time":"2018-06-28T16:57:32Z"}
2018-06-28T16:57:32.738977760Z {"level":"info","msg":"Addon compose was deployed successfully","time":"2018-06-28T16:57:32Z"}
