k8s_install-cni_calico-node-qqn9t_kube-system_e36c615f-7595-11e8-b33c-0242ac110005_1
2018-06-28T16:50:16.763335489Z Installing any TLS assets from /calico-secrets
2018-06-28T16:50:16.829576576Z Wrote Calico CNI binaries to /host/opt/cni/bin
2018-06-28T16:50:16.888135981Z CNI plugin version: v2.0.0
2018-06-28T16:50:16.888158732Z /host/secondary-bin-dir is non-writeable, skipping
2018-06-28T16:50:16.895381602Z CNI config: {
2018-06-28T16:50:16.895398909Z     "cniVersion": "0.3.1",
2018-06-28T16:50:16.895403845Z     "name": "k8s-pod-network",
2018-06-28T16:50:16.895407844Z     "plugins": [
2018-06-28T16:50:16.895411499Z     {
2018-06-28T16:50:16.895414927Z             "type": "calico",
2018-06-28T16:50:16.895418566Z             "etcd_endpoints": "https://proxy.local:12378",
2018-06-28T16:50:16.895422492Z             "etcd_key_file": "/var/lib/docker/ucp/ucp-node-certs/key.pem",
2018-06-28T16:50:16.895428922Z             "etcd_cert_file": "/var/lib/docker/ucp/ucp-node-certs/cert.pem",
2018-06-28T16:50:16.895432838Z             "etcd_ca_cert_file": "/var/lib/docker/ucp/ucp-node-certs/ca.pem",
2018-06-28T16:50:16.895436482Z             "log_level": "info",
2018-06-28T16:50:16.895440096Z             "mtu": 1500,
2018-06-28T16:50:16.895443554Z             
2018-06-28T16:50:16.895446955Z             "ipam": {
2018-06-28T16:50:16.895450358Z                 "type": "calico-ipam"
2018-06-28T16:50:16.895453967Z             },
2018-06-28T16:50:16.895457230Z             
2018-06-28T16:50:16.895460687Z             "kubernetes": {
2018-06-28T16:50:16.895464181Z                 "kubeconfig": "/var/lib/docker/ucp/ucp-node-certs/kubeconfig"
2018-06-28T16:50:16.895467887Z             },
2018-06-28T16:50:16.895471277Z             "policy": {
2018-06-28T16:50:16.895475229Z                 "type": "k8s"
2018-06-28T16:50:16.895479309Z             }
2018-06-28T16:50:16.895482869Z         },
2018-06-28T16:50:16.895486133Z        	{
2018-06-28T16:50:16.895489714Z             "type": "portmap",
2018-06-28T16:50:16.895493844Z             "snat": true,
2018-06-28T16:50:16.895497447Z             "capabilities": {"portMappings": true}
2018-06-28T16:50:16.895501487Z        	}
2018-06-28T16:50:16.895504964Z     ]
2018-06-28T16:50:16.895508273Z }
2018-06-28T16:50:16.897036113Z Created CNI config 10-calico.conflist
2018-06-28T16:50:16.897049770Z Done configuring CNI.  Sleep=true
