ucp-reconcile
2018-06-22T15:27:16.587103686Z {"level":"info","msg":"Configuring node as agent with the following SANs: [127.0.0.1 172.31.10.96 localhost proxy.local ip-172-31-10-96.ec2.internal 174q5382xmnb2e5a2c4dwyb4g]","time":"2018-06-22T15:27:16Z"}
2018-06-22T15:27:16.587150617Z {"level":"info","msg":"Reconciling state of component Docker Proxy","time":"2018-06-22T15:27:16Z"}
2018-06-22T15:27:17.720928746Z {"level":"info","msg":"Reconciling state of component Certificates","time":"2018-06-22T15:27:17Z"}
2018-06-22T15:27:17.722306024Z {"level":"info","msg":"Reconciling state of component Concurrent [Client CA Cluster CA Analytics prometheus Kubelet Kubernetes Proxy Concurrent [ucp-agent-service ucp-agent-win-service ucp-agent-s390x-service] interlockservice [etcd Exclusive RethinkDB etcdmigration Concurrent [Swarm-Classic Manager eNZi API eNZi Worker Kubernetes Scheduler Kubernetes Controller Manager]]]","time":"2018-06-22T15:27:17Z"}
2018-06-22T15:27:17.724058049Z {"level":"info","msg":"Reconciling components [etcd Exclusive RethinkDB etcdmigration Concurrent [Swarm-Classic Manager eNZi API eNZi Worker Kubernetes Scheduler Kubernetes Controller Manager]]","time":"2018-06-22T15:27:17Z"}
2018-06-22T15:27:17.724072762Z {"level":"info","msg":"successfully reconciled state of prometheus component","time":"2018-06-22T15:27:17Z"}
2018-06-22T15:27:17.724077748Z {"level":"info","msg":"Reconciling state of component etcd","time":"2018-06-22T15:27:17Z"}
2018-06-22T15:27:17.724082111Z {"level":"info","msg":"successfully reconciled state of Client CA component","time":"2018-06-22T15:27:17Z"}
2018-06-22T15:27:17.724086129Z {"level":"info","msg":"Reconciling state of component Exclusive RethinkDB","time":"2018-06-22T15:27:17Z"}
2018-06-22T15:27:17.724090124Z {"level":"info","msg":"successfully reconciled state of Cluster CA component","time":"2018-06-22T15:27:17Z"}
2018-06-22T15:27:17.724093711Z {"level":"info","msg":"Reconciling state of component etcdmigration","time":"2018-06-22T15:27:17Z"}
2018-06-22T15:27:17.724097722Z {"level":"info","msg":"Reconciling state of component Concurrent [Swarm-Classic Manager eNZi API eNZi Worker Kubernetes Scheduler Kubernetes Controller Manager]","time":"2018-06-22T15:27:17Z"}
2018-06-22T15:27:17.724101713Z {"level":"info","msg":"successfully reconciled state of Kubernetes Controller Manager component","time":"2018-06-22T15:27:17Z"}
2018-06-22T15:27:17.724105449Z {"level":"info","msg":"successfully reconciled state of Swarm-Classic Manager component","time":"2018-06-22T15:27:17Z"}
2018-06-22T15:27:17.724109310Z {"level":"info","msg":"successfully reconciled state of ucp-agent-s390x-service component. This component will enable UCP on s390x linux nodes if they are added to the cluster","time":"2018-06-22T15:27:17Z"}
2018-06-22T15:27:17.724113323Z {"level":"info","msg":"successfully reconciled state of interlockservice component. This component will enable the interlock load balancing solution on the UCP cluster.","time":"2018-06-22T15:27:17Z"}
2018-06-22T15:27:17.724117319Z {"level":"info","msg":"successfully reconciled state of ucp-agent-service component. This component will enable UCP on x86_64 linux nodes if they are added to the cluster","time":"2018-06-22T15:27:17Z"}
2018-06-22T15:27:17.724129593Z {"level":"info","msg":"successfully reconciled state of ucp-agent-win-service component. This component will enable UCP on x86_64 windows nodes if they are added to the cluster","time":"2018-06-22T15:27:17Z"}
2018-06-22T15:27:17.724134360Z {"level":"info","msg":"successfully reconciled state of Concurrent [ucp-agent-service ucp-agent-win-service ucp-agent-s390x-service] component","time":"2018-06-22T15:27:17Z"}
2018-06-22T15:27:17.724138224Z {"level":"info","msg":"successfully reconciled state of Kubernetes Scheduler component","time":"2018-06-22T15:27:17Z"}
2018-06-22T15:27:17.724142051Z {"level":"info","msg":"successfully reconciled state of eNZi API component","time":"2018-06-22T15:27:17Z"}
2018-06-22T15:27:17.724145728Z {"level":"info","msg":"successfully reconciled state of eNZi Worker component","time":"2018-06-22T15:27:17Z"}
2018-06-22T15:27:17.724149526Z {"level":"info","msg":"successfully reconciled state of [etcd Exclusive RethinkDB etcdmigration Concurrent [Swarm-Classic Manager eNZi API eNZi Worker Kubernetes Scheduler Kubernetes Controller Manager]] component","time":"2018-06-22T15:27:17Z"}
2018-06-22T15:27:17.727179052Z {"level":"info","msg":"successfully reconciled state of Analytics component","time":"2018-06-22T15:27:17Z"}
2018-06-22T15:27:17.808805129Z {"level":"info","msg":"Starting up ucp-kubelet container","time":"2018-06-22T15:27:17Z"}
2018-06-22T15:27:17.819432184Z {"level":"info","msg":"Starting up ucp-kube-proxy container","time":"2018-06-22T15:27:17Z"}
2018-06-22T15:27:17.931913373Z {"level":"info","msg":"successfully reconciled state of Kubernetes Proxy component","time":"2018-06-22T15:27:17Z"}
2018-06-22T15:27:17.931930475Z {"level":"info","msg":"successfully reconciled state of Kubelet component","time":"2018-06-22T15:27:17Z"}
2018-06-22T15:27:17.931935770Z {"level":"info","msg":"Reconciling state of component Concurrent [Kubernetes API Server UCP Controller]","time":"2018-06-22T15:27:17Z"}
2018-06-22T15:27:17.931940278Z {"level":"info","msg":"successfully reconciled state of UCP Controller component","time":"2018-06-22T15:27:17Z"}
2018-06-22T15:27:17.931944450Z {"level":"info","msg":"successfully reconciled state of Kubernetes API Server component","time":"2018-06-22T15:27:17Z"}
2018-06-22T15:27:17.931948513Z {"level":"info","msg":"Reconciling state of component Kubernetes CNI Plugin","time":"2018-06-22T15:27:17Z"}
2018-06-22T15:27:17.931952429Z {"level":"info","msg":"Reconciling state of component Kubernetes addons","time":"2018-06-22T15:27:17Z"}
