k8s_install-cni_calico-node-xj54s_kube-system_d9ee9c64-7595-11e8-b33c-0242ac110005_1
2018-06-28T17:03:51.189460317Z Installing any TLS assets from /calico-secrets
2018-06-28T17:03:51.280398433Z Wrote Calico CNI binaries to /host/opt/cni/bin
2018-06-28T17:03:51.385297762Z CNI plugin version: v2.0.0
2018-06-28T17:03:51.385317000Z /host/secondary-bin-dir is non-writeable, skipping
2018-06-28T17:03:51.400118771Z CNI config: {
2018-06-28T17:03:51.400129932Z     "cniVersion": "0.3.1",
2018-06-28T17:03:51.400134015Z     "name": "k8s-pod-network",
2018-06-28T17:03:51.400137647Z     "plugins": [
2018-06-28T17:03:51.400141004Z     {
2018-06-28T17:03:51.400144225Z             "type": "calico",
2018-06-28T17:03:51.400147624Z             "etcd_endpoints": "https://proxy.local:12378",
2018-06-28T17:03:51.400151232Z             "etcd_key_file": "/var/lib/docker/ucp/ucp-node-certs/key.pem",
2018-06-28T17:03:51.400156049Z             "etcd_cert_file": "/var/lib/docker/ucp/ucp-node-certs/cert.pem",
2018-06-28T17:03:51.400159514Z             "etcd_ca_cert_file": "/var/lib/docker/ucp/ucp-node-certs/ca.pem",
2018-06-28T17:03:51.400162984Z             "log_level": "info",
2018-06-28T17:03:51.400166476Z             "mtu": 1500,
2018-06-28T17:03:51.400169976Z             
2018-06-28T17:03:51.400173206Z             "ipam": {
2018-06-28T17:03:51.400176353Z                 "type": "calico-ipam"
2018-06-28T17:03:51.400179689Z             },
2018-06-28T17:03:51.400182778Z             
2018-06-28T17:03:51.400185836Z             "kubernetes": {
2018-06-28T17:03:51.400189131Z                 "kubeconfig": "/var/lib/docker/ucp/ucp-node-certs/kubeconfig"
2018-06-28T17:03:51.400192488Z             },
2018-06-28T17:03:51.400195548Z             "policy": {
2018-06-28T17:03:51.400198736Z                 "type": "k8s"
2018-06-28T17:03:51.400201955Z             }
2018-06-28T17:03:51.400205006Z         },
2018-06-28T17:03:51.400208037Z        	{
2018-06-28T17:03:51.400211280Z             "type": "portmap",
2018-06-28T17:03:51.400214593Z             "snat": true,
2018-06-28T17:03:51.400217912Z             "capabilities": {"portMappings": true}
2018-06-28T17:03:51.400221355Z        	}
2018-06-28T17:03:51.400224489Z     ]
2018-06-28T17:03:51.400227522Z }
2018-06-28T17:03:51.401389019Z Created CNI config 10-calico.conflist
2018-06-28T17:03:51.401400736Z Done configuring CNI.  Sleep=true
