ucp-reconcile
2018-06-22T15:27:20.305606566Z {"level":"info","msg":"Configuring node as agent with the following SANs: [127.0.0.1 172.31.18.229 localhost proxy.local ip-172-31-18-229.ec2.internal 174q5382xmnb2e5a2c4dwyb4g]","time":"2018-06-22T15:27:20Z"}
2018-06-22T15:27:20.305656654Z {"level":"info","msg":"Reconciling state of component Docker Proxy","time":"2018-06-22T15:27:20Z"}
2018-06-22T15:27:21.422502528Z {"level":"info","msg":"Reconciling state of component Certificates","time":"2018-06-22T15:27:21Z"}
2018-06-22T15:27:21.425478845Z {"level":"info","msg":"Reconciling state of component Concurrent [Client CA Cluster CA Analytics prometheus Kubelet Kubernetes Proxy Concurrent [ucp-agent-service ucp-agent-win-service ucp-agent-s390x-service] interlockservice [etcd Exclusive RethinkDB etcdmigration Concurrent [Swarm-Classic Manager eNZi API eNZi Worker Kubernetes Scheduler Kubernetes Controller Manager]]]","time":"2018-06-22T15:27:21Z"}
2018-06-22T15:27:21.425493288Z {"level":"info","msg":"successfully reconciled state of prometheus component","time":"2018-06-22T15:27:21Z"}
2018-06-22T15:27:21.425498728Z {"level":"info","msg":"successfully reconciled state of Client CA component","time":"2018-06-22T15:27:21Z"}
2018-06-22T15:27:21.425503178Z {"level":"info","msg":"Reconciling components [etcd Exclusive RethinkDB etcdmigration Concurrent [Swarm-Classic Manager eNZi API eNZi Worker Kubernetes Scheduler Kubernetes Controller Manager]]","time":"2018-06-22T15:27:21Z"}
2018-06-22T15:27:21.425508099Z {"level":"info","msg":"Reconciling state of component etcd","time":"2018-06-22T15:27:21Z"}
2018-06-22T15:27:21.425512487Z {"level":"info","msg":"successfully reconciled state of Cluster CA component","time":"2018-06-22T15:27:21Z"}
2018-06-22T15:27:21.425516685Z {"level":"info","msg":"Reconciling state of component Exclusive RethinkDB","time":"2018-06-22T15:27:21Z"}
2018-06-22T15:27:21.425520680Z {"level":"info","msg":"Reconciling state of component etcdmigration","time":"2018-06-22T15:27:21Z"}
2018-06-22T15:27:21.425525047Z {"level":"info","msg":"Reconciling state of component Concurrent [Swarm-Classic Manager eNZi API eNZi Worker Kubernetes Scheduler Kubernetes Controller Manager]","time":"2018-06-22T15:27:21Z"}
2018-06-22T15:27:21.425529546Z {"level":"info","msg":"successfully reconciled state of Kubernetes Controller Manager component","time":"2018-06-22T15:27:21Z"}
2018-06-22T15:27:21.425533536Z {"level":"info","msg":"successfully reconciled state of Swarm-Classic Manager component","time":"2018-06-22T15:27:21Z"}
2018-06-22T15:27:21.425537592Z {"level":"info","msg":"successfully reconciled state of eNZi API component","time":"2018-06-22T15:27:21Z"}
2018-06-22T15:27:21.425541478Z {"level":"info","msg":"successfully reconciled state of interlockservice component. This component will enable the interlock load balancing solution on the UCP cluster.","time":"2018-06-22T15:27:21Z"}
2018-06-22T15:27:21.425546568Z {"level":"info","msg":"successfully reconciled state of eNZi Worker component","time":"2018-06-22T15:27:21Z"}
2018-06-22T15:27:21.425550678Z {"level":"info","msg":"successfully reconciled state of Kubernetes Scheduler component","time":"2018-06-22T15:27:21Z"}
2018-06-22T15:27:21.425561531Z {"level":"info","msg":"successfully reconciled state of [etcd Exclusive RethinkDB etcdmigration Concurrent [Swarm-Classic Manager eNZi API eNZi Worker Kubernetes Scheduler Kubernetes Controller Manager]] component","time":"2018-06-22T15:27:21Z"}
2018-06-22T15:27:21.425566388Z {"level":"info","msg":"successfully reconciled state of ucp-agent-s390x-service component. This component will enable UCP on s390x linux nodes if they are added to the cluster","time":"2018-06-22T15:27:21Z"}
2018-06-22T15:27:21.425570836Z {"level":"info","msg":"successfully reconciled state of ucp-agent-service component. This component will enable UCP on x86_64 linux nodes if they are added to the cluster","time":"2018-06-22T15:27:21Z"}
2018-06-22T15:27:21.425575193Z {"level":"info","msg":"successfully reconciled state of ucp-agent-win-service component. This component will enable UCP on x86_64 windows nodes if they are added to the cluster","time":"2018-06-22T15:27:21Z"}
2018-06-22T15:27:21.425579651Z {"level":"info","msg":"successfully reconciled state of Concurrent [ucp-agent-service ucp-agent-win-service ucp-agent-s390x-service] component","time":"2018-06-22T15:27:21Z"}
2018-06-22T15:27:21.428405755Z {"level":"info","msg":"successfully reconciled state of Analytics component","time":"2018-06-22T15:27:21Z"}
2018-06-22T15:27:21.533211567Z {"level":"info","msg":"Starting up ucp-kubelet container","time":"2018-06-22T15:27:21Z"}
2018-06-22T15:27:21.533244646Z {"level":"info","msg":"Starting up ucp-kube-proxy container","time":"2018-06-22T15:27:21Z"}
2018-06-22T15:27:21.623473885Z {"level":"info","msg":"successfully reconciled state of Kubelet component","time":"2018-06-22T15:27:21Z"}
2018-06-22T15:27:21.660293674Z {"level":"info","msg":"successfully reconciled state of Kubernetes Proxy component","time":"2018-06-22T15:27:21Z"}
2018-06-22T15:27:21.660314846Z {"level":"info","msg":"Reconciling state of component Concurrent [Kubernetes API Server UCP Controller]","time":"2018-06-22T15:27:21Z"}
2018-06-22T15:27:21.660320063Z {"level":"info","msg":"successfully reconciled state of UCP Controller component","time":"2018-06-22T15:27:21Z"}
2018-06-22T15:27:21.660324158Z {"level":"info","msg":"successfully reconciled state of Kubernetes API Server component","time":"2018-06-22T15:27:21Z"}
2018-06-22T15:27:21.660328125Z {"level":"info","msg":"Reconciling state of component Kubernetes CNI Plugin","time":"2018-06-22T15:27:21Z"}
2018-06-22T15:27:21.660332027Z {"level":"info","msg":"Reconciling state of component Kubernetes addons","time":"2018-06-22T15:27:21Z"}
