dtr-registry-1234567890ab
2018-06-21T20:20:16.333298945Z {"level":"info","msg":"Establishing connection with Rethinkdb","time":"2018-06-21T20:20:16Z"}
2018-06-21T20:20:16.386445203Z {"level":"info","msg":"Establishing connection with Rethinkdb","time":"2018-06-21T20:20:16Z"}
2018-06-21T20:20:16.411763296Z {"level":"info","msg":"writing out configs and watching for changes","time":"2018-06-21T20:20:16Z"}
2018-06-21T20:20:16.411780618Z {"level":"info","msg":"watching configs","time":"2018-06-21T20:20:16Z"}
2018-06-21T20:20:16.411786085Z {"level":"info","msg":"watching for changes to configtracker.configSpec{src:\"certs/registry_ca/cert.pem\", writer:(configtracker.WriterFunc)(0xbf9210), templateFunc:(configtracker.TemplateFunc)(0xbf76c0), cacheKey:\"50d6d8f3-1450-4678-bf95-0a8471727976\"}","time":"2018-06-21T20:20:16Z"}
2018-06-21T20:20:16.412812478Z {"level":"info","msg":"watching for changes to configtracker.configSpec{src:\"certs/registry_server/cert.pem/1234567890ab\", writer:(configtracker.WriterFunc)(0xbf9210), templateFunc:(configtracker.TemplateFunc)(0xbf76c0), cacheKey:\"d1b3d4a8-4eaf-4fbc-9437-d7e1aff1a2fb\"}","time":"2018-06-21T20:20:16Z"}
2018-06-21T20:20:16.413732190Z {"level":"info","msg":"watching for changes to configtracker.configSpec{src:\"certs/registry_server/key.pem/1234567890ab\", writer:(configtracker.WriterFunc)(0xbf9210), templateFunc:(configtracker.TemplateFunc)(0xbf76c0), cacheKey:\"8bc8d122-7a8a-4255-86cb-a8f17e0728cb\"}","time":"2018-06-21T20:20:16Z"}
2018-06-21T20:20:16.420360930Z {"level":"info","msg":"watching for changes to configtracker.configSpec{src:\"storage.yml\", writer:(configtracker.WriterFunc)(0xbf9210), templateFunc:(configtracker.TemplateFunc)(0xfe22c0), cacheKey:\"4597c3b2-6a5a-4ff2-957d-3bc96d847b7d\"}","time":"2018-06-21T20:20:16Z"}
2018-06-21T20:20:16.427990107Z {"level":"info","msg":"watching for changes to configtracker.configSpec{src:\"certs/garant_signing_ca/cert.pem\", writer:(configtracker.WriterFunc)(0xbf9210), templateFunc:(configtracker.TemplateFunc)(0xbf76c0), cacheKey:\"0348a8f2-5ee1-48a5-9a1e-133679624192\"}","time":"2018-06-21T20:20:16Z"}
2018-06-21T20:20:16.434591084Z {"level":"info","msg":"watching for changes to configtracker.configSpec{src:\"ha.json\", writer:(configtracker.WriterFunc)(0xbf9210), templateFunc:(configtracker.TemplateFunc)(0xbf87a0), cacheKey:\"166a40af-e56b-4822-a122-6a1544ba18ab\"}","time":"2018-06-21T20:20:16Z"}
2018-06-21T20:20:16.441911416Z {"level":"info","msg":"watching for changes to configtracker.configSpec{src:\"ha.json\", writer:(configtracker.WriterFunc)(0xbf9210), templateFunc:(configtracker.TemplateFunc)(0xbf87a0), cacheKey:\"11c817e1-7b59-4cf6-9dc8-c44fc5c73836\"}","time":"2018-06-21T20:20:16Z"}
2018-06-21T20:20:16.448550324Z {"level":"info","msg":"watching for changes to configtracker.configSpec{src:\"metadataStoreOptedIn\", writer:(configtracker.WriterFunc)(0xbf8410), templateFunc:(configtracker.TemplateFunc)(0xbf76c0), cacheKey:\"bd65c97c-097e-451f-9b96-f0232b286154\"}","time":"2018-06-21T20:20:16Z"}
2018-06-21T20:20:16.454941958Z {"level":"info","msg":"watching for changes to configtracker.configSpec{src:\"blobLinksMigrated\", writer:(configtracker.WriterFunc)(0xbf8410), templateFunc:(configtracker.TemplateFunc)(0xbf76c0), cacheKey:\"db3610b1-7245-4a9e-9370-0b09f59a316e\"}","time":"2018-06-21T20:20:16Z"}
2018-06-21T20:20:16.472469079Z {"level":"info","msg":"no longer in read-only mode: property not set","time":"2018-06-21T20:20:16Z"}
2018-06-21T20:20:16.472823310Z {"level":"info","msg":"writing out configs and watching for changes","time":"2018-06-21T20:20:16Z"}
2018-06-21T20:20:16.472840132Z {"level":"info","msg":"watching configs","time":"2018-06-21T20:20:16Z"}
2018-06-21T20:20:16.472848350Z {"level":"info","msg":"watching for changes to configtracker.configSpec{src:\"license.json\", writer:(configtracker.WriterFunc)(0xc1ff90), templateFunc:(configtracker.TemplateFunc)(0xbf76c0), cacheKey:\"e39cafc3-0fb7-420f-aa44-49543f484562\"}","time":"2018-06-21T20:20:16Z"}
2018-06-21T20:20:16.473641862Z {"level":"info","msg":"writing out configs and watching for changes","time":"2018-06-21T20:20:16Z"}
2018-06-21T20:20:16.473656449Z {"level":"info","msg":"watching configs","time":"2018-06-21T20:20:16Z"}
2018-06-21T20:20:16.473661362Z {"level":"info","msg":"watching for changes to configtracker.configSpec{src:\"license.json\", writer:(configtracker.WriterFunc)(0xc1ff90), templateFunc:(configtracker.TemplateFunc)(0xbf76c0), cacheKey:\"6ef745ea-0ae0-415f-9611-68d0b3391e49\"}","time":"2018-06-21T20:20:16Z"}
2018-06-21T20:20:16.483947394Z {"go.version":"go1.8.3","instance.id":"2bb5a2c0-d01a-47c4-8b6f-bd45de3ac78b","level":"info","msg":"redis not configured","time":"2018-06-21T20:20:16.483630413Z","version":"v2.6.0+unknown"}
2018-06-21T20:20:16.483962991Z {"go.version":"go1.8.3","instance.id":"2bb5a2c0-d01a-47c4-8b6f-bd45de3ac78b","level":"info","msg":"Starting upload purge in 19m0s","time":"2018-06-21T20:20:16.483738872Z","version":"v2.6.0+unknown"}
2018-06-21T20:20:16.484851472Z {"go.version":"go1.8.3","instance.id":"2bb5a2c0-d01a-47c4-8b6f-bd45de3ac78b","level":"info","msg":"listening on [::]:5000, tls","time":"2018-06-21T20:20:16.484594608Z","version":"v2.6.0+unknown"}
2018-06-21T20:21:01.517586765Z {"level":"info","msg":"change notified for storage.yml","time":"2018-06-21T20:21:01.517122583Z"}
2018-06-21T20:21:01.517606948Z {"level":"info","msg":"acquiring restart lock","time":"2018-06-21T20:21:01.517190804Z"}
2018-06-21T20:21:01.529805037Z {"level":"fatal","msg":"Config changed. Restarting","time":"2018-06-21T20:21:01.52952184Z"}
2018-06-21T20:21:02.276094018Z {"level":"info","msg":"Establishing connection with Rethinkdb","time":"2018-06-21T20:21:02Z"}
2018-06-21T20:21:02.330924231Z {"level":"info","msg":"Establishing connection with Rethinkdb","time":"2018-06-21T20:21:02Z"}
2018-06-21T20:21:02.354797238Z {"level":"info","msg":"writing out configs and watching for changes","time":"2018-06-21T20:21:02Z"}
2018-06-21T20:21:02.354813445Z {"level":"info","msg":"watching configs","time":"2018-06-21T20:21:02Z"}
2018-06-21T20:21:02.354821902Z {"level":"info","msg":"watching for changes to configtracker.configSpec{src:\"certs/registry_ca/cert.pem\", writer:(configtracker.WriterFunc)(0xbf9210), templateFunc:(configtracker.TemplateFunc)(0xbf76c0), cacheKey:\"0f9e5474-23e0-4bd1-9482-f6ff21de1b69\"}","time":"2018-06-21T20:21:02Z"}
2018-06-21T20:21:02.355990241Z {"level":"info","msg":"watching for changes to configtracker.configSpec{src:\"certs/registry_server/cert.pem/1234567890ab\", writer:(configtracker.WriterFunc)(0xbf9210), templateFunc:(configtracker.TemplateFunc)(0xbf76c0), cacheKey:\"37f0ba26-4e9e-42b2-a29e-70e51f8c432e\"}","time":"2018-06-21T20:21:02Z"}
2018-06-21T20:21:02.356930523Z {"level":"info","msg":"watching for changes to configtracker.configSpec{src:\"certs/registry_server/key.pem/1234567890ab\", writer:(configtracker.WriterFunc)(0xbf9210), templateFunc:(configtracker.TemplateFunc)(0xbf76c0), cacheKey:\"1393e017-5d05-44e5-bd2d-caaff1ff2bab\"}","time":"2018-06-21T20:21:02Z"}
2018-06-21T20:21:02.365075455Z {"level":"info","msg":"watching for changes to configtracker.configSpec{src:\"storage.yml\", writer:(configtracker.WriterFunc)(0xbf9210), templateFunc:(configtracker.TemplateFunc)(0xfe22c0), cacheKey:\"6cb09e9d-fdf2-4292-bb71-91b26aac6ee8\"}","time":"2018-06-21T20:21:02Z"}
2018-06-21T20:21:02.372286003Z {"level":"info","msg":"watching for changes to configtracker.configSpec{src:\"certs/garant_signing_ca/cert.pem\", writer:(configtracker.WriterFunc)(0xbf9210), templateFunc:(configtracker.TemplateFunc)(0xbf76c0), cacheKey:\"e7c1d05b-b131-49c7-b55b-95906d77495a\"}","time":"2018-06-21T20:21:02Z"}
2018-06-21T20:21:02.378659438Z {"level":"info","msg":"watching for changes to configtracker.configSpec{src:\"ha.json\", writer:(configtracker.WriterFunc)(0xbf9210), templateFunc:(configtracker.TemplateFunc)(0xbf87a0), cacheKey:\"cc8d3a1b-439b-41ef-a1a2-6f8772181dbb\"}","time":"2018-06-21T20:21:02Z"}
2018-06-21T20:21:02.385404773Z {"level":"info","msg":"watching for changes to configtracker.configSpec{src:\"ha.json\", writer:(configtracker.WriterFunc)(0xbf9210), templateFunc:(configtracker.TemplateFunc)(0xbf87a0), cacheKey:\"058558b7-2fc2-4a8c-b245-d542863e8a8e\"}","time":"2018-06-21T20:21:02Z"}
2018-06-21T20:21:02.392008470Z {"level":"info","msg":"watching for changes to configtracker.configSpec{src:\"metadataStoreOptedIn\", writer:(configtracker.WriterFunc)(0xbf8410), templateFunc:(configtracker.TemplateFunc)(0xbf76c0), cacheKey:\"bbfc43cc-4967-4b47-a5d2-f8cd0960f414\"}","time":"2018-06-21T20:21:02Z"}
2018-06-21T20:21:02.398557631Z {"level":"info","msg":"watching for changes to configtracker.configSpec{src:\"blobLinksMigrated\", writer:(configtracker.WriterFunc)(0xbf8410), templateFunc:(configtracker.TemplateFunc)(0xbf76c0), cacheKey:\"fe8f7163-e990-4292-84bf-dccc893a0a7e\"}","time":"2018-06-21T20:21:02Z"}
2018-06-21T20:21:02.418568533Z {"level":"info","msg":"unlocked restart lock","time":"2018-06-21T20:21:02Z"}
2018-06-21T20:21:02.421769470Z {"level":"info","msg":"no longer in read-only mode: property not set","time":"2018-06-21T20:21:02Z"}
2018-06-21T20:21:02.422225625Z {"level":"info","msg":"writing out configs and watching for changes","time":"2018-06-21T20:21:02Z"}
2018-06-21T20:21:02.422238358Z {"level":"info","msg":"watching configs","time":"2018-06-21T20:21:02Z"}
2018-06-21T20:21:02.422242935Z {"level":"info","msg":"watching for changes to configtracker.configSpec{src:\"license.json\", writer:(configtracker.WriterFunc)(0xc1ff90), templateFunc:(configtracker.TemplateFunc)(0xbf76c0), cacheKey:\"b0522e6f-6455-4ece-bfe2-c812c9843ef1\"}","time":"2018-06-21T20:21:02Z"}
2018-06-21T20:21:02.422805440Z {"level":"info","msg":"writing out configs and watching for changes","time":"2018-06-21T20:21:02Z"}
2018-06-21T20:21:02.422826135Z {"level":"info","msg":"watching configs","time":"2018-06-21T20:21:02Z"}
2018-06-21T20:21:02.422834020Z {"level":"info","msg":"watching for changes to configtracker.configSpec{src:\"license.json\", writer:(configtracker.WriterFunc)(0xc1ff90), templateFunc:(configtracker.TemplateFunc)(0xbf76c0), cacheKey:\"693c183b-e7af-44f2-b0ab-cff6a70f3856\"}","time":"2018-06-21T20:21:02Z"}
2018-06-21T20:21:02.433074039Z {"go.version":"go1.8.3","instance.id":"ac38dcf1-7f80-409c-ba51-6e26fb752022","level":"info","msg":"redis not configured","time":"2018-06-21T20:21:02.43290055Z","version":"v2.6.0+unknown"}
2018-06-21T20:21:02.433860537Z {"go.version":"go1.8.3","instance.id":"ac38dcf1-7f80-409c-ba51-6e26fb752022","level":"info","msg":"Starting upload purge in 7m0s","time":"2018-06-21T20:21:02.43331889Z","version":"v2.6.0+unknown"}
2018-06-21T20:21:02.434203602Z {"go.version":"go1.8.3","instance.id":"ac38dcf1-7f80-409c-ba51-6e26fb752022","level":"info","msg":"listening on [::]:5000, tls","time":"2018-06-21T20:21:02.433924848Z","version":"v2.6.0+unknown"}
2018-06-21T20:28:02.433914717Z {"level":"info","msg":"PurgeUploads starting: olderThan=2018-06-14 20:28:02.433564561 +0000 UTC, actuallyDelete=true","time":"2018-06-21T20:28:02.433604878Z"}
2018-06-21T20:28:02.506012491Z {"level":"info","msg":"Purge uploads finished.  Num deleted=0, num errors=1","time":"2018-06-21T20:28:02.505849129Z"}
2018-06-21T20:28:02.506041223Z {"go.version":"go1.8.3","instance.id":"ac38dcf1-7f80-409c-ba51-6e26fb752022","level":"info","msg":"Starting upload purge in 24h0m0s","time":"2018-06-21T20:28:02.505883251Z","version":"v2.6.0+unknown"}
2018-06-22T20:28:02.506421238Z {"level":"info","msg":"PurgeUploads starting: olderThan=2018-06-15 20:28:02.506088071 +0000 UTC, actuallyDelete=true","time":"2018-06-22T20:28:02.50612243Z"}
2018-06-22T20:28:02.541474752Z {"level":"info","msg":"Purge uploads finished.  Num deleted=0, num errors=1","time":"2018-06-22T20:28:02.541199313Z"}
2018-06-22T20:28:02.541505011Z {"go.version":"go1.8.3","instance.id":"ac38dcf1-7f80-409c-ba51-6e26fb752022","level":"info","msg":"Starting upload purge in 24h0m0s","time":"2018-06-22T20:28:02.541234321Z","version":"v2.6.0+unknown"}
2018-06-23T20:28:02.541842849Z {"level":"info","msg":"PurgeUploads starting: olderThan=2018-06-16 20:28:02.541428359 +0000 UTC, actuallyDelete=true","time":"2018-06-23T20:28:02.541466801Z"}
2018-06-23T20:28:02.602794516Z {"level":"info","msg":"Purge uploads finished.  Num deleted=0, num errors=1","time":"2018-06-23T20:28:02.602483426Z"}
2018-06-23T20:28:02.602819062Z {"go.version":"go1.8.3","instance.id":"ac38dcf1-7f80-409c-ba51-6e26fb752022","level":"info","msg":"Starting upload purge in 24h0m0s","time":"2018-06-23T20:28:02.60251768Z","version":"v2.6.0+unknown"}
2018-06-24T20:28:02.603073657Z {"level":"info","msg":"PurgeUploads starting: olderThan=2018-06-17 20:28:02.602739164 +0000 UTC, actuallyDelete=true","time":"2018-06-24T20:28:02.602776289Z"}
2018-06-24T20:28:02.652901464Z {"level":"info","msg":"Purge uploads finished.  Num deleted=0, num errors=1","time":"2018-06-24T20:28:02.652620594Z"}
2018-06-24T20:28:02.652923887Z {"go.version":"go1.8.3","instance.id":"ac38dcf1-7f80-409c-ba51-6e26fb752022","level":"info","msg":"Starting upload purge in 24h0m0s","time":"2018-06-24T20:28:02.652654498Z","version":"v2.6.0+unknown"}
2018-06-25T20:28:02.653226152Z {"level":"info","msg":"PurgeUploads starting: olderThan=2018-06-18 20:28:02.652852137 +0000 UTC, actuallyDelete=true","time":"2018-06-25T20:28:02.652885577Z"}
2018-06-25T20:28:02.738693876Z {"level":"info","msg":"Purge uploads finished.  Num deleted=0, num errors=1","time":"2018-06-25T20:28:02.738416195Z"}
2018-06-25T20:28:02.738709054Z {"go.version":"go1.8.3","instance.id":"ac38dcf1-7f80-409c-ba51-6e26fb752022","level":"info","msg":"Starting upload purge in 24h0m0s","time":"2018-06-25T20:28:02.738444761Z","version":"v2.6.0+unknown"}
2018-06-26T15:27:32.848846621Z {"level":"info","msg":"Caching new license","time":"2018-06-26T15:27:32.848317886Z"}
2018-06-26T15:27:32.848866880Z {"level":"info","msg":"Caching new license","time":"2018-06-26T15:27:32.84852108Z"}
2018-06-26T15:27:32.850905699Z {"level":"info","msg":"change notified for license.json","time":"2018-06-26T15:27:32.850630307Z"}
2018-06-26T15:27:32.851293594Z {"level":"info","msg":"change notified for license.json","time":"2018-06-26T15:27:32.850955713Z"}
2018-06-26T20:28:02.739036727Z {"level":"info","msg":"PurgeUploads starting: olderThan=2018-06-19 20:28:02.738651447 +0000 UTC, actuallyDelete=true","time":"2018-06-26T20:28:02.738689634Z"}
2018-06-26T20:28:02.780534737Z {"level":"info","msg":"Purge uploads finished.  Num deleted=0, num errors=1","time":"2018-06-26T20:28:02.780290126Z"}
2018-06-26T20:28:02.780575792Z {"go.version":"go1.8.3","instance.id":"ac38dcf1-7f80-409c-ba51-6e26fb752022","level":"info","msg":"Starting upload purge in 24h0m0s","time":"2018-06-26T20:28:02.780326818Z","version":"v2.6.0+unknown"}
2018-06-27T20:28:02.780895993Z {"level":"info","msg":"PurgeUploads starting: olderThan=2018-06-20 20:28:02.780521891 +0000 UTC, actuallyDelete=true","time":"2018-06-27T20:28:02.780556952Z"}
2018-06-27T20:28:02.841949084Z {"level":"info","msg":"Purge uploads finished.  Num deleted=0, num errors=1","time":"2018-06-27T20:28:02.841679377Z"}
2018-06-27T20:28:02.841968468Z {"go.version":"go1.8.3","instance.id":"ac38dcf1-7f80-409c-ba51-6e26fb752022","level":"info","msg":"Starting upload purge in 24h0m0s","time":"2018-06-27T20:28:02.841707859Z","version":"v2.6.0+unknown"}
2018-06-28T17:58:30.024456734Z {"level":"info","msg":"Establishing connection with Rethinkdb","time":"2018-06-28T17:58:30Z"}
2018-06-28T17:58:31.605706904Z {"level":"info","msg":"Establishing connection with Rethinkdb","time":"2018-06-28T17:58:31Z"}
2018-06-28T17:58:31.651576357Z {"level":"info","msg":"writing out configs and watching for changes","time":"2018-06-28T17:58:31Z"}
2018-06-28T17:58:31.651596695Z {"level":"info","msg":"watching configs","time":"2018-06-28T17:58:31Z"}
2018-06-28T17:58:31.651604281Z {"level":"info","msg":"watching for changes to configtracker.configSpec{src:\"certs/registry_ca/cert.pem\", writer:(configtracker.WriterFunc)(0xbf9210), templateFunc:(configtracker.TemplateFunc)(0xbf76c0), cacheKey:\"7b201bbe-2ab6-4276-890a-62f3f45505ea\"}","time":"2018-06-28T17:58:31Z"}
2018-06-28T17:58:31.652303486Z {"level":"fatal","msg":"failed to track configs: unable to watch configs: gorethink: cannot subscribe to table `dtr2.properties`: primary replica for shard [\"\", +inf) not available in:\nr.DB(\"dtr2\").Table(\"properties\").Get(\"certs/registry_ca/cert.pem\").Changes(include_initial=true)","time":"2018-06-28T17:58:31Z"}
2018-06-28T17:58:33.584060720Z {"level":"info","msg":"Establishing connection with Rethinkdb","time":"2018-06-28T17:58:33Z"}
2018-06-28T17:58:33.684034890Z {"level":"info","msg":"Establishing connection with Rethinkdb","time":"2018-06-28T17:58:33Z"}
2018-06-28T17:58:33.722602433Z {"level":"info","msg":"writing out configs and watching for changes","time":"2018-06-28T17:58:33Z"}
2018-06-28T17:58:33.722629106Z {"level":"info","msg":"watching configs","time":"2018-06-28T17:58:33Z"}
2018-06-28T17:58:33.722636713Z {"level":"info","msg":"watching for changes to configtracker.configSpec{src:\"certs/registry_ca/cert.pem\", writer:(configtracker.WriterFunc)(0xbf9210), templateFunc:(configtracker.TemplateFunc)(0xbf76c0), cacheKey:\"93b62862-fe0c-48e4-b1b5-c2f045d48ad7\"}","time":"2018-06-28T17:58:33Z"}
2018-06-28T17:58:33.746250461Z {"level":"info","msg":"watching for changes to configtracker.configSpec{src:\"certs/registry_server/cert.pem/1234567890ab\", writer:(configtracker.WriterFunc)(0xbf9210), templateFunc:(configtracker.TemplateFunc)(0xbf76c0), cacheKey:\"6f014c9b-ffba-43ba-9c88-911c38246196\"}","time":"2018-06-28T17:58:33Z"}
2018-06-28T17:58:33.768596778Z {"level":"info","msg":"watching for changes to configtracker.configSpec{src:\"certs/registry_server/key.pem/1234567890ab\", writer:(configtracker.WriterFunc)(0xbf9210), templateFunc:(configtracker.TemplateFunc)(0xbf76c0), cacheKey:\"0e876b75-bc54-4406-9624-75960925e9a2\"}","time":"2018-06-28T17:58:33Z"}
2018-06-28T17:58:33.787518717Z {"level":"info","msg":"watching for changes to configtracker.configSpec{src:\"storage.yml\", writer:(configtracker.WriterFunc)(0xbf9210), templateFunc:(configtracker.TemplateFunc)(0xfe22c0), cacheKey:\"e25f5b14-d7a4-404f-89c5-239f11779593\"}","time":"2018-06-28T17:58:33Z"}
2018-06-28T17:58:33.810202726Z {"level":"info","msg":"watching for changes to configtracker.configSpec{src:\"certs/garant_signing_ca/cert.pem\", writer:(configtracker.WriterFunc)(0xbf9210), templateFunc:(configtracker.TemplateFunc)(0xbf76c0), cacheKey:\"55f9db75-79b3-4051-b4a2-60f9cd6abd7b\"}","time":"2018-06-28T17:58:33Z"}
2018-06-28T17:58:33.836601512Z {"level":"info","msg":"watching for changes to configtracker.configSpec{src:\"ha.json\", writer:(configtracker.WriterFunc)(0xbf9210), templateFunc:(configtracker.TemplateFunc)(0xbf87a0), cacheKey:\"421e1237-52dd-44bb-bf16-5d0976a30aff\"}","time":"2018-06-28T17:58:33Z"}
2018-06-28T17:58:33.866807314Z {"level":"info","msg":"watching for changes to configtracker.configSpec{src:\"ha.json\", writer:(configtracker.WriterFunc)(0xbf9210), templateFunc:(configtracker.TemplateFunc)(0xbf87a0), cacheKey:\"fcbcc796-f76b-4c7e-bc6f-14c650b01979\"}","time":"2018-06-28T17:58:33Z"}
2018-06-28T17:58:33.903577049Z {"level":"info","msg":"watching for changes to configtracker.configSpec{src:\"metadataStoreOptedIn\", writer:(configtracker.WriterFunc)(0xbf8410), templateFunc:(configtracker.TemplateFunc)(0xbf76c0), cacheKey:\"026594dc-223f-4def-bc4a-4793aa4c7ff9\"}","time":"2018-06-28T17:58:33Z"}
2018-06-28T17:58:33.912756613Z {"level":"info","msg":"watching for changes to configtracker.configSpec{src:\"blobLinksMigrated\", writer:(configtracker.WriterFunc)(0xbf8410), templateFunc:(configtracker.TemplateFunc)(0xbf76c0), cacheKey:\"8a4289f5-25eb-452d-b318-d53085a47ece\"}","time":"2018-06-28T17:58:33Z"}
2018-06-28T17:58:33.945600994Z {"level":"info","msg":"no longer in read-only mode: property not set","time":"2018-06-28T17:58:33Z"}
2018-06-28T17:58:33.945625433Z {"level":"info","msg":"writing out configs and watching for changes","time":"2018-06-28T17:58:33Z"}
2018-06-28T17:58:33.945634421Z {"level":"info","msg":"watching configs","time":"2018-06-28T17:58:33Z"}
2018-06-28T17:58:33.945641263Z {"level":"info","msg":"watching for changes to configtracker.configSpec{src:\"license.json\", writer:(configtracker.WriterFunc)(0xc1ff90), templateFunc:(configtracker.TemplateFunc)(0xbf76c0), cacheKey:\"ad6a22c0-b0cf-4d64-9904-dc0f9b474e4b\"}","time":"2018-06-28T17:58:33Z"}
2018-06-28T17:58:33.946105770Z {"level":"info","msg":"Caching new license","time":"2018-06-28T17:58:33Z"}
2018-06-28T17:58:33.949342403Z {"level":"info","msg":"writing out configs and watching for changes","time":"2018-06-28T17:58:33Z"}
2018-06-28T17:58:33.949360359Z {"level":"info","msg":"watching configs","time":"2018-06-28T17:58:33Z"}
2018-06-28T17:58:33.949369335Z {"level":"info","msg":"watching for changes to configtracker.configSpec{src:\"license.json\", writer:(configtracker.WriterFunc)(0xc1ff90), templateFunc:(configtracker.TemplateFunc)(0xbf76c0), cacheKey:\"b8738245-c7c4-4ae0-946e-f42ad7d3c373\"}","time":"2018-06-28T17:58:33Z"}
2018-06-28T17:58:33.951247697Z {"level":"info","msg":"Caching new license","time":"2018-06-28T17:58:33Z"}
2018-06-28T17:58:33.970365060Z {"go.version":"go1.8.3","instance.id":"d98f7798-06ae-4eff-aa40-a17c60f3d7bc","level":"info","msg":"redis not configured","time":"2018-06-28T17:58:33.969811586Z","version":"v2.6.0+unknown"}
2018-06-28T17:58:33.970383381Z {"go.version":"go1.8.3","instance.id":"d98f7798-06ae-4eff-aa40-a17c60f3d7bc","level":"info","msg":"Starting upload purge in 27m0s","time":"2018-06-28T17:58:33.970067328Z","version":"v2.6.0+unknown"}
2018-06-28T17:58:33.970812870Z {"go.version":"go1.8.3","instance.id":"d98f7798-06ae-4eff-aa40-a17c60f3d7bc","level":"info","msg":"listening on [::]:5000, tls","time":"2018-06-28T17:58:33.970679151Z","version":"v2.6.0+unknown"}
2018-06-28T18:25:33.970688895Z {"level":"info","msg":"PurgeUploads starting: olderThan=2018-06-21 18:25:33.970283794 +0000 UTC, actuallyDelete=true","time":"2018-06-28T18:25:33.970356239Z"}
2018-06-28T18:25:34.036000709Z {"level":"info","msg":"Purge uploads finished.  Num deleted=0, num errors=1","time":"2018-06-28T18:25:34.035803025Z"}
2018-06-28T18:25:34.036015588Z {"go.version":"go1.8.3","instance.id":"d98f7798-06ae-4eff-aa40-a17c60f3d7bc","level":"info","msg":"Starting upload purge in 24h0m0s","time":"2018-06-28T18:25:34.0358333Z","version":"v2.6.0+unknown"}
2018-06-29T18:25:34.036367687Z {"level":"info","msg":"PurgeUploads starting: olderThan=2018-06-22 18:25:34.036039061 +0000 UTC, actuallyDelete=true","time":"2018-06-29T18:25:34.03607358Z"}
2018-06-29T18:25:34.130863296Z {"level":"info","msg":"Purge uploads finished.  Num deleted=0, num errors=1","time":"2018-06-29T18:25:34.130577821Z"}
2018-06-29T18:25:34.130894003Z {"go.version":"go1.8.3","instance.id":"d98f7798-06ae-4eff-aa40-a17c60f3d7bc","level":"info","msg":"Starting upload purge in 24h0m0s","time":"2018-06-29T18:25:34.130616024Z","version":"v2.6.0+unknown"}
2018-06-30T18:25:34.131246830Z {"level":"info","msg":"PurgeUploads starting: olderThan=2018-06-23 18:25:34.130821699 +0000 UTC, actuallyDelete=true","time":"2018-06-30T18:25:34.13085724Z"}
2018-06-30T18:25:34.190540196Z {"level":"info","msg":"Purge uploads finished.  Num deleted=0, num errors=1","time":"2018-06-30T18:25:34.190254335Z"}
2018-06-30T18:25:34.190560847Z {"go.version":"go1.8.3","instance.id":"d98f7798-06ae-4eff-aa40-a17c60f3d7bc","level":"info","msg":"Starting upload purge in 24h0m0s","time":"2018-06-30T18:25:34.19028412Z","version":"v2.6.0+unknown"}
2018-07-01T18:25:34.190856423Z {"level":"info","msg":"PurgeUploads starting: olderThan=2018-06-24 18:25:34.190477016 +0000 UTC, actuallyDelete=true","time":"2018-07-01T18:25:34.190514607Z"}
2018-07-01T18:25:34.345592601Z {"level":"info","msg":"Purge uploads finished.  Num deleted=0, num errors=1","time":"2018-07-01T18:25:34.345285332Z"}
2018-07-01T18:25:34.345620745Z {"go.version":"go1.8.3","instance.id":"d98f7798-06ae-4eff-aa40-a17c60f3d7bc","level":"info","msg":"Starting upload purge in 24h0m0s","time":"2018-07-01T18:25:34.345325081Z","version":"v2.6.0+unknown"}
2018-07-02T18:25:34.345923407Z {"level":"info","msg":"PurgeUploads starting: olderThan=2018-06-25 18:25:34.345551556 +0000 UTC, actuallyDelete=true","time":"2018-07-02T18:25:34.345586562Z"}
2018-07-02T18:25:34.401947161Z {"level":"info","msg":"Purge uploads finished.  Num deleted=0, num errors=1","time":"2018-07-02T18:25:34.401645554Z"}
2018-07-02T18:25:34.401978277Z {"go.version":"go1.8.3","instance.id":"d98f7798-06ae-4eff-aa40-a17c60f3d7bc","level":"info","msg":"Starting upload purge in 24h0m0s","time":"2018-07-02T18:25:34.401685193Z","version":"v2.6.0+unknown"}
2018-07-03T18:25:34.402266463Z {"level":"info","msg":"PurgeUploads starting: olderThan=2018-06-26 18:25:34.40191229 +0000 UTC, actuallyDelete=true","time":"2018-07-03T18:25:34.401947987Z"}
2018-07-03T18:25:34.475689738Z {"level":"info","msg":"Purge uploads finished.  Num deleted=0, num errors=1","time":"2018-07-03T18:25:34.475400813Z"}
2018-07-03T18:25:34.475720473Z {"go.version":"go1.8.3","instance.id":"d98f7798-06ae-4eff-aa40-a17c60f3d7bc","level":"info","msg":"Starting upload purge in 24h0m0s","time":"2018-07-03T18:25:34.475443897Z","version":"v2.6.0+unknown"}
2018-07-04T18:25:34.476053761Z {"level":"info","msg":"PurgeUploads starting: olderThan=2018-06-27 18:25:34.475657198 +0000 UTC, actuallyDelete=true","time":"2018-07-04T18:25:34.47569193Z"}
2018-07-04T18:25:34.554800833Z {"level":"info","msg":"Purge uploads finished.  Num deleted=0, num errors=1","time":"2018-07-04T18:25:34.554516612Z"}
2018-07-04T18:25:34.554819149Z {"go.version":"go1.8.3","instance.id":"d98f7798-06ae-4eff-aa40-a17c60f3d7bc","level":"info","msg":"Starting upload purge in 24h0m0s","time":"2018-07-04T18:25:34.554546447Z","version":"v2.6.0+unknown"}
2018-07-05T18:25:34.555098658Z {"level":"info","msg":"PurgeUploads starting: olderThan=2018-06-28 18:25:34.55476383 +0000 UTC, actuallyDelete=true","time":"2018-07-05T18:25:34.554799Z"}
2018-07-05T18:25:34.626860689Z {"level":"info","msg":"Purge uploads finished.  Num deleted=0, num errors=1","time":"2018-07-05T18:25:34.626525886Z"}
2018-07-05T18:25:34.626891432Z {"go.version":"go1.8.3","instance.id":"d98f7798-06ae-4eff-aa40-a17c60f3d7bc","level":"info","msg":"Starting upload purge in 24h0m0s","time":"2018-07-05T18:25:34.626584995Z","version":"v2.6.0+unknown"}
2018-07-06T18:25:34.627191803Z {"level":"info","msg":"PurgeUploads starting: olderThan=2018-06-29 18:25:34.626792071 +0000 UTC, actuallyDelete=true","time":"2018-07-06T18:25:34.626823513Z"}
2018-07-06T18:25:36.681044136Z {"level":"info","msg":"Purge uploads finished.  Num deleted=0, num errors=1","time":"2018-07-06T18:25:36.680739704Z"}
2018-07-06T18:25:36.681075614Z {"go.version":"go1.8.3","instance.id":"d98f7798-06ae-4eff-aa40-a17c60f3d7bc","level":"info","msg":"Starting upload purge in 24h0m0s","time":"2018-07-06T18:25:36.680781836Z","version":"v2.6.0+unknown"}
2018-07-07T18:25:36.681337038Z {"level":"info","msg":"PurgeUploads starting: olderThan=2018-06-30 18:25:36.680984378 +0000 UTC, actuallyDelete=true","time":"2018-07-07T18:25:36.681016255Z"}
2018-07-07T18:25:36.744223560Z {"level":"info","msg":"Purge uploads finished.  Num deleted=0, num errors=1","time":"2018-07-07T18:25:36.743939186Z"}
2018-07-07T18:25:36.744246078Z {"go.version":"go1.8.3","instance.id":"d98f7798-06ae-4eff-aa40-a17c60f3d7bc","level":"info","msg":"Starting upload purge in 24h0m0s","time":"2018-07-07T18:25:36.743967061Z","version":"v2.6.0+unknown"}
2018-07-08T18:25:36.744546283Z {"level":"info","msg":"PurgeUploads starting: olderThan=2018-07-01 18:25:36.744208086 +0000 UTC, actuallyDelete=true","time":"2018-07-08T18:25:36.744243503Z"}
2018-07-08T18:25:36.818835624Z {"level":"info","msg":"Purge uploads finished.  Num deleted=0, num errors=1","time":"2018-07-08T18:25:36.818504269Z"}
2018-07-08T18:25:36.818868973Z {"go.version":"go1.8.3","instance.id":"d98f7798-06ae-4eff-aa40-a17c60f3d7bc","level":"info","msg":"Starting upload purge in 24h0m0s","time":"2018-07-08T18:25:36.818546002Z","version":"v2.6.0+unknown"}
2018-07-09T18:25:36.819119380Z {"level":"info","msg":"PurgeUploads starting: olderThan=2018-07-02 18:25:36.818765705 +0000 UTC, actuallyDelete=true","time":"2018-07-09T18:25:36.81879981Z"}
2018-07-09T18:25:36.915270013Z {"level":"info","msg":"Purge uploads finished.  Num deleted=0, num errors=1","time":"2018-07-09T18:25:36.914920831Z"}
2018-07-09T18:25:36.915300451Z {"go.version":"go1.8.3","instance.id":"d98f7798-06ae-4eff-aa40-a17c60f3d7bc","level":"info","msg":"Starting upload purge in 24h0m0s","time":"2018-07-09T18:25:36.914961534Z","version":"v2.6.0+unknown"}
2018-07-10T18:25:36.915571626Z {"level":"info","msg":"PurgeUploads starting: olderThan=2018-07-03 18:25:36.915207555 +0000 UTC, actuallyDelete=true","time":"2018-07-10T18:25:36.915246095Z"}
2018-07-10T18:25:36.968900406Z {"level":"info","msg":"Purge uploads finished.  Num deleted=0, num errors=1","time":"2018-07-10T18:25:36.968620683Z"}
2018-07-10T18:25:36.968929405Z {"go.version":"go1.8.3","instance.id":"d98f7798-06ae-4eff-aa40-a17c60f3d7bc","level":"info","msg":"Starting upload purge in 24h0m0s","time":"2018-07-10T18:25:36.968660288Z","version":"v2.6.0+unknown"}
2018-07-11T18:25:36.969110902Z {"level":"info","msg":"PurgeUploads starting: olderThan=2018-07-04 18:25:36.968884017 +0000 UTC, actuallyDelete=true","time":"2018-07-11T18:25:36.968919449Z"}
2018-07-11T18:25:37.018612991Z {"level":"info","msg":"Purge uploads finished.  Num deleted=0, num errors=1","time":"2018-07-11T18:25:37.018315093Z"}
2018-07-11T18:25:37.018643173Z {"go.version":"go1.8.3","instance.id":"d98f7798-06ae-4eff-aa40-a17c60f3d7bc","level":"info","msg":"Starting upload purge in 24h0m0s","time":"2018-07-11T18:25:37.018356802Z","version":"v2.6.0+unknown"}
2018-07-11T19:30:23.430570414Z {"go.version":"go1.8.3","http.request.host":"dtr.jswann.dockerps.io","http.request.id":"5b4ed2f2-1c89-48bb-a31c-c44b29643e17","http.request.method":"GET","http.request.remoteaddr":"172.31.59.242","http.request.uri":"/v2/","http.request.useragent":"docker/18.05.0-ce go/go1.10.1 git-commit/f150324 kernel/4.9.93-linuxkit-aufs os/linux arch/amd64 UpstreamClient(Docker-Client/18.05.0-ce \\(darwin\\))","level":"warning","msg":"error authorizing context: authorization token required","time":"2018-07-11T19:30:23.43016982Z"}
2018-07-11T19:30:23.430728880Z 10.1.0.29 - - [11/Jul/2018:19:30:23 +0000] "GET /v2/ HTTP/1.1" 401 87 "" "docker/18.05.0-ce go/go1.10.1 git-commit/f150324 kernel/4.9.93-linuxkit-aufs os/linux arch/amd64 UpstreamClient(Docker-Client/18.05.0-ce \\(darwin\\))"
2018-07-11T19:30:23.705532252Z {"go.version":"go1.8.3","http.request.host":"dtr.jswann.dockerps.io","http.request.id":"bd243aca-f9d4-4b80-b957-b6b010012d96","http.request.method":"GET","http.request.remoteaddr":"172.31.59.242","http.request.uri":"/v2/","http.request.useragent":"docker/18.05.0-ce go/go1.10.1 git-commit/f150324 kernel/4.9.93-linuxkit-aufs os/linux arch/amd64 UpstreamClient(Docker-Client/18.05.0-ce \\(darwin\\))","http.response.contenttype":"application/json; charset=utf-8","http.response.duration":"1.690517ms","http.response.status":200,"http.response.written":2,"level":"info","msg":"response completed","time":"2018-07-11T19:30:23.705129189Z"}
2018-07-11T19:30:23.705761316Z 10.1.0.29 - - [11/Jul/2018:19:30:23 +0000] "GET /v2/ HTTP/1.1" 200 2 "" "docker/18.05.0-ce go/go1.10.1 git-commit/f150324 kernel/4.9.93-linuxkit-aufs os/linux arch/amd64 UpstreamClient(Docker-Client/18.05.0-ce \\(darwin\\))"
2018-07-11T19:33:28.024867177Z {"go.version":"go1.8.3","http.request.host":"dtr.jswann.dockerps.io","http.request.id":"46434869-4f12-4047-b9cd-994dfcb39a43","http.request.method":"GET","http.request.remoteaddr":"172.31.59.242","http.request.uri":"/v2/","http.request.useragent":"docker/18.05.0-ce go/go1.10.1 git-commit/f150324 kernel/4.9.93-linuxkit-aufs os/linux arch/amd64 UpstreamClient(Docker-Client/18.05.0-ce \\(darwin\\))","level":"warning","msg":"error authorizing context: authorization token required","time":"2018-07-11T19:33:28.024599377Z"}
2018-07-11T19:33:28.024933149Z 10.1.0.29 - - [11/Jul/2018:19:33:28 +0000] "GET /v2/ HTTP/1.1" 401 87 "" "docker/18.05.0-ce go/go1.10.1 git-commit/f150324 kernel/4.9.93-linuxkit-aufs os/linux arch/amd64 UpstreamClient(Docker-Client/18.05.0-ce \\(darwin\\))"
2018-07-11T19:33:28.259606132Z {"auth.user.name":"513b607f-8d3f-477d-b002-e525b36de89d","err.code":"blob unknown","err.detail":"sha256:8e3ba11ec2a2b39ab372c60c16b421536e50e5ce64a0bc81765c2e38381bcff6","err.message":"blob unknown to registry","go.version":"go1.8.3","http.request.host":"dtr.jswann.dockerps.io","http.request.id":"a07b1957-750a-45d1-a818-b5d6bbcb9917","http.request.method":"HEAD","http.request.remoteaddr":"172.31.59.242","http.request.uri":"/v2/webapp/alpine/blobs/sha256:8e3ba11ec2a2b39ab372c60c16b421536e50e5ce64a0bc81765c2e38381bcff6","http.request.useragent":"docker/18.05.0-ce go/go1.10.1 git-commit/f150324 kernel/4.9.93-linuxkit-aufs os/linux arch/amd64 UpstreamClient(Docker-Client/18.05.0-ce \\(darwin\\))","http.response.contenttype":"application/json; charset=utf-8","http.response.duration":"49.917756ms","http.response.status":404,"http.response.written":157,"level":"error","msg":"response completed with error","time":"2018-07-11T19:33:28.259348144Z","vars.digest":"sha256:8e3ba11ec2a2b39ab372c60c16b421536e50e5ce64a0bc81765c2e38381bcff6","vars.name":"webapp/alpine"}
2018-07-11T19:33:28.259719877Z 10.1.0.29 - - [11/Jul/2018:19:33:28 +0000] "HEAD /v2/webapp/alpine/blobs/sha256:8e3ba11ec2a2b39ab372c60c16b421536e50e5ce64a0bc81765c2e38381bcff6 HTTP/1.1" 404 157 "" "docker/18.05.0-ce go/go1.10.1 git-commit/f150324 kernel/4.9.93-linuxkit-aufs os/linux arch/amd64 UpstreamClient(Docker-Client/18.05.0-ce \\(darwin\\))"
2018-07-11T19:33:28.354847474Z 10.1.0.29 - - [11/Jul/2018:19:33:28 +0000] "POST /v2/webapp/alpine/blobs/uploads/ HTTP/1.1" 202 0 "" "docker/18.05.0-ce go/go1.10.1 git-commit/f150324 kernel/4.9.93-linuxkit-aufs os/linux arch/amd64 UpstreamClient(Docker-Client/18.05.0-ce \\(darwin\\))"
2018-07-11T19:33:28.354914097Z {"go.version":"go1.8.3","http.request.host":"dtr.jswann.dockerps.io","http.request.id":"897ee834-9bf8-450f-b56d-2ec5f0a9e80f","http.request.method":"POST","http.request.remoteaddr":"172.31.59.242","http.request.uri":"/v2/webapp/alpine/blobs/uploads/","http.request.useragent":"docker/18.05.0-ce go/go1.10.1 git-commit/f150324 kernel/4.9.93-linuxkit-aufs os/linux arch/amd64 UpstreamClient(Docker-Client/18.05.0-ce \\(darwin\\))","http.response.duration":"29.704001ms","http.response.status":202,"http.response.written":0,"level":"info","msg":"response completed","time":"2018-07-11T19:33:28.354585204Z"}
2018-07-11T19:33:29.793253373Z {"go.version":"go1.8.3","http.request.host":"dtr.jswann.dockerps.io","http.request.id":"4401daec-30e1-42bd-93eb-ad7b387c814a","http.request.method":"PATCH","http.request.remoteaddr":"172.31.59.242","http.request.uri":"/v2/webapp/alpine/blobs/uploads/acf3d7dd-9f36-48c9-a791-775b636139a8?_state=iqMIhcLmqH5ydJ1C1toBgMgSWRRRdBoPuTJJqBaYXP57Ik5hbWUiOiJ3ZWJhcHAvYWxwaW5lIiwiVVVJRCI6ImFjZjNkN2RkLTlmMzYtNDhjOS1hNzkxLTc3NWI2MzYxMzlhOCIsIk9mZnNldCI6MCwiU3RhcnRlZEF0IjoiMjAxOC0wNy0xMVQxOTozMzoyOC4zMjY3NTkwNDhaIn0%3D","http.request.useragent":"docker/18.05.0-ce go/go1.10.1 git-commit/f150324 kernel/4.9.93-linuxkit-aufs os/linux arch/amd64 UpstreamClient(Docker-Client/18.05.0-ce \\(darwin\\))","http.response.duration":"1.354812081s","http.response.status":202,"http.response.written":0,"level":"info","msg":"response completed","time":"2018-07-11T19:33:29.792922274Z"}
2018-07-11T19:33:29.793370334Z 10.1.0.29 - - [11/Jul/2018:19:33:28 +0000] "PATCH /v2/webapp/alpine/blobs/uploads/acf3d7dd-9f36-48c9-a791-775b636139a8?_state=iqMIhcLmqH5ydJ1C1toBgMgSWRRRdBoPuTJJqBaYXP57Ik5hbWUiOiJ3ZWJhcHAvYWxwaW5lIiwiVVVJRCI6ImFjZjNkN2RkLTlmMzYtNDhjOS1hNzkxLTc3NWI2MzYxMzlhOCIsIk9mZnNldCI6MCwiU3RhcnRlZEF0IjoiMjAxOC0wNy0xMVQxOTozMzoyOC4zMjY3NTkwNDhaIn0%3D HTTP/1.1" 202 0 "" "docker/18.05.0-ce go/go1.10.1 git-commit/f150324 kernel/4.9.93-linuxkit-aufs os/linux arch/amd64 UpstreamClient(Docker-Client/18.05.0-ce \\(darwin\\))"
2018-07-11T19:33:30.292661666Z 10.1.0.29 - - [11/Jul/2018:19:33:29 +0000] "PUT /v2/webapp/alpine/blobs/uploads/acf3d7dd-9f36-48c9-a791-775b636139a8?_state=Z-Q5IuPQ44l-GV0t1R0j4roIV8EZFaEVDchEU9DKKGp7Ik5hbWUiOiJ3ZWJhcHAvYWxwaW5lIiwiVVVJRCI6ImFjZjNkN2RkLTlmMzYtNDhjOS1hNzkxLTc3NWI2MzYxMzlhOCIsIk9mZnNldCI6MjIwNjU0MiwiU3RhcnRlZEF0IjoiMjAxOC0wNy0xMVQxOTozMzoyOFoifQ%3D%3D&digest=sha256%3A8e3ba11ec2a2b39ab372c60c16b421536e50e5ce64a0bc81765c2e38381bcff6 HTTP/1.1" 201 0 "" "docker/18.05.0-ce go/go1.10.1 git-commit/f150324 kernel/4.9.93-linuxkit-aufs os/linux arch/amd64 UpstreamClient(Docker-Client/18.05.0-ce \\(darwin\\))"
2018-07-11T19:33:30.292671442Z {"go.version":"go1.8.3","http.request.host":"dtr.jswann.dockerps.io","http.request.id":"d63b49d3-8bc7-48c6-a80c-0359081b34f7","http.request.method":"PUT","http.request.remoteaddr":"172.31.59.242","http.request.uri":"/v2/webapp/alpine/blobs/uploads/acf3d7dd-9f36-48c9-a791-775b636139a8?_state=Z-Q5IuPQ44l-GV0t1R0j4roIV8EZFaEVDchEU9DKKGp7Ik5hbWUiOiJ3ZWJhcHAvYWxwaW5lIiwiVVVJRCI6ImFjZjNkN2RkLTlmMzYtNDhjOS1hNzkxLTc3NWI2MzYxMzlhOCIsIk9mZnNldCI6MjIwNjU0MiwiU3RhcnRlZEF0IjoiMjAxOC0wNy0xMVQxOTozMzoyOFoifQ%3D%3D\u0026digest=sha256%3A8e3ba11ec2a2b39ab372c60c16b421536e50e5ce64a0bc81765c2e38381bcff6","http.request.useragent":"docker/18.05.0-ce go/go1.10.1 git-commit/f150324 kernel/4.9.93-linuxkit-aufs os/linux arch/amd64 UpstreamClient(Docker-Client/18.05.0-ce \\(darwin\\))","http.response.duration":"429.054771ms","http.response.status":201,"http.response.written":0,"level":"info","msg":"response completed","time":"2018-07-11T19:33:30.292320702Z"}
2018-07-11T19:33:30.439702752Z {"go.version":"go1.8.3","http.request.host":"dtr.jswann.dockerps.io","http.request.id":"9b55dbc2-bbad-4d3b-a3ab-24ec13ed5d6e","http.request.method":"HEAD","http.request.remoteaddr":"172.31.59.242","http.request.uri":"/v2/webapp/alpine/blobs/sha256:8e3ba11ec2a2b39ab372c60c16b421536e50e5ce64a0bc81765c2e38381bcff6","http.request.useragent":"docker/18.05.0-ce go/go1.10.1 git-commit/f150324 kernel/4.9.93-linuxkit-aufs os/linux arch/amd64 UpstreamClient(Docker-Client/18.05.0-ce \\(darwin\\))","http.response.contenttype":"application/octet-stream","http.response.duration":"81.024307ms","http.response.status":307,"http.response.written":0,"level":"info","msg":"response completed","time":"2018-07-11T19:33:30.439288941Z"}
2018-07-11T19:33:30.439864806Z 10.1.0.29 - - [11/Jul/2018:19:33:30 +0000] "HEAD /v2/webapp/alpine/blobs/sha256:8e3ba11ec2a2b39ab372c60c16b421536e50e5ce64a0bc81765c2e38381bcff6 HTTP/1.1" 307 0 "" "docker/18.05.0-ce go/go1.10.1 git-commit/f150324 kernel/4.9.93-linuxkit-aufs os/linux arch/amd64 UpstreamClient(Docker-Client/18.05.0-ce \\(darwin\\))"
2018-07-11T19:33:30.747261023Z {"auth.user.name":"513b607f-8d3f-477d-b002-e525b36de89d","err.code":"blob unknown","err.detail":"sha256:11cd0b38bc3ceb958ffb2f9bd70be3fb317ce7d255c8a4c3f4af30e298aa1aab","err.message":"blob unknown to registry","go.version":"go1.8.3","http.request.host":"dtr.jswann.dockerps.io","http.request.id":"3cf9cb9a-0aec-4627-b920-075f08757792","http.request.method":"HEAD","http.request.remoteaddr":"172.31.59.242","http.request.uri":"/v2/webapp/alpine/blobs/sha256:11cd0b38bc3ceb958ffb2f9bd70be3fb317ce7d255c8a4c3f4af30e298aa1aab","http.request.useragent":"docker/18.05.0-ce go/go1.10.1 git-commit/f150324 kernel/4.9.93-linuxkit-aufs os/linux arch/amd64 UpstreamClient(Docker-Client/18.05.0-ce \\(darwin\\))","http.response.contenttype":"application/json; charset=utf-8","http.response.duration":"8.48667ms","http.response.status":404,"http.response.written":157,"level":"error","msg":"response completed with error","time":"2018-07-11T19:33:30.746938629Z","vars.digest":"sha256:11cd0b38bc3ceb958ffb2f9bd70be3fb317ce7d255c8a4c3f4af30e298aa1aab","vars.name":"webapp/alpine"}
2018-07-11T19:33:30.747411513Z 10.1.0.29 - - [11/Jul/2018:19:33:30 +0000] "HEAD /v2/webapp/alpine/blobs/sha256:11cd0b38bc3ceb958ffb2f9bd70be3fb317ce7d255c8a4c3f4af30e298aa1aab HTTP/1.1" 404 157 "" "docker/18.05.0-ce go/go1.10.1 git-commit/f150324 kernel/4.9.93-linuxkit-aufs os/linux arch/amd64 UpstreamClient(Docker-Client/18.05.0-ce \\(darwin\\))"
2018-07-11T19:33:30.878676195Z {"go.version":"go1.8.3","http.request.host":"dtr.jswann.dockerps.io","http.request.id":"ed947f9f-7e21-450e-a2d8-1e04469403a3","http.request.method":"POST","http.request.remoteaddr":"172.31.59.242","http.request.uri":"/v2/webapp/alpine/blobs/uploads/","http.request.useragent":"docker/18.05.0-ce go/go1.10.1 git-commit/f150324 kernel/4.9.93-linuxkit-aufs os/linux arch/amd64 UpstreamClient(Docker-Client/18.05.0-ce \\(darwin\\))","http.response.duration":"60.068309ms","http.response.status":202,"http.response.written":0,"level":"info","msg":"response completed","time":"2018-07-11T19:33:30.878363675Z"}
2018-07-11T19:33:30.878760989Z 10.1.0.29 - - [11/Jul/2018:19:33:30 +0000] "POST /v2/webapp/alpine/blobs/uploads/ HTTP/1.1" 202 0 "" "docker/18.05.0-ce go/go1.10.1 git-commit/f150324 kernel/4.9.93-linuxkit-aufs os/linux arch/amd64 UpstreamClient(Docker-Client/18.05.0-ce \\(darwin\\))"
2018-07-11T19:33:31.058585814Z {"go.version":"go1.8.3","http.request.host":"dtr.jswann.dockerps.io","http.request.id":"baa9c8e4-df9f-4e9e-b0b4-c4147e043683","http.request.method":"PATCH","http.request.remoteaddr":"172.31.59.242","http.request.uri":"/v2/webapp/alpine/blobs/uploads/59922781-3f7c-4feb-bcb8-9e0b6454d749?_state=J9WQ-M1YWS9p8cNrg7cWutDwWzTvDVegh-KhOuxWQGN7Ik5hbWUiOiJ3ZWJhcHAvYWxwaW5lIiwiVVVJRCI6IjU5OTIyNzgxLTNmN2MtNGZlYi1iY2I4LTllMGI2NDU0ZDc0OSIsIk9mZnNldCI6MCwiU3RhcnRlZEF0IjoiMjAxOC0wNy0xMVQxOTozMzozMC44MTk3OTMyODJaIn0%3D","http.request.useragent":"docker/18.05.0-ce go/go1.10.1 git-commit/f150324 kernel/4.9.93-linuxkit-aufs os/linux arch/amd64 UpstreamClient(Docker-Client/18.05.0-ce \\(darwin\\))","http.response.duration":"106.767846ms","http.response.status":202,"http.response.written":0,"level":"info","msg":"response completed","time":"2018-07-11T19:33:31.05828957Z"}
2018-07-11T19:33:31.058853082Z 10.1.0.29 - - [11/Jul/2018:19:33:30 +0000] "PATCH /v2/webapp/alpine/blobs/uploads/59922781-3f7c-4feb-bcb8-9e0b6454d749?_state=J9WQ-M1YWS9p8cNrg7cWutDwWzTvDVegh-KhOuxWQGN7Ik5hbWUiOiJ3ZWJhcHAvYWxwaW5lIiwiVVVJRCI6IjU5OTIyNzgxLTNmN2MtNGZlYi1iY2I4LTllMGI2NDU0ZDc0OSIsIk9mZnNldCI6MCwiU3RhcnRlZEF0IjoiMjAxOC0wNy0xMVQxOTozMzozMC44MTk3OTMyODJaIn0%3D HTTP/1.1" 202 0 "" "docker/18.05.0-ce go/go1.10.1 git-commit/f150324 kernel/4.9.93-linuxkit-aufs os/linux arch/amd64 UpstreamClient(Docker-Client/18.05.0-ce \\(darwin\\))"
2018-07-11T19:33:31.827360699Z 10.1.0.29 - - [11/Jul/2018:19:33:31 +0000] "PUT /v2/webapp/alpine/blobs/uploads/59922781-3f7c-4feb-bcb8-9e0b6454d749?_state=4EkTKlhPAiAidTsyuuNIe4kOwlKH-Mo1hFd-rwDjl257Ik5hbWUiOiJ3ZWJhcHAvYWxwaW5lIiwiVVVJRCI6IjU5OTIyNzgxLTNmN2MtNGZlYi1iY2I4LTllMGI2NDU0ZDc0OSIsIk9mZnNldCI6MTUxMiwiU3RhcnRlZEF0IjoiMjAxOC0wNy0xMVQxOTozMzozMFoifQ%3D%3D&digest=sha256%3A11cd0b38bc3ceb958ffb2f9bd70be3fb317ce7d255c8a4c3f4af30e298aa1aab HTTP/1.1" 201 0 "" "docker/18.05.0-ce go/go1.10.1 git-commit/f150324 kernel/4.9.93-linuxkit-aufs os/linux arch/amd64 UpstreamClient(Docker-Client/18.05.0-ce \\(darwin\\))"
2018-07-11T19:33:31.827360222Z {"go.version":"go1.8.3","http.request.host":"dtr.jswann.dockerps.io","http.request.id":"fa11a10a-4409-4788-b047-6dd525a90a74","http.request.method":"PUT","http.request.remoteaddr":"172.31.59.242","http.request.uri":"/v2/webapp/alpine/blobs/uploads/59922781-3f7c-4feb-bcb8-9e0b6454d749?_state=4EkTKlhPAiAidTsyuuNIe4kOwlKH-Mo1hFd-rwDjl257Ik5hbWUiOiJ3ZWJhcHAvYWxwaW5lIiwiVVVJRCI6IjU5OTIyNzgxLTNmN2MtNGZlYi1iY2I4LTllMGI2NDU0ZDc0OSIsIk9mZnNldCI6MTUxMiwiU3RhcnRlZEF0IjoiMjAxOC0wNy0xMVQxOTozMzozMFoifQ%3D%3D\u0026digest=sha256%3A11cd0b38bc3ceb958ffb2f9bd70be3fb317ce7d255c8a4c3f4af30e298aa1aab","http.request.useragent":"docker/18.05.0-ce go/go1.10.1 git-commit/f150324 kernel/4.9.93-linuxkit-aufs os/linux arch/amd64 UpstreamClient(Docker-Client/18.05.0-ce \\(darwin\\))","http.response.duration":"698.93206ms","http.response.status":201,"http.response.written":0,"level":"info","msg":"response completed","time":"2018-07-11T19:33:31.827078518Z"}
2018-07-11T19:33:31.997051956Z {"go.version":"go1.8.3","http.request.host":"dtr.jswann.dockerps.io","http.request.id":"5320aee3-6696-422b-9334-c15e60213c57","http.request.method":"HEAD","http.request.remoteaddr":"172.31.59.242","http.request.uri":"/v2/webapp/alpine/blobs/sha256:11cd0b38bc3ceb958ffb2f9bd70be3fb317ce7d255c8a4c3f4af30e298aa1aab","http.request.useragent":"docker/18.05.0-ce go/go1.10.1 git-commit/f150324 kernel/4.9.93-linuxkit-aufs os/linux arch/amd64 UpstreamClient(Docker-Client/18.05.0-ce \\(darwin\\))","http.response.contenttype":"application/octet-stream","http.response.duration":"92.185487ms","http.response.status":307,"http.response.written":0,"level":"info","msg":"response completed","time":"2018-07-11T19:33:31.996682691Z"}
2018-07-11T19:33:31.997229873Z 10.1.0.29 - - [11/Jul/2018:19:33:31 +0000] "HEAD /v2/webapp/alpine/blobs/sha256:11cd0b38bc3ceb958ffb2f9bd70be3fb317ce7d255c8a4c3f4af30e298aa1aab HTTP/1.1" 307 0 "" "docker/18.05.0-ce go/go1.10.1 git-commit/f150324 kernel/4.9.93-linuxkit-aufs os/linux arch/amd64 UpstreamClient(Docker-Client/18.05.0-ce \\(darwin\\))"
2018-07-11T19:33:32.533413975Z {"auth.user.name":"513b607f-8d3f-477d-b002-e525b36de89d","go.version":"go1.8.3","http.request.contenttype":"application/vnd.docker.distribution.manifest.v2+json","http.request.host":"dtr.jswann.dockerps.io","http.request.id":"2b6af1b0-eb9b-40d4-8d42-4ef6a848683d","http.request.method":"PUT","http.request.remoteaddr":"172.31.59.242","http.request.uri":"/v2/webapp/alpine/manifests/latest","http.request.useragent":"docker/18.05.0-ce go/go1.10.1 git-commit/f150324 kernel/4.9.93-linuxkit-aufs os/linux arch/amd64 UpstreamClient(Docker-Client/18.05.0-ce \\(darwin\\))","level":"info","msg":"dispatching manifest put payload","payload":{"namespace":"webapp","repository":"alpine","digest":"sha256:0873c923e00e0fd2ba78041bfb64a105e1ecb7678916d1f7776311e45bf5634b","imageName":"webapp/alpine@sha256:0873c923e00e0fd2ba78041bfb64a105e1ecb7678916d1f7776311e45bf5634b","os":"linux","architecture":"amd64","author":"jswann","pushedAt":"2018-07-11T19:33:32.450710067Z"},"time":"2018-07-11T19:33:32.533134879Z","vars.name":"webapp/alpine","vars.reference":"latest"}
2018-07-11T19:33:32.553706819Z {"go.version":"go1.8.3","http.request.contenttype":"application/vnd.docker.distribution.manifest.v2+json","http.request.host":"dtr.jswann.dockerps.io","http.request.id":"2b6af1b0-eb9b-40d4-8d42-4ef6a848683d","http.request.method":"PUT","http.request.remoteaddr":"172.31.59.242","http.request.uri":"/v2/webapp/alpine/manifests/latest","http.request.useragent":"docker/18.05.0-ce go/go1.10.1 git-commit/f150324 kernel/4.9.93-linuxkit-aufs os/linux arch/amd64 UpstreamClient(Docker-Client/18.05.0-ce \\(darwin\\))","http.response.duration":"273.397168ms","http.response.status":201,"http.response.written":0,"level":"info","msg":"response completed","time":"2018-07-11T19:33:32.553014032Z"}
2018-07-11T19:33:32.553843921Z 10.1.0.29 - - [11/Jul/2018:19:33:32 +0000] "PUT /v2/webapp/alpine/manifests/latest HTTP/1.1" 201 0 "" "docker/18.05.0-ce go/go1.10.1 git-commit/f150324 kernel/4.9.93-linuxkit-aufs os/linux arch/amd64 UpstreamClient(Docker-Client/18.05.0-ce \\(darwin\\))"
2018-07-11T19:33:32.617107300Z {"auth.user.name":"513b607f-8d3f-477d-b002-e525b36de89d","go.version":"go1.8.3","http.request.contenttype":"application/vnd.docker.distribution.manifest.v2+json","http.request.host":"dtr.jswann.dockerps.io","http.request.id":"2b6af1b0-eb9b-40d4-8d42-4ef6a848683d","http.request.method":"PUT","http.request.remoteaddr":"172.31.59.242","http.request.uri":"/v2/webapp/alpine/manifests/latest","http.request.useragent":"docker/18.05.0-ce go/go1.10.1 git-commit/f150324 kernel/4.9.93-linuxkit-aufs os/linux arch/amd64 UpstreamClient(Docker-Client/18.05.0-ce \\(darwin\\))","level":"info","msg":"dispatching tag payload","payload":{"namespace":"webapp","repository":"alpine","tag":"latest","digest":"sha256:0873c923e00e0fd2ba78041bfb64a105e1ecb7678916d1f7776311e45bf5634b","imageName":"webapp/alpine:latest","os":"linux","architecture":"amd64","author":"jswann","pushedAt":"2018-07-11T19:33:32.578322456Z"},"time":"2018-07-11T19:33:32.616687605Z","vars.name":"webapp/alpine","vars.reference":"latest"}
2018-07-11T19:37:32.083597769Z {"go.version":"go1.8.3","http.request.host":"dtr.jswann.dockerps.io","http.request.id":"6a25de6a-771c-4895-8a08-7f0a60d12f8a","http.request.method":"GET","http.request.remoteaddr":"172.31.2.244","http.request.uri":"/v2/","http.request.useragent":"docker/18.05.0-ce go/go1.10.1 git-commit/f150324 kernel/4.9.93-linuxkit-aufs os/linux arch/amd64 UpstreamClient(Docker-Client/18.05.0-ce \\(darwin\\))","level":"warning","msg":"error authorizing context: authorization token required","time":"2018-07-11T19:37:32.083275605Z"}
2018-07-11T19:37:32.083743388Z 10.1.0.29 - - [11/Jul/2018:19:37:32 +0000] "GET /v2/ HTTP/1.1" 401 87 "" "docker/18.05.0-ce go/go1.10.1 git-commit/f150324 kernel/4.9.93-linuxkit-aufs os/linux arch/amd64 UpstreamClient(Docker-Client/18.05.0-ce \\(darwin\\))"
2018-07-11T19:37:32.320126424Z {"auth.user.name":"513b607f-8d3f-477d-b002-e525b36de89d","err.code":"blob unknown","err.detail":"sha256:a470862432e25d67bf931360b42e2632119c038c1df9b518c16461434f7c117e","err.message":"blob unknown to registry","go.version":"go1.8.3","http.request.host":"dtr.jswann.dockerps.io","http.request.id":"04bb17c1-6d57-4da7-8397-a6f049de1c21","http.request.method":"HEAD","http.request.remoteaddr":"172.31.2.244","http.request.uri":"/v2/jswann/test/blobs/sha256:a470862432e25d67bf931360b42e2632119c038c1df9b518c16461434f7c117e","http.request.useragent":"docker/18.05.0-ce go/go1.10.1 git-commit/f150324 kernel/4.9.93-linuxkit-aufs os/linux arch/amd64 UpstreamClient(Docker-Client/18.05.0-ce \\(darwin\\))","http.response.contenttype":"application/json; charset=utf-8","http.response.duration":"33.355223ms","http.response.status":404,"http.response.written":157,"level":"error","msg":"response completed with error","time":"2018-07-11T19:37:32.319903844Z","vars.digest":"sha256:a470862432e25d67bf931360b42e2632119c038c1df9b518c16461434f7c117e","vars.name":"jswann/test"}
2018-07-11T19:37:32.320280375Z 10.1.0.29 - - [11/Jul/2018:19:37:32 +0000] "HEAD /v2/jswann/test/blobs/sha256:a470862432e25d67bf931360b42e2632119c038c1df9b518c16461434f7c117e HTTP/1.1" 404 157 "" "docker/18.05.0-ce go/go1.10.1 git-commit/f150324 kernel/4.9.93-linuxkit-aufs os/linux arch/amd64 UpstreamClient(Docker-Client/18.05.0-ce \\(darwin\\))"
2018-07-11T19:37:32.321562590Z {"auth.user.name":"513b607f-8d3f-477d-b002-e525b36de89d","err.code":"blob unknown","err.detail":"sha256:683abbb4ea60e108164f1d351e7bcf13daf45941137d800086447874df05f48e","err.message":"blob unknown to registry","go.version":"go1.8.3","http.request.host":"dtr.jswann.dockerps.io","http.request.id":"a4c6b830-916a-4f8a-9f23-3cab528f3cda","http.request.method":"HEAD","http.request.remoteaddr":"172.31.2.244","http.request.uri":"/v2/jswann/test/blobs/sha256:683abbb4ea60e108164f1d351e7bcf13daf45941137d800086447874df05f48e","http.request.useragent":"docker/18.05.0-ce go/go1.10.1 git-commit/f150324 kernel/4.9.93-linuxkit-aufs os/linux arch/amd64 UpstreamClient(Docker-Client/18.05.0-ce \\(darwin\\))","http.response.contenttype":"application/json; charset=utf-8","http.response.duration":"40.607882ms","http.response.status":404,"http.response.written":157,"level":"error","msg":"response completed with error","time":"2018-07-11T19:37:32.321292851Z","vars.digest":"sha256:683abbb4ea60e108164f1d351e7bcf13daf45941137d800086447874df05f48e","vars.name":"jswann/test"}
2018-07-11T19:37:32.321779999Z 10.1.0.29 - - [11/Jul/2018:19:37:32 +0000] "HEAD /v2/jswann/test/blobs/sha256:683abbb4ea60e108164f1d351e7bcf13daf45941137d800086447874df05f48e HTTP/1.1" 404 157 "" "docker/18.05.0-ce go/go1.10.1 git-commit/f150324 kernel/4.9.93-linuxkit-aufs os/linux arch/amd64 UpstreamClient(Docker-Client/18.05.0-ce \\(darwin\\))"
2018-07-11T19:37:32.333925010Z {"auth.user.name":"513b607f-8d3f-477d-b002-e525b36de89d","err.code":"blob unknown","err.detail":"sha256:977375e58a31f6fbc93cc3bd632b1368121458332b8f602658f9bee8caf9b4ea","err.message":"blob unknown to registry","go.version":"go1.8.3","http.request.host":"dtr.jswann.dockerps.io","http.request.id":"a4ef19aa-319d-4394-af8b-7039339a512a","http.request.method":"HEAD","http.request.remoteaddr":"172.31.2.244","http.request.uri":"/v2/jswann/test/blobs/sha256:977375e58a31f6fbc93cc3bd632b1368121458332b8f602658f9bee8caf9b4ea","http.request.useragent":"docker/18.05.0-ce go/go1.10.1 git-commit/f150324 kernel/4.9.93-linuxkit-aufs os/linux arch/amd64 UpstreamClient(Docker-Client/18.05.0-ce \\(darwin\\))","http.response.contenttype":"application/json; charset=utf-8","http.response.duration":"51.438923ms","http.response.status":404,"http.response.written":157,"level":"error","msg":"response completed with error","time":"2018-07-11T19:37:32.333592787Z","vars.digest":"sha256:977375e58a31f6fbc93cc3bd632b1368121458332b8f602658f9bee8caf9b4ea","vars.name":"jswann/test"}
2018-07-11T19:37:32.334078239Z 10.1.0.29 - - [11/Jul/2018:19:37:32 +0000] "HEAD /v2/jswann/test/blobs/sha256:977375e58a31f6fbc93cc3bd632b1368121458332b8f602658f9bee8caf9b4ea HTTP/1.1" 404 157 "" "docker/18.05.0-ce go/go1.10.1 git-commit/f150324 kernel/4.9.93-linuxkit-aufs os/linux arch/amd64 UpstreamClient(Docker-Client/18.05.0-ce \\(darwin\\))"
2018-07-11T19:37:32.444352709Z 10.1.0.29 - - [11/Jul/2018:19:37:32 +0000] "POST /v2/jswann/test/blobs/uploads/ HTTP/1.1" 202 0 "" "docker/18.05.0-ce go/go1.10.1 git-commit/f150324 kernel/4.9.93-linuxkit-aufs os/linux arch/amd64 UpstreamClient(Docker-Client/18.05.0-ce \\(darwin\\))"
2018-07-11T19:37:32.444355150Z {"go.version":"go1.8.3","http.request.host":"dtr.jswann.dockerps.io","http.request.id":"1bc8d992-e504-43de-b5fd-626aba25e7c0","http.request.method":"POST","http.request.remoteaddr":"172.31.2.244","http.request.uri":"/v2/jswann/test/blobs/uploads/","http.request.useragent":"docker/18.05.0-ce go/go1.10.1 git-commit/f150324 kernel/4.9.93-linuxkit-aufs os/linux arch/amd64 UpstreamClient(Docker-Client/18.05.0-ce \\(darwin\\))","http.response.duration":"55.611465ms","http.response.status":202,"http.response.written":0,"level":"info","msg":"response completed","time":"2018-07-11T19:37:32.44402832Z"}
2018-07-11T19:37:32.449195915Z 10.1.0.29 - - [11/Jul/2018:19:37:32 +0000] "POST /v2/jswann/test/blobs/uploads/ HTTP/1.1" 202 0 "" "docker/18.05.0-ce go/go1.10.1 git-commit/f150324 kernel/4.9.93-linuxkit-aufs os/linux arch/amd64 UpstreamClient(Docker-Client/18.05.0-ce \\(darwin\\))"
2018-07-11T19:37:32.449231390Z {"go.version":"go1.8.3","http.request.host":"dtr.jswann.dockerps.io","http.request.id":"d7a54e09-a602-406d-8159-73ffc4774787","http.request.method":"POST","http.request.remoteaddr":"172.31.2.244","http.request.uri":"/v2/jswann/test/blobs/uploads/","http.request.useragent":"docker/18.05.0-ce go/go1.10.1 git-commit/f150324 kernel/4.9.93-linuxkit-aufs os/linux arch/amd64 UpstreamClient(Docker-Client/18.05.0-ce \\(darwin\\))","http.response.duration":"50.722854ms","http.response.status":202,"http.response.written":0,"level":"info","msg":"response completed","time":"2018-07-11T19:37:32.448904587Z"}
2018-07-11T19:37:32.453138081Z 10.1.0.29 - - [11/Jul/2018:19:37:32 +0000] "POST /v2/jswann/test/blobs/uploads/ HTTP/1.1" 202 0 "" "docker/18.05.0-ce go/go1.10.1 git-commit/f150324 kernel/4.9.93-linuxkit-aufs os/linux arch/amd64 UpstreamClient(Docker-Client/18.05.0-ce \\(darwin\\))"
2018-07-11T19:37:32.453282887Z {"go.version":"go1.8.3","http.request.host":"dtr.jswann.dockerps.io","http.request.id":"c6e2334d-5c9a-4f92-91c0-23b4e62feccd","http.request.method":"POST","http.request.remoteaddr":"172.31.2.244","http.request.uri":"/v2/jswann/test/blobs/uploads/","http.request.useragent":"docker/18.05.0-ce go/go1.10.1 git-commit/f150324 kernel/4.9.93-linuxkit-aufs os/linux arch/amd64 UpstreamClient(Docker-Client/18.05.0-ce \\(darwin\\))","http.response.duration":"62.803681ms","http.response.status":202,"http.response.written":0,"level":"info","msg":"response completed","time":"2018-07-11T19:37:32.453002271Z"}
2018-07-11T19:37:32.663412024Z {"go.version":"go1.8.3","http.request.host":"dtr.jswann.dockerps.io","http.request.id":"8e8aae62-c6eb-4405-be39-84a1bcb2aeed","http.request.method":"PATCH","http.request.remoteaddr":"172.31.2.244","http.request.uri":"/v2/jswann/test/blobs/uploads/bd9db622-cbd0-4c21-b60f-2a10ef452410?_state=I1PH60cxldl5Sz7lqTh2tQqFW6XRbepHzkhA0GyzUbp7Ik5hbWUiOiJqc3dhbm4vdGVzdCIsIlVVSUQiOiJiZDlkYjYyMi1jYmQwLTRjMjEtYjYwZi0yYTEwZWY0NTI0MTAiLCJPZmZzZXQiOjAsIlN0YXJ0ZWRBdCI6IjIwMTgtMDctMTFUMTk6Mzc6MzIuMzk5NTg5MzE0WiJ9","http.request.useragent":"docker/18.05.0-ce go/go1.10.1 git-commit/f150324 kernel/4.9.93-linuxkit-aufs os/linux arch/amd64 UpstreamClient(Docker-Client/18.05.0-ce \\(darwin\\))","http.response.duration":"111.246103ms","http.response.status":202,"http.response.written":0,"level":"info","msg":"response completed","time":"2018-07-11T19:37:32.663098001Z"}
2018-07-11T19:37:32.663429186Z 10.1.0.29 - - [11/Jul/2018:19:37:32 +0000] "PATCH /v2/jswann/test/blobs/uploads/bd9db622-cbd0-4c21-b60f-2a10ef452410?_state=I1PH60cxldl5Sz7lqTh2tQqFW6XRbepHzkhA0GyzUbp7Ik5hbWUiOiJqc3dhbm4vdGVzdCIsIlVVSUQiOiJiZDlkYjYyMi1jYmQwLTRjMjEtYjYwZi0yYTEwZWY0NTI0MTAiLCJPZmZzZXQiOjAsIlN0YXJ0ZWRBdCI6IjIwMTgtMDctMTFUMTk6Mzc6MzIuMzk5NTg5MzE0WiJ9 HTTP/1.1" 202 0 "" "docker/18.05.0-ce go/go1.10.1 git-commit/f150324 kernel/4.9.93-linuxkit-aufs os/linux arch/amd64 UpstreamClient(Docker-Client/18.05.0-ce \\(darwin\\))"
2018-07-11T19:37:33.754448299Z {"go.version":"go1.8.3","http.request.host":"dtr.jswann.dockerps.io","http.request.id":"0332fdc6-ae73-4e4e-8e0d-8ce6d75990de","http.request.method":"PUT","http.request.remoteaddr":"172.31.2.244","http.request.uri":"/v2/jswann/test/blobs/uploads/bd9db622-cbd0-4c21-b60f-2a10ef452410?_state=C7oxfoyaRYQ63aC-3UtINcw6e8iat9k_Q5kYyUGMgcZ7Ik5hbWUiOiJqc3dhbm4vdGVzdCIsIlVVSUQiOiJiZDlkYjYyMi1jYmQwLTRjMjEtYjYwZi0yYTEwZWY0NTI0MTAiLCJPZmZzZXQiOjIwNCwiU3RhcnRlZEF0IjoiMjAxOC0wNy0xMVQxOTozNzozMloifQ%3D%3D\u0026digest=sha256%3A977375e58a31f6fbc93cc3bd632b1368121458332b8f602658f9bee8caf9b4ea","http.request.useragent":"docker/18.05.0-ce go/go1.10.1 git-commit/f150324 kernel/4.9.93-linuxkit-aufs os/linux arch/amd64 UpstreamClient(Docker-Client/18.05.0-ce \\(darwin\\))","http.response.duration":"340.510217ms","http.response.status":201,"http.response.written":0,"level":"info","msg":"response completed","time":"2018-07-11T19:37:33.754175824Z"}
2018-07-11T19:37:33.754446870Z 10.1.0.29 - - [11/Jul/2018:19:37:33 +0000] "PUT /v2/jswann/test/blobs/uploads/bd9db622-cbd0-4c21-b60f-2a10ef452410?_state=C7oxfoyaRYQ63aC-3UtINcw6e8iat9k_Q5kYyUGMgcZ7Ik5hbWUiOiJqc3dhbm4vdGVzdCIsIlVVSUQiOiJiZDlkYjYyMi1jYmQwLTRjMjEtYjYwZi0yYTEwZWY0NTI0MTAiLCJPZmZzZXQiOjIwNCwiU3RhcnRlZEF0IjoiMjAxOC0wNy0xMVQxOTozNzozMloifQ%3D%3D&digest=sha256%3A977375e58a31f6fbc93cc3bd632b1368121458332b8f602658f9bee8caf9b4ea HTTP/1.1" 201 0 "" "docker/18.05.0-ce go/go1.10.1 git-commit/f150324 kernel/4.9.93-linuxkit-aufs os/linux arch/amd64 UpstreamClient(Docker-Client/18.05.0-ce \\(darwin\\))"
2018-07-11T19:37:34.145691484Z {"go.version":"go1.8.3","http.request.host":"dtr.jswann.dockerps.io","http.request.id":"03a4a6b9-4ebc-4a31-a6f2-89b3c27b276f","http.request.method":"HEAD","http.request.remoteaddr":"172.31.2.244","http.request.uri":"/v2/jswann/test/blobs/sha256:977375e58a31f6fbc93cc3bd632b1368121458332b8f602658f9bee8caf9b4ea","http.request.useragent":"docker/18.05.0-ce go/go1.10.1 git-commit/f150324 kernel/4.9.93-linuxkit-aufs os/linux arch/amd64 UpstreamClient(Docker-Client/18.05.0-ce \\(darwin\\))","http.response.contenttype":"application/octet-stream","http.response.duration":"95.715961ms","http.response.status":307,"http.response.written":0,"level":"info","msg":"response completed","time":"2018-07-11T19:37:34.145180377Z"}
2018-07-11T19:37:34.145749993Z 10.1.0.29 - - [11/Jul/2018:19:37:34 +0000] "HEAD /v2/jswann/test/blobs/sha256:977375e58a31f6fbc93cc3bd632b1368121458332b8f602658f9bee8caf9b4ea HTTP/1.1" 307 0 "" "docker/18.05.0-ce go/go1.10.1 git-commit/f150324 kernel/4.9.93-linuxkit-aufs os/linux arch/amd64 UpstreamClient(Docker-Client/18.05.0-ce \\(darwin\\))"
2018-07-11T19:37:40.061603676Z {"go.version":"go1.8.3","http.request.host":"dtr.jswann.dockerps.io","http.request.id":"1d4409fe-be5d-4f2b-897c-74ee71d1058f","http.request.method":"PATCH","http.request.remoteaddr":"172.31.2.244","http.request.uri":"/v2/jswann/test/blobs/uploads/18361be0-2c6f-43c5-9f95-9f367309387d?_state=hO7Ha38cqgiVmtSnnMCs3dMvi67dlEeq2D26MVbDTuF7Ik5hbWUiOiJqc3dhbm4vdGVzdCIsIlVVSUQiOiIxODM2MWJlMC0yYzZmLTQzYzUtOWY5NS05ZjM2NzMwOTM4N2QiLCJPZmZzZXQiOjAsIlN0YXJ0ZWRBdCI6IjIwMTgtMDctMTFUMTk6Mzc6MzIuMzkwMDY0NjEyWiJ9","http.request.useragent":"docker/18.05.0-ce go/go1.10.1 git-commit/f150324 kernel/4.9.93-linuxkit-aufs os/linux arch/amd64 UpstreamClient(Docker-Client/18.05.0-ce \\(darwin\\))","http.response.duration":"7.539443218s","http.response.status":202,"http.response.written":0,"level":"info","msg":"response completed","time":"2018-07-11T19:37:40.061345587Z"}
2018-07-11T19:37:40.061756786Z 10.1.0.29 - - [11/Jul/2018:19:37:32 +0000] "PATCH /v2/jswann/test/blobs/uploads/18361be0-2c6f-43c5-9f95-9f367309387d?_state=hO7Ha38cqgiVmtSnnMCs3dMvi67dlEeq2D26MVbDTuF7Ik5hbWUiOiJqc3dhbm4vdGVzdCIsIlVVSUQiOiIxODM2MWJlMC0yYzZmLTQzYzUtOWY5NS05ZjM2NzMwOTM4N2QiLCJPZmZzZXQiOjAsIlN0YXJ0ZWRBdCI6IjIwMTgtMDctMTFUMTk6Mzc6MzIuMzkwMDY0NjEyWiJ9 HTTP/1.1" 202 0 "" "docker/18.05.0-ce go/go1.10.1 git-commit/f150324 kernel/4.9.93-linuxkit-aufs os/linux arch/amd64 UpstreamClient(Docker-Client/18.05.0-ce \\(darwin\\))"
2018-07-11T19:37:40.724223983Z 10.1.0.29 - - [11/Jul/2018:19:37:32 +0000] "PATCH /v2/jswann/test/blobs/uploads/ee456553-9c26-4e4b-af0b-8991e520e010?_state=DgWk1lAv2ddY-ujK6joJe7qsP7-hmnBLAfdbrR6TvGJ7Ik5hbWUiOiJqc3dhbm4vdGVzdCIsIlVVSUQiOiJlZTQ1NjU1My05YzI2LTRlNGItYWYwYi04OTkxZTUyMGUwMTAiLCJPZmZzZXQiOjAsIlN0YXJ0ZWRBdCI6IjIwMTgtMDctMTFUMTk6Mzc6MzIuMzk0MDEzNTA2WiJ9 HTTP/1.1" 202 0 "" "docker/18.05.0-ce go/go1.10.1 git-commit/f150324 kernel/4.9.93-linuxkit-aufs os/linux arch/amd64 UpstreamClient(Docker-Client/18.05.0-ce \\(darwin\\))"
2018-07-11T19:37:40.724344918Z {"go.version":"go1.8.3","http.request.host":"dtr.jswann.dockerps.io","http.request.id":"76de3135-d8e2-48d8-befe-a3b7f631048d","http.request.method":"PATCH","http.request.remoteaddr":"172.31.2.244","http.request.uri":"/v2/jswann/test/blobs/uploads/ee456553-9c26-4e4b-af0b-8991e520e010?_state=DgWk1lAv2ddY-ujK6joJe7qsP7-hmnBLAfdbrR6TvGJ7Ik5hbWUiOiJqc3dhbm4vdGVzdCIsIlVVSUQiOiJlZTQ1NjU1My05YzI2LTRlNGItYWYwYi04OTkxZTUyMGUwMTAiLCJPZmZzZXQiOjAsIlN0YXJ0ZWRBdCI6IjIwMTgtMDctMTFUMTk6Mzc6MzIuMzk0MDEzNTA2WiJ9","http.request.useragent":"docker/18.05.0-ce go/go1.10.1 git-commit/f150324 kernel/4.9.93-linuxkit-aufs os/linux arch/amd64 UpstreamClient(Docker-Client/18.05.0-ce \\(darwin\\))","http.response.duration":"8.191799869s","http.response.status":202,"http.response.written":0,"level":"info","msg":"response completed","time":"2018-07-11T19:37:40.723966917Z"}
2018-07-11T19:37:40.987244117Z {"go.version":"go1.8.3","http.request.host":"dtr.jswann.dockerps.io","http.request.id":"bd563f2a-143a-46be-b422-82ef22effde3","http.request.method":"PUT","http.request.remoteaddr":"172.31.2.244","http.request.uri":"/v2/jswann/test/blobs/uploads/18361be0-2c6f-43c5-9f95-9f367309387d?_state=9ds7Dv1WtXto9hytJitAKbAOg0nHiysV2RBtUBlyOFl7Ik5hbWUiOiJqc3dhbm4vdGVzdCIsIlVVSUQiOiIxODM2MWJlMC0yYzZmLTQzYzUtOWY5NS05ZjM2NzMwOTM4N2QiLCJPZmZzZXQiOjIyMTM2NDEwLCJTdGFydGVkQXQiOiIyMDE4LTA3LTExVDE5OjM3OjMyWiJ9\u0026digest=sha256%3Aa470862432e25d67bf931360b42e2632119c038c1df9b518c16461434f7c117e","http.request.useragent":"docker/18.05.0-ce go/go1.10.1 git-commit/f150324 kernel/4.9.93-linuxkit-aufs os/linux arch/amd64 UpstreamClient(Docker-Client/18.05.0-ce \\(darwin\\))","http.response.duration":"849.724507ms","http.response.status":201,"http.response.written":0,"level":"info","msg":"response completed","time":"2018-07-11T19:37:40.986752936Z"}
2018-07-11T19:37:40.987315691Z 10.1.0.29 - - [11/Jul/2018:19:37:40 +0000] "PUT /v2/jswann/test/blobs/uploads/18361be0-2c6f-43c5-9f95-9f367309387d?_state=9ds7Dv1WtXto9hytJitAKbAOg0nHiysV2RBtUBlyOFl7Ik5hbWUiOiJqc3dhbm4vdGVzdCIsIlVVSUQiOiIxODM2MWJlMC0yYzZmLTQzYzUtOWY5NS05ZjM2NzMwOTM4N2QiLCJPZmZzZXQiOjIyMTM2NDEwLCJTdGFydGVkQXQiOiIyMDE4LTA3LTExVDE5OjM3OjMyWiJ9&digest=sha256%3Aa470862432e25d67bf931360b42e2632119c038c1df9b518c16461434f7c117e HTTP/1.1" 201 0 "" "docker/18.05.0-ce go/go1.10.1 git-commit/f150324 kernel/4.9.93-linuxkit-aufs os/linux arch/amd64 UpstreamClient(Docker-Client/18.05.0-ce \\(darwin\\))"
2018-07-11T19:37:41.127627274Z 10.1.0.29 - - [11/Jul/2018:19:37:41 +0000] "HEAD /v2/jswann/test/blobs/sha256:a470862432e25d67bf931360b42e2632119c038c1df9b518c16461434f7c117e HTTP/1.1" 307 0 "" "docker/18.05.0-ce go/go1.10.1 git-commit/f150324 kernel/4.9.93-linuxkit-aufs os/linux arch/amd64 UpstreamClient(Docker-Client/18.05.0-ce \\(darwin\\))"
2018-07-11T19:37:41.127658737Z {"go.version":"go1.8.3","http.request.host":"dtr.jswann.dockerps.io","http.request.id":"3c23713a-dc79-4363-a586-b24a8658b1be","http.request.method":"HEAD","http.request.remoteaddr":"172.31.2.244","http.request.uri":"/v2/jswann/test/blobs/sha256:a470862432e25d67bf931360b42e2632119c038c1df9b518c16461434f7c117e","http.request.useragent":"docker/18.05.0-ce go/go1.10.1 git-commit/f150324 kernel/4.9.93-linuxkit-aufs os/linux arch/amd64 UpstreamClient(Docker-Client/18.05.0-ce \\(darwin\\))","http.response.contenttype":"application/octet-stream","http.response.duration":"75.390441ms","http.response.status":307,"http.response.written":0,"level":"info","msg":"response completed","time":"2018-07-11T19:37:41.127307065Z"}
2018-07-11T19:37:41.974059476Z {"go.version":"go1.8.3","http.request.host":"dtr.jswann.dockerps.io","http.request.id":"86ba1f0d-e63e-4a33-a494-8f67bf9c8171","http.request.method":"PUT","http.request.remoteaddr":"172.31.2.244","http.request.uri":"/v2/jswann/test/blobs/uploads/ee456553-9c26-4e4b-af0b-8991e520e010?_state=c12j3rURWKRJK9-ecoA7xP5AtqVnitZceiPaNcBVH8B7Ik5hbWUiOiJqc3dhbm4vdGVzdCIsIlVVSUQiOiJlZTQ1NjU1My05YzI2LTRlNGItYWYwYi04OTkxZTUyMGUwMTAiLCJPZmZzZXQiOjIyNDk2OTc1LCJTdGFydGVkQXQiOiIyMDE4LTA3LTExVDE5OjM3OjMyWiJ9\u0026digest=sha256%3A683abbb4ea60e108164f1d351e7bcf13daf45941137d800086447874df05f48e","http.request.useragent":"docker/18.05.0-ce go/go1.10.1 git-commit/f150324 kernel/4.9.93-linuxkit-aufs os/linux arch/amd64 UpstreamClient(Docker-Client/18.05.0-ce \\(darwin\\))","http.response.duration":"1.182122874s","http.response.status":201,"http.response.written":0,"level":"info","msg":"response completed","time":"2018-07-11T19:37:41.973731141Z"}
2018-07-11T19:37:41.974068862Z 10.1.0.29 - - [11/Jul/2018:19:37:40 +0000] "PUT /v2/jswann/test/blobs/uploads/ee456553-9c26-4e4b-af0b-8991e520e010?_state=c12j3rURWKRJK9-ecoA7xP5AtqVnitZceiPaNcBVH8B7Ik5hbWUiOiJqc3dhbm4vdGVzdCIsIlVVSUQiOiJlZTQ1NjU1My05YzI2LTRlNGItYWYwYi04OTkxZTUyMGUwMTAiLCJPZmZzZXQiOjIyNDk2OTc1LCJTdGFydGVkQXQiOiIyMDE4LTA3LTExVDE5OjM3OjMyWiJ9&digest=sha256%3A683abbb4ea60e108164f1d351e7bcf13daf45941137d800086447874df05f48e HTTP/1.1" 201 0 "" "docker/18.05.0-ce go/go1.10.1 git-commit/f150324 kernel/4.9.93-linuxkit-aufs os/linux arch/amd64 UpstreamClient(Docker-Client/18.05.0-ce \\(darwin\\))"
2018-07-11T19:37:42.127643853Z {"go.version":"go1.8.3","http.request.host":"dtr.jswann.dockerps.io","http.request.id":"4ef57f66-bed3-400e-b8ad-458f9e1d2fec","http.request.method":"HEAD","http.request.remoteaddr":"172.31.2.244","http.request.uri":"/v2/jswann/test/blobs/sha256:683abbb4ea60e108164f1d351e7bcf13daf45941137d800086447874df05f48e","http.request.useragent":"docker/18.05.0-ce go/go1.10.1 git-commit/f150324 kernel/4.9.93-linuxkit-aufs os/linux arch/amd64 UpstreamClient(Docker-Client/18.05.0-ce \\(darwin\\))","http.response.contenttype":"application/octet-stream","http.response.duration":"87.839992ms","http.response.status":307,"http.response.written":0,"level":"info","msg":"response completed","time":"2018-07-11T19:37:42.127424667Z"}
2018-07-11T19:37:42.127713950Z 10.1.0.29 - - [11/Jul/2018:19:37:42 +0000] "HEAD /v2/jswann/test/blobs/sha256:683abbb4ea60e108164f1d351e7bcf13daf45941137d800086447874df05f48e HTTP/1.1" 307 0 "" "docker/18.05.0-ce go/go1.10.1 git-commit/f150324 kernel/4.9.93-linuxkit-aufs os/linux arch/amd64 UpstreamClient(Docker-Client/18.05.0-ce \\(darwin\\))"
2018-07-11T19:37:42.393360178Z {"auth.user.name":"513b607f-8d3f-477d-b002-e525b36de89d","err.code":"blob unknown","err.detail":"sha256:3c5a051232223f9ccf4a604d611696e98392648c9e567d3ecd2af881c9f93101","err.message":"blob unknown to registry","go.version":"go1.8.3","http.request.host":"dtr.jswann.dockerps.io","http.request.id":"d9077402-03d4-4799-819a-328ec1ba8d97","http.request.method":"HEAD","http.request.remoteaddr":"172.31.2.244","http.request.uri":"/v2/jswann/test/blobs/sha256:3c5a051232223f9ccf4a604d611696e98392648c9e567d3ecd2af881c9f93101","http.request.useragent":"docker/18.05.0-ce go/go1.10.1 git-commit/f150324 kernel/4.9.93-linuxkit-aufs os/linux arch/amd64 UpstreamClient(Docker-Client/18.05.0-ce \\(darwin\\))","http.response.contenttype":"application/json; charset=utf-8","http.response.duration":"10.561734ms","http.response.status":404,"http.response.written":157,"level":"error","msg":"response completed with error","time":"2018-07-11T19:37:42.393120722Z","vars.digest":"sha256:3c5a051232223f9ccf4a604d611696e98392648c9e567d3ecd2af881c9f93101","vars.name":"jswann/test"}
2018-07-11T19:37:42.393367922Z 10.1.0.29 - - [11/Jul/2018:19:37:42 +0000] "HEAD /v2/jswann/test/blobs/sha256:3c5a051232223f9ccf4a604d611696e98392648c9e567d3ecd2af881c9f93101 HTTP/1.1" 404 157 "" "docker/18.05.0-ce go/go1.10.1 git-commit/f150324 kernel/4.9.93-linuxkit-aufs os/linux arch/amd64 UpstreamClient(Docker-Client/18.05.0-ce \\(darwin\\))"
2018-07-11T19:37:42.495243240Z 10.1.0.29 - - [11/Jul/2018:19:37:42 +0000] "POST /v2/jswann/test/blobs/uploads/ HTTP/1.1" 202 0 "" "docker/18.05.0-ce go/go1.10.1 git-commit/f150324 kernel/4.9.93-linuxkit-aufs os/linux arch/amd64 UpstreamClient(Docker-Client/18.05.0-ce \\(darwin\\))"
2018-07-11T19:37:42.495392812Z {"go.version":"go1.8.3","http.request.host":"dtr.jswann.dockerps.io","http.request.id":"8f7bc1de-c4fa-43f1-85cc-dd4665e19710","http.request.method":"POST","http.request.remoteaddr":"172.31.2.244","http.request.uri":"/v2/jswann/test/blobs/uploads/","http.request.useragent":"docker/18.05.0-ce go/go1.10.1 git-commit/f150324 kernel/4.9.93-linuxkit-aufs os/linux arch/amd64 UpstreamClient(Docker-Client/18.05.0-ce \\(darwin\\))","http.response.duration":"40.030556ms","http.response.status":202,"http.response.written":0,"level":"info","msg":"response completed","time":"2018-07-11T19:37:42.494903492Z"}
2018-07-11T19:37:42.742552922Z 10.1.0.29 - - [11/Jul/2018:19:37:42 +0000] "PATCH /v2/jswann/test/blobs/uploads/cc46173f-3a76-4fb9-8e7b-2afb921e8d67?_state=b1XSnLFaKxXjzvAG5WLksS52PevOpAy11J6f0fk-K-17Ik5hbWUiOiJqc3dhbm4vdGVzdCIsIlVVSUQiOiJjYzQ2MTczZi0zYTc2LTRmYjktOGU3Yi0yYWZiOTIxZThkNjciLCJPZmZzZXQiOjAsIlN0YXJ0ZWRBdCI6IjIwMTgtMDctMTFUMTk6Mzc6NDIuNDU2MzcxMzM5WiJ9 HTTP/1.1" 202 0 "" "docker/18.05.0-ce go/go1.10.1 git-commit/f150324 kernel/4.9.93-linuxkit-aufs os/linux arch/amd64 UpstreamClient(Docker-Client/18.05.0-ce \\(darwin\\))"
2018-07-11T19:37:42.742646627Z {"go.version":"go1.8.3","http.request.host":"dtr.jswann.dockerps.io","http.request.id":"9458efb8-4709-4efa-9d74-540a6c6b7318","http.request.method":"PATCH","http.request.remoteaddr":"172.31.2.244","http.request.uri":"/v2/jswann/test/blobs/uploads/cc46173f-3a76-4fb9-8e7b-2afb921e8d67?_state=b1XSnLFaKxXjzvAG5WLksS52PevOpAy11J6f0fk-K-17Ik5hbWUiOiJqc3dhbm4vdGVzdCIsIlVVSUQiOiJjYzQ2MTczZi0zYTc2LTRmYjktOGU3Yi0yYWZiOTIxZThkNjciLCJPZmZzZXQiOjAsIlN0YXJ0ZWRBdCI6IjIwMTgtMDctMTFUMTk6Mzc6NDIuNDU2MzcxMzM5WiJ9","http.request.useragent":"docker/18.05.0-ce go/go1.10.1 git-commit/f150324 kernel/4.9.93-linuxkit-aufs os/linux arch/amd64 UpstreamClient(Docker-Client/18.05.0-ce \\(darwin\\))","http.response.duration":"179.90534ms","http.response.status":202,"http.response.written":0,"level":"info","msg":"response completed","time":"2018-07-11T19:37:42.742241967Z"}
2018-07-11T19:37:43.199439373Z {"go.version":"go1.8.3","http.request.host":"dtr.jswann.dockerps.io","http.request.id":"be386be0-9004-4963-9fc6-6676968b799a","http.request.method":"PUT","http.request.remoteaddr":"172.31.2.244","http.request.uri":"/v2/jswann/test/blobs/uploads/cc46173f-3a76-4fb9-8e7b-2afb921e8d67?_state=CeKyHlNHHJH5p3R1y5uszxmGZnf-iMXUM4IZLL52KAd7Ik5hbWUiOiJqc3dhbm4vdGVzdCIsIlVVSUQiOiJjYzQ2MTczZi0zYTc2LTRmYjktOGU3Yi0yYWZiOTIxZThkNjciLCJPZmZzZXQiOjYwMjIsIlN0YXJ0ZWRBdCI6IjIwMTgtMDctMTFUMTk6Mzc6NDJaIn0%3D\u0026digest=sha256%3A3c5a051232223f9ccf4a604d611696e98392648c9e567d3ecd2af881c9f93101","http.request.useragent":"docker/18.05.0-ce go/go1.10.1 git-commit/f150324 kernel/4.9.93-linuxkit-aufs os/linux arch/amd64 UpstreamClient(Docker-Client/18.05.0-ce \\(darwin\\))","http.response.duration":"390.624372ms","http.response.status":201,"http.response.written":0,"level":"info","msg":"response completed","time":"2018-07-11T19:37:43.199151488Z"}
2018-07-11T19:37:43.199455518Z 10.1.0.29 - - [11/Jul/2018:19:37:42 +0000] "PUT /v2/jswann/test/blobs/uploads/cc46173f-3a76-4fb9-8e7b-2afb921e8d67?_state=CeKyHlNHHJH5p3R1y5uszxmGZnf-iMXUM4IZLL52KAd7Ik5hbWUiOiJqc3dhbm4vdGVzdCIsIlVVSUQiOiJjYzQ2MTczZi0zYTc2LTRmYjktOGU3Yi0yYWZiOTIxZThkNjciLCJPZmZzZXQiOjYwMjIsIlN0YXJ0ZWRBdCI6IjIwMTgtMDctMTFUMTk6Mzc6NDJaIn0%3D&digest=sha256%3A3c5a051232223f9ccf4a604d611696e98392648c9e567d3ecd2af881c9f93101 HTTP/1.1" 201 0 "" "docker/18.05.0-ce go/go1.10.1 git-commit/f150324 kernel/4.9.93-linuxkit-aufs os/linux arch/amd64 UpstreamClient(Docker-Client/18.05.0-ce \\(darwin\\))"
2018-07-11T19:37:43.347636209Z {"go.version":"go1.8.3","http.request.host":"dtr.jswann.dockerps.io","http.request.id":"75be26ed-b5e4-44ce-bd16-45e39e0e7b3a","http.request.method":"HEAD","http.request.remoteaddr":"172.31.2.244","http.request.uri":"/v2/jswann/test/blobs/sha256:3c5a051232223f9ccf4a604d611696e98392648c9e567d3ecd2af881c9f93101","http.request.useragent":"docker/18.05.0-ce go/go1.10.1 git-commit/f150324 kernel/4.9.93-linuxkit-aufs os/linux arch/amd64 UpstreamClient(Docker-Client/18.05.0-ce \\(darwin\\))","http.response.contenttype":"application/octet-stream","http.response.duration":"84.144414ms","http.response.status":307,"http.response.written":0,"level":"info","msg":"response completed","time":"2018-07-11T19:37:43.347304869Z"}
2018-07-11T19:37:43.347707392Z 10.1.0.29 - - [11/Jul/2018:19:37:43 +0000] "HEAD /v2/jswann/test/blobs/sha256:3c5a051232223f9ccf4a604d611696e98392648c9e567d3ecd2af881c9f93101 HTTP/1.1" 307 0 "" "docker/18.05.0-ce go/go1.10.1 git-commit/f150324 kernel/4.9.93-linuxkit-aufs os/linux arch/amd64 UpstreamClient(Docker-Client/18.05.0-ce \\(darwin\\))"
2018-07-11T19:37:43.821774180Z {"auth.user.name":"513b607f-8d3f-477d-b002-e525b36de89d","go.version":"go1.8.3","http.request.contenttype":"application/vnd.docker.distribution.manifest.v2+json","http.request.host":"dtr.jswann.dockerps.io","http.request.id":"c9b582f7-f13a-4259-8694-94d14be2a697","http.request.method":"PUT","http.request.remoteaddr":"172.31.2.244","http.request.uri":"/v2/jswann/test/manifests/latest","http.request.useragent":"docker/18.05.0-ce go/go1.10.1 git-commit/f150324 kernel/4.9.93-linuxkit-aufs os/linux arch/amd64 UpstreamClient(Docker-Client/18.05.0-ce \\(darwin\\))","level":"info","msg":"dispatching manifest put payload","payload":{"namespace":"jswann","repository":"test","digest":"sha256:9af87a8467adcc5f77321b1ad97f692c909cb1a3eb1ca466b1c0e2dcdf4fe74e","imageName":"jswann/test@sha256:9af87a8467adcc5f77321b1ad97f692c909cb1a3eb1ca466b1c0e2dcdf4fe74e","os":"linux","architecture":"amd64","author":"jswann","pushedAt":"2018-07-11T19:37:43.773152919Z"},"time":"2018-07-11T19:37:43.821458491Z","vars.name":"jswann/test","vars.reference":"latest"}
2018-07-11T19:37:43.866009195Z 10.1.0.29 - - [11/Jul/2018:19:37:43 +0000] "PUT /v2/jswann/test/manifests/latest HTTP/1.1" 201 0 "" "docker/18.05.0-ce go/go1.10.1 git-commit/f150324 kernel/4.9.93-linuxkit-aufs os/linux arch/amd64 UpstreamClient(Docker-Client/18.05.0-ce \\(darwin\\))"
2018-07-11T19:37:43.866237301Z {"go.version":"go1.8.3","http.request.contenttype":"application/vnd.docker.distribution.manifest.v2+json","http.request.host":"dtr.jswann.dockerps.io","http.request.id":"c9b582f7-f13a-4259-8694-94d14be2a697","http.request.method":"PUT","http.request.remoteaddr":"172.31.2.244","http.request.uri":"/v2/jswann/test/manifests/latest","http.request.useragent":"docker/18.05.0-ce go/go1.10.1 git-commit/f150324 kernel/4.9.93-linuxkit-aufs os/linux arch/amd64 UpstreamClient(Docker-Client/18.05.0-ce \\(darwin\\))","http.response.duration":"309.591247ms","http.response.status":201,"http.response.written":0,"level":"info","msg":"response completed","time":"2018-07-11T19:37:43.865492662Z"}
2018-07-11T19:37:43.928398188Z {"auth.user.name":"513b607f-8d3f-477d-b002-e525b36de89d","go.version":"go1.8.3","http.request.contenttype":"application/vnd.docker.distribution.manifest.v2+json","http.request.host":"dtr.jswann.dockerps.io","http.request.id":"c9b582f7-f13a-4259-8694-94d14be2a697","http.request.method":"PUT","http.request.remoteaddr":"172.31.2.244","http.request.uri":"/v2/jswann/test/manifests/latest","http.request.useragent":"docker/18.05.0-ce go/go1.10.1 git-commit/f150324 kernel/4.9.93-linuxkit-aufs os/linux arch/amd64 UpstreamClient(Docker-Client/18.05.0-ce \\(darwin\\))","level":"info","msg":"dispatching tag payload","payload":{"namespace":"jswann","repository":"test","tag":"latest","digest":"sha256:9af87a8467adcc5f77321b1ad97f692c909cb1a3eb1ca466b1c0e2dcdf4fe74e","imageName":"jswann/test:latest","os":"linux","architecture":"amd64","author":"jswann","pushedAt":"2018-07-11T19:37:43.887556013Z"},"time":"2018-07-11T19:37:43.927866651Z","vars.name":"jswann/test","vars.reference":"latest"}
2018-07-12T18:25:37.018969847Z {"level":"info","msg":"PurgeUploads starting: olderThan=2018-07-05 18:25:37.018579619 +0000 UTC, actuallyDelete=true","time":"2018-07-12T18:25:37.018611802Z"}
2018-07-12T18:25:37.264195788Z {"level":"info","msg":"Purge uploads finished.  Num deleted=0, num errors=0","time":"2018-07-12T18:25:37.263875848Z"}
2018-07-12T18:25:37.264226426Z {"go.version":"go1.8.3","instance.id":"d98f7798-06ae-4eff-aa40-a17c60f3d7bc","level":"info","msg":"Starting upload purge in 24h0m0s","time":"2018-07-12T18:25:37.263915974Z","version":"v2.6.0+unknown"}
2018-07-13T18:25:37.264492523Z {"level":"info","msg":"PurgeUploads starting: olderThan=2018-07-06 18:25:37.264119865 +0000 UTC, actuallyDelete=true","time":"2018-07-13T18:25:37.264153342Z"}
2018-07-13T18:25:37.573423567Z {"level":"info","msg":"Purge uploads finished.  Num deleted=0, num errors=0","time":"2018-07-13T18:25:37.573165047Z"}
2018-07-13T18:25:37.573452333Z {"go.version":"go1.8.3","instance.id":"d98f7798-06ae-4eff-aa40-a17c60f3d7bc","level":"info","msg":"Starting upload purge in 24h0m0s","time":"2018-07-13T18:25:37.573203043Z","version":"v2.6.0+unknown"}
2018-07-14T18:25:37.573816311Z {"level":"info","msg":"PurgeUploads starting: olderThan=2018-07-07 18:25:37.573412632 +0000 UTC, actuallyDelete=true","time":"2018-07-14T18:25:37.573445888Z"}
2018-07-14T18:25:37.835472587Z {"level":"info","msg":"Purge uploads finished.  Num deleted=0, num errors=0","time":"2018-07-14T18:25:37.835141012Z"}
2018-07-14T18:25:37.835518870Z {"go.version":"go1.8.3","instance.id":"d98f7798-06ae-4eff-aa40-a17c60f3d7bc","level":"info","msg":"Starting upload purge in 24h0m0s","time":"2018-07-14T18:25:37.835182611Z","version":"v2.6.0+unknown"}
2018-07-15T18:25:37.835782736Z {"level":"info","msg":"PurgeUploads starting: olderThan=2018-07-08 18:25:37.835380113 +0000 UTC, actuallyDelete=true","time":"2018-07-15T18:25:37.835412891Z"}
2018-07-15T18:25:38.137707804Z {"level":"info","msg":"Purge uploads finished.  Num deleted=0, num errors=0","time":"2018-07-15T18:25:38.137453834Z"}
2018-07-15T18:25:38.137752568Z {"go.version":"go1.8.3","instance.id":"d98f7798-06ae-4eff-aa40-a17c60f3d7bc","level":"info","msg":"Starting upload purge in 24h0m0s","time":"2018-07-15T18:25:38.137494991Z","version":"v2.6.0+unknown"}
2018-07-16T18:25:38.139110159Z {"level":"info","msg":"PurgeUploads starting: olderThan=2018-07-09 18:25:38.137710748 +0000 UTC, actuallyDelete=true","time":"2018-07-16T18:25:38.137743217Z"}
2018-07-16T18:25:38.429309313Z {"level":"info","msg":"Purge uploads finished.  Num deleted=0, num errors=0","time":"2018-07-16T18:25:38.428969377Z"}
2018-07-16T18:25:38.429344507Z {"go.version":"go1.8.3","instance.id":"d98f7798-06ae-4eff-aa40-a17c60f3d7bc","level":"info","msg":"Starting upload purge in 24h0m0s","time":"2018-07-16T18:25:38.429028957Z","version":"v2.6.0+unknown"}
2018-07-17T18:25:38.429582432Z {"level":"info","msg":"PurgeUploads starting: olderThan=2018-07-10 18:25:38.429231856 +0000 UTC, actuallyDelete=true","time":"2018-07-17T18:25:38.429260984Z"}
2018-07-17T18:25:38.629315132Z {"level":"info","msg":"Purge uploads finished.  Num deleted=0, num errors=0","time":"2018-07-17T18:25:38.629010687Z"}
2018-07-17T18:25:38.629352435Z {"go.version":"go1.8.3","instance.id":"d98f7798-06ae-4eff-aa40-a17c60f3d7bc","level":"info","msg":"Starting upload purge in 24h0m0s","time":"2018-07-17T18:25:38.629048102Z","version":"v2.6.0+unknown"}
2018-07-18T18:25:38.629607993Z {"level":"info","msg":"PurgeUploads starting: olderThan=2018-07-11 18:25:38.629239128 +0000 UTC, actuallyDelete=true","time":"2018-07-18T18:25:38.629272105Z"}
2018-07-18T18:25:38.893660054Z {"level":"info","msg":"Purge uploads finished.  Num deleted=0, num errors=0","time":"2018-07-18T18:25:38.893332889Z"}
2018-07-18T18:25:38.893692688Z {"go.version":"go1.8.3","instance.id":"d98f7798-06ae-4eff-aa40-a17c60f3d7bc","level":"info","msg":"Starting upload purge in 24h0m0s","time":"2018-07-18T18:25:38.893373202Z","version":"v2.6.0+unknown"}
2018-07-19T18:25:38.893962753Z {"level":"info","msg":"PurgeUploads starting: olderThan=2018-07-12 18:25:38.893569948 +0000 UTC, actuallyDelete=true","time":"2018-07-19T18:25:38.893603849Z"}
2018-07-19T18:25:39.192669276Z {"level":"info","msg":"Purge uploads finished.  Num deleted=0, num errors=0","time":"2018-07-19T18:25:39.192384718Z"}
2018-07-19T18:25:39.192705979Z {"go.version":"go1.8.3","instance.id":"d98f7798-06ae-4eff-aa40-a17c60f3d7bc","level":"info","msg":"Starting upload purge in 24h0m0s","time":"2018-07-19T18:25:39.192454808Z","version":"v2.6.0+unknown"}
2018-07-20T18:25:39.193041806Z {"level":"info","msg":"PurgeUploads starting: olderThan=2018-07-13 18:25:39.192681523 +0000 UTC, actuallyDelete=true","time":"2018-07-20T18:25:39.192713676Z"}
2018-07-20T18:25:39.390000533Z {"level":"info","msg":"Purge uploads finished.  Num deleted=0, num errors=0","time":"2018-07-20T18:25:39.389738172Z"}
2018-07-20T18:25:39.390040118Z {"go.version":"go1.8.3","instance.id":"d98f7798-06ae-4eff-aa40-a17c60f3d7bc","level":"info","msg":"Starting upload purge in 24h0m0s","time":"2018-07-20T18:25:39.389777958Z","version":"v2.6.0+unknown"}
2018-07-21T10:03:49.140014596Z 10.1.0.29 - - [21/Jul/2018:10:03:49 +0000] "GET /v2/tickers?symbols=tBTCUSD HTTP/1.1" 404 19 "" ""
2018-07-21T18:25:39.390376086Z {"level":"info","msg":"PurgeUploads starting: olderThan=2018-07-14 18:25:39.389980178 +0000 UTC, actuallyDelete=true","time":"2018-07-21T18:25:39.390013428Z"}
2018-07-21T18:25:39.583193260Z {"level":"info","msg":"Purge uploads finished.  Num deleted=0, num errors=0","time":"2018-07-21T18:25:39.582967975Z"}
2018-07-21T18:25:39.583223332Z {"go.version":"go1.8.3","instance.id":"d98f7798-06ae-4eff-aa40-a17c60f3d7bc","level":"info","msg":"Starting upload purge in 24h0m0s","time":"2018-07-21T18:25:39.583023216Z","version":"v2.6.0+unknown"}
2018-07-22T18:25:39.583642706Z {"level":"info","msg":"PurgeUploads starting: olderThan=2018-07-15 18:25:39.583232885 +0000 UTC, actuallyDelete=true","time":"2018-07-22T18:25:39.583270401Z"}
2018-07-22T18:25:39.783409655Z {"level":"info","msg":"Purge uploads finished.  Num deleted=0, num errors=0","time":"2018-07-22T18:25:39.783120276Z"}
2018-07-22T18:25:39.783444739Z {"go.version":"go1.8.3","instance.id":"d98f7798-06ae-4eff-aa40-a17c60f3d7bc","level":"info","msg":"Starting upload purge in 24h0m0s","time":"2018-07-22T18:25:39.783159906Z","version":"v2.6.0+unknown"}
2018-07-23T18:25:39.783744126Z {"level":"info","msg":"PurgeUploads starting: olderThan=2018-07-16 18:25:39.78336851 +0000 UTC, actuallyDelete=true","time":"2018-07-23T18:25:39.78340027Z"}
2018-07-23T18:25:40.117096223Z {"level":"info","msg":"Purge uploads finished.  Num deleted=0, num errors=0","time":"2018-07-23T18:25:40.116766931Z"}
2018-07-23T18:25:40.117130270Z {"go.version":"go1.8.3","instance.id":"d98f7798-06ae-4eff-aa40-a17c60f3d7bc","level":"info","msg":"Starting upload purge in 24h0m0s","time":"2018-07-23T18:25:40.116811916Z","version":"v2.6.0+unknown"}
2018-07-24T18:25:40.117392216Z {"level":"info","msg":"PurgeUploads starting: olderThan=2018-07-17 18:25:40.117035884 +0000 UTC, actuallyDelete=true","time":"2018-07-24T18:25:40.117070569Z"}
2018-07-24T18:25:41.166348305Z {"level":"info","msg":"Purge uploads finished.  Num deleted=0, num errors=0","time":"2018-07-24T18:25:41.166054953Z"}
2018-07-24T18:25:41.166383953Z {"go.version":"go1.8.3","instance.id":"d98f7798-06ae-4eff-aa40-a17c60f3d7bc","level":"info","msg":"Starting upload purge in 24h0m0s","time":"2018-07-24T18:25:41.166094128Z","version":"v2.6.0+unknown"}
2018-07-25T18:25:41.166686711Z {"level":"info","msg":"PurgeUploads starting: olderThan=2018-07-18 18:25:41.166315756 +0000 UTC, actuallyDelete=true","time":"2018-07-25T18:25:41.166352422Z"}
2018-07-25T18:25:41.547814240Z {"level":"info","msg":"Purge uploads finished.  Num deleted=0, num errors=0","time":"2018-07-25T18:25:41.547468155Z"}
2018-07-25T18:25:41.547860084Z {"go.version":"go1.8.3","instance.id":"d98f7798-06ae-4eff-aa40-a17c60f3d7bc","level":"info","msg":"Starting upload purge in 24h0m0s","time":"2018-07-25T18:25:41.547509782Z","version":"v2.6.0+unknown"}
2018-07-26T18:25:41.548049162Z {"level":"info","msg":"PurgeUploads starting: olderThan=2018-07-19 18:25:41.547709824 +0000 UTC, actuallyDelete=true","time":"2018-07-26T18:25:41.547748505Z"}
2018-07-26T18:25:42.034993891Z {"level":"info","msg":"Purge uploads finished.  Num deleted=0, num errors=0","time":"2018-07-26T18:25:42.034660296Z"}
2018-07-26T18:25:42.035023997Z {"go.version":"go1.8.3","instance.id":"d98f7798-06ae-4eff-aa40-a17c60f3d7bc","level":"info","msg":"Starting upload purge in 24h0m0s","time":"2018-07-26T18:25:42.034701096Z","version":"v2.6.0+unknown"}
2018-07-27T18:25:42.035236402Z {"level":"info","msg":"PurgeUploads starting: olderThan=2018-07-20 18:25:42.034918945 +0000 UTC, actuallyDelete=true","time":"2018-07-27T18:25:42.03495562Z"}
2018-07-27T18:25:42.234503725Z {"level":"info","msg":"Purge uploads finished.  Num deleted=0, num errors=0","time":"2018-07-27T18:25:42.234178824Z"}
2018-07-27T18:25:42.234534580Z {"go.version":"go1.8.3","instance.id":"d98f7798-06ae-4eff-aa40-a17c60f3d7bc","level":"info","msg":"Starting upload purge in 24h0m0s","time":"2018-07-27T18:25:42.234220131Z","version":"v2.6.0+unknown"}
2018-07-28T18:25:42.234774411Z {"level":"info","msg":"PurgeUploads starting: olderThan=2018-07-21 18:25:42.234432501 +0000 UTC, actuallyDelete=true","time":"2018-07-28T18:25:42.234473924Z"}
2018-07-28T18:25:42.476215813Z {"level":"info","msg":"Purge uploads finished.  Num deleted=0, num errors=0","time":"2018-07-28T18:25:42.475966228Z"}
2018-07-28T18:25:42.476244182Z {"go.version":"go1.8.3","instance.id":"d98f7798-06ae-4eff-aa40-a17c60f3d7bc","level":"info","msg":"Starting upload purge in 24h0m0s","time":"2018-07-28T18:25:42.476031534Z","version":"v2.6.0+unknown"}
2018-07-29T18:25:42.476587916Z {"level":"info","msg":"PurgeUploads starting: olderThan=2018-07-22 18:25:42.476258652 +0000 UTC, actuallyDelete=true","time":"2018-07-29T18:25:42.476300312Z"}
2018-07-29T18:25:42.668678422Z {"level":"info","msg":"Purge uploads finished.  Num deleted=0, num errors=0","time":"2018-07-29T18:25:42.668398291Z"}
2018-07-29T18:25:42.668715200Z {"go.version":"go1.8.3","instance.id":"d98f7798-06ae-4eff-aa40-a17c60f3d7bc","level":"info","msg":"Starting upload purge in 24h0m0s","time":"2018-07-29T18:25:42.668439607Z","version":"v2.6.0+unknown"}
