k8s_install-cni_calico-node-ftttl_kube-system_ece28e3d-7595-11e8-b33c-0242ac110005_0
2018-06-21T20:59:03.556203195Z Installing any TLS assets from /calico-secrets
2018-06-21T20:59:03.602530824Z Wrote Calico CNI binaries to /host/opt/cni/bin
2018-06-21T20:59:03.660569135Z CNI plugin version: v2.0.0
2018-06-21T20:59:03.660589336Z /host/secondary-bin-dir is non-writeable, skipping
2018-06-21T20:59:03.667558704Z CNI config: {
2018-06-21T20:59:03.667573854Z     "cniVersion": "0.3.1",
2018-06-21T20:59:03.667580091Z     "name": "k8s-pod-network",
2018-06-21T20:59:03.667585578Z     "plugins": [
2018-06-21T20:59:03.667590754Z     {
2018-06-21T20:59:03.667595519Z             "type": "calico",
2018-06-21T20:59:03.667601019Z             "etcd_endpoints": "https://proxy.local:12378",
2018-06-21T20:59:03.667606824Z             "etcd_key_file": "/var/lib/docker/ucp/ucp-node-certs/key.pem",
2018-06-21T20:59:03.667615975Z             "etcd_cert_file": "/var/lib/docker/ucp/ucp-node-certs/cert.pem",
2018-06-21T20:59:03.667621340Z             "etcd_ca_cert_file": "/var/lib/docker/ucp/ucp-node-certs/ca.pem",
2018-06-21T20:59:03.667627136Z             "log_level": "info",
2018-06-21T20:59:03.667632303Z             "mtu": 1500,
2018-06-21T20:59:03.667637902Z             
2018-06-21T20:59:03.667643015Z             "ipam": {
2018-06-21T20:59:03.667648612Z                 "type": "calico-ipam"
2018-06-21T20:59:03.667656382Z             },
2018-06-21T20:59:03.667661427Z             
2018-06-21T20:59:03.667666516Z             "kubernetes": {
2018-06-21T20:59:03.667671734Z                 "kubeconfig": "/var/lib/docker/ucp/ucp-node-certs/kubeconfig"
2018-06-21T20:59:03.667677590Z             },
2018-06-21T20:59:03.667683103Z             "policy": {
2018-06-21T20:59:03.667688415Z                 "type": "k8s"
2018-06-21T20:59:03.667693865Z             }
2018-06-21T20:59:03.667698929Z         },
2018-06-21T20:59:03.667704025Z        	{
2018-06-21T20:59:03.667709659Z             "type": "portmap",
2018-06-21T20:59:03.667715579Z             "snat": true,
2018-06-21T20:59:03.667721324Z             "capabilities": {"portMappings": true}
2018-06-21T20:59:03.667727289Z        	}
2018-06-21T20:59:03.667732498Z     ]
2018-06-21T20:59:03.667737928Z }
2018-06-21T20:59:03.668858199Z Created CNI config 10-calico.conflist
2018-06-21T20:59:03.668873266Z Done configuring CNI.  Sleep=true
