ucp-reconcile
2018-06-22T15:27:13.177968673Z {"level":"info","msg":"Configuring node as agent with the following SANs: [127.0.0.1 172.31.12.152 localhost proxy.local ip-172-31-12-152.ec2.internal 174q5382xmnb2e5a2c4dwyb4g]","time":"2018-06-22T15:27:13Z"}
2018-06-22T15:27:13.178048375Z {"level":"info","msg":"Reconciling state of component Docker Proxy","time":"2018-06-22T15:27:13Z"}
2018-06-22T15:27:16.863273838Z {"level":"info","msg":"Reconciling state of component Certificates","time":"2018-06-22T15:27:16Z"}
2018-06-22T15:27:16.865699235Z {"level":"info","msg":"Reconciling state of component Concurrent [Client CA Cluster CA Analytics prometheus Kubelet Kubernetes Proxy Concurrent [ucp-agent-service ucp-agent-win-service ucp-agent-s390x-service] interlockservice [etcd Exclusive RethinkDB etcdmigration Concurrent [Swarm-Classic Manager eNZi API eNZi Worker Kubernetes Scheduler Kubernetes Controller Manager]]]","time":"2018-06-22T15:27:16Z"}
2018-06-22T15:27:16.865720295Z {"level":"info","msg":"successfully reconciled state of Cluster CA component","time":"2018-06-22T15:27:16Z"}
2018-06-22T15:27:16.865728309Z {"level":"info","msg":"successfully reconciled state of Client CA component","time":"2018-06-22T15:27:16Z"}
2018-06-22T15:27:16.872230039Z {"level":"info","msg":"Reconciling components [etcd Exclusive RethinkDB etcdmigration Concurrent [Swarm-Classic Manager eNZi API eNZi Worker Kubernetes Scheduler Kubernetes Controller Manager]]","time":"2018-06-22T15:27:16Z"}
2018-06-22T15:27:16.872249994Z {"level":"info","msg":"Reconciling state of component etcd","time":"2018-06-22T15:27:16Z"}
2018-06-22T15:27:16.872257424Z {"level":"info","msg":"Reconciling state of component Exclusive RethinkDB","time":"2018-06-22T15:27:16Z"}
2018-06-22T15:27:16.872264183Z {"level":"info","msg":"Reconciling state of component etcdmigration","time":"2018-06-22T15:27:16Z"}
2018-06-22T15:27:16.872271258Z {"level":"info","msg":"Reconciling state of component Concurrent [Swarm-Classic Manager eNZi API eNZi Worker Kubernetes Scheduler Kubernetes Controller Manager]","time":"2018-06-22T15:27:16Z"}
2018-06-22T15:27:16.872278372Z {"level":"info","msg":"successfully reconciled state of Kubernetes Controller Manager component","time":"2018-06-22T15:27:16Z"}
2018-06-22T15:27:16.872285170Z {"level":"info","msg":"successfully reconciled state of Swarm-Classic Manager component","time":"2018-06-22T15:27:16Z"}
2018-06-22T15:27:16.872291668Z {"level":"info","msg":"successfully reconciled state of eNZi API component","time":"2018-06-22T15:27:16Z"}
2018-06-22T15:27:16.872298021Z {"level":"info","msg":"successfully reconciled state of eNZi Worker component","time":"2018-06-22T15:27:16Z"}
2018-06-22T15:27:16.872304140Z {"level":"info","msg":"successfully reconciled state of Kubernetes Scheduler component","time":"2018-06-22T15:27:16Z"}
2018-06-22T15:27:16.872310325Z {"level":"info","msg":"successfully reconciled state of prometheus component","time":"2018-06-22T15:27:16Z"}
2018-06-22T15:27:16.872316817Z {"level":"info","msg":"successfully reconciled state of ucp-agent-s390x-service component. This component will enable UCP on s390x linux nodes if they are added to the cluster","time":"2018-06-22T15:27:16Z"}
2018-06-22T15:27:16.872334308Z {"level":"info","msg":"successfully reconciled state of ucp-agent-service component. This component will enable UCP on x86_64 linux nodes if they are added to the cluster","time":"2018-06-22T15:27:16Z"}
2018-06-22T15:27:16.872341905Z {"level":"info","msg":"successfully reconciled state of ucp-agent-win-service component. This component will enable UCP on x86_64 windows nodes if they are added to the cluster","time":"2018-06-22T15:27:16Z"}
2018-06-22T15:27:16.872349675Z {"level":"info","msg":"successfully reconciled state of [etcd Exclusive RethinkDB etcdmigration Concurrent [Swarm-Classic Manager eNZi API eNZi Worker Kubernetes Scheduler Kubernetes Controller Manager]] component","time":"2018-06-22T15:27:16Z"}
2018-06-22T15:27:16.872356540Z {"level":"info","msg":"successfully reconciled state of interlockservice component. This component will enable the interlock load balancing solution on the UCP cluster.","time":"2018-06-22T15:27:16Z"}
2018-06-22T15:27:16.872363172Z {"level":"info","msg":"successfully reconciled state of Concurrent [ucp-agent-service ucp-agent-win-service ucp-agent-s390x-service] component","time":"2018-06-22T15:27:16Z"}
2018-06-22T15:27:16.872369592Z {"level":"info","msg":"successfully reconciled state of Analytics component","time":"2018-06-22T15:27:16Z"}
2018-06-22T15:27:16.955534778Z {"level":"info","msg":"Starting up ucp-kubelet container","time":"2018-06-22T15:27:16Z"}
2018-06-22T15:27:16.960650889Z {"level":"info","msg":"Starting up ucp-kube-proxy container","time":"2018-06-22T15:27:16Z"}
2018-06-22T15:27:17.094029631Z {"level":"info","msg":"successfully reconciled state of Kubernetes Proxy component","time":"2018-06-22T15:27:17Z"}
2018-06-22T15:27:17.094058388Z {"level":"info","msg":"successfully reconciled state of Kubelet component","time":"2018-06-22T15:27:17Z"}
2018-06-22T15:27:17.094067483Z {"level":"info","msg":"Reconciling state of component Concurrent [Kubernetes API Server UCP Controller]","time":"2018-06-22T15:27:17Z"}
2018-06-22T15:27:17.094074355Z {"level":"info","msg":"successfully reconciled state of UCP Controller component","time":"2018-06-22T15:27:17Z"}
2018-06-22T15:27:17.094081112Z {"level":"info","msg":"successfully reconciled state of Kubernetes API Server component","time":"2018-06-22T15:27:17Z"}
2018-06-22T15:27:17.094087824Z {"level":"info","msg":"Reconciling state of component Kubernetes CNI Plugin","time":"2018-06-22T15:27:17Z"}
2018-06-22T15:27:17.094094376Z {"level":"info","msg":"Reconciling state of component Kubernetes addons","time":"2018-06-22T15:27:17Z"}
